#
# A fatal error has been detected by the Java Runtime Environment:
#
#  EXCEPTION_ACCESS_VIOLATION (0xc0000005) at pc=0x00007fff8c0d420d, pid=12916, tid=13592
#
# JRE version: OpenJDK Runtime Environment (11.0.10) (build 11.0.10+0-b96-7249189)
# Java VM: OpenJDK 64-Bit Server VM (11.0.10+0-b96-7249189, mixed mode, tiered, compressed oops, g1 gc, windows-amd64)
# Problematic frame:
# V  [jvm.dll+0x2d420d]
#
# No core dump will be written. Minidumps are not enabled by default on client versions of Windows
#
# If you would like to submit a bug report, please visit:
#   https://bugreport.java.com/bugreport/crash.jsp
#

---------------  S U M M A R Y ------------

Command Line: --add-opens=java.base/java.util=ALL-UNNAMED --add-opens=java.base/java.lang=ALL-UNNAMED --add-opens=java.base/java.lang.invoke=ALL-UNNAMED --add-opens=java.prefs/java.util.prefs=ALL-UNNAMED -Xmx2048m -Dfile.encoding=UTF-8 -Duser.country=CO -Duser.language=es -Duser.variant org.gradle.launcher.daemon.bootstrap.GradleDaemon 6.7.1

Host: Intel(R) Core(TM) i5-3470 CPU @ 3.20GHz, 4 cores, 11G,  Windows 10 , 64 bit Build 19041 (10.0.19041.1348)
Time: Thu Nov 25 20:53:30 2021 Hora est. Pacífico, Sudamérica elapsed time: 555.266297 seconds (0d 0h 9m 15s)

---------------  T H R E A D  ---------------

Current thread (0x000001bac09f0000):  GCTaskThread "GC Thread#2" [stack: 0x000000910c200000,0x000000910c300000] [id=13592]

Stack: [0x000000910c200000,0x000000910c300000],  sp=0x000000910c2ff070,  free space=1020k
Native frames: (J=compiled Java code, j=interpreted, Vv=VM code, C=native code)
V  [jvm.dll+0x2d420d]
V  [jvm.dll+0x2d3bcb]
V  [jvm.dll+0x2d19f8]
V  [jvm.dll+0x2fdb98]
V  [jvm.dll+0x2fd8ae]
V  [jvm.dll+0x30c177]
V  [jvm.dll+0x2ace4e]
V  [jvm.dll+0x2acd71]
V  [jvm.dll+0x2da2f5]
V  [jvm.dll+0x30dbb5]
V  [jvm.dll+0x30c9fd]
V  [jvm.dll+0x2dd418]
V  [jvm.dll+0x748da0]
V  [jvm.dll+0x6e3d45]
V  [jvm.dll+0x5ebe96]
C  [ucrtbase.dll+0x21bb2]
C  [KERNEL32.DLL+0x17034]
C  [ntdll.dll+0x52651]


siginfo: EXCEPTION_ACCESS_VIOLATION (0xc0000005), reading address 0x00000000000000f8


Register to memory mapping:

RIP=0x00007fff8c0d420d jvm.dll
RAX=0x000001baa3f83600 points into unknown readable memory: 0x0000000000000000 | 00 00 00 00 00 00 00 00
RBX=0x000001bac462f520 points into unknown readable memory: 0x00007fff8c6230f8 | f8 30 62 8c ff 7f 00 00
RCX=0x0 is NULL
RDX=0x000001baa3fe9590 points into unknown readable memory: 0x00007fff8c62aae0 | e0 aa 62 8c ff 7f 00 00
RSP=0x000000910c2ff070 points into unknown readable memory: 0x0000000000000011 | 11 00 00 00 00 00 00 00
RBP=0x000000000000000c is an unknown value
RSI=0x0000000083fb8c08 is pointing into object: [Ljava.lang.Object; 
{0x0000000083fb5b88} - klass: 'java/lang/Object'[]
 - length: 4000
RDI=0x000001bac462f690 points into unknown readable memory: 0x00007fff8c6230b0 | b0 30 62 8c ff 7f 00 00
R8 =0x0000000083fb8be0 is pointing into object: [Ljava.lang.Object; 
{0x0000000083fb5b88} - klass: 'java/lang/Object'[]
 - length: 4000
R9 =0x0000000000000100 is an unknown value
R10=0x0000000083fb8be0 is pointing into object: [Ljava.lang.Object; 
{0x0000000083fb5b88} - klass: 'java/lang/Object'[]
 - length: 4000
R11=0x000001bac462f690 points into unknown readable memory: 0x00007fff8c6230b0 | b0 30 62 8c ff 7f 00 00
R12=0x0 is NULL
R13=0x0000000000000001 is an unknown value
R14=0x000001baa3f753d0 points into unknown readable memory: 0x0000056000000765 | 65 07 00 00 60 05 00 00
R15=0x0000000000000040 is an unknown value


Registers:
RAX=0x000001baa3f83600, RBX=0x000001bac462f520, RCX=0x0000000000000000, RDX=0x000001baa3fe9590
RSP=0x000000910c2ff070, RBP=0x000000000000000c, RSI=0x0000000083fb8c08, RDI=0x000001bac462f690
R8 =0x0000000083fb8be0, R9 =0x0000000000000100, R10=0x0000000083fb8be0, R11=0x000001bac462f690
R12=0x0000000000000000, R13=0x0000000000000001, R14=0x000001baa3f753d0, R15=0x0000000000000040
RIP=0x00007fff8c0d420d, EFLAGS=0x0000000000010206

Top of Stack: (sp=0x000000910c2ff070)
0x000000910c2ff070:   0000000000000011 00007fff8c0d03fe
0x000000910c2ff080:   000000008195e200 000000008195e200
0x000000910c2ff090:   0000000083fb8be0 00007fff8c0d3bcb
0x000000910c2ff0a0:   0000000000000001 000001bac462f520
0x000000910c2ff0b0:   0000000000000040 000001baa3f753d0
0x000000910c2ff0c0:   000001baa3f75350 00007fff8c0d19f8
0x000000910c2ff0d0:   0000000000000764 000000910c2ff301
0x000000910c2ff0e0:   000001bac462f520 00007fff8c109d01
0x000000910c2ff0f0:   0000000000000c1c 000001baa3f753d0
0x000000910c2ff100:   000001bac462f520 00007fff8c0fdb98
0x000000910c2ff110:   000001baa3f75350 0000000000000764
0x000000910c2ff120:   000000910c2ff301 0000000083c6d600
0x000000910c2ff130:   000000910c2ff378 00000001000060b8
0x000000910c2ff140:   0000000000000000 00007fff8c3e70ff
0x000000910c2ff150:   000000910c2ff1f0 00007fff8c10bb0d
0x000000910c2ff160:   000001baa3f67fb0 0000000083c6d600 

Instructions: (pc=0x00007fff8c0d420d)
0x00007fff8c0d410d:   74 24 38 48 83 c4 20 5f c3 cc cc cc cc cc cc cc
0x00007fff8c0d411d:   cc cc cc 48 89 5c 24 08 57 48 83 ec 20 48 8b 41
0x00007fff8c0d412d:   18 48 8b da 48 83 cb 01 48 8b d3 48 8b 78 10 48
0x00007fff8c0d413d:   8b cf e8 6c 7b 00 00 84 c0 75 29 48 81 c7 90 00
0x00007fff8c0d414d:   00 00 48 8b 47 08 48 39 47 20 75 08 48 8b cf e8
0x00007fff8c0d415d:   7f 47 0b 00 48 8b 4f 20 48 8b 47 38 48 89 1c c8
0x00007fff8c0d416d:   48 ff 47 20 48 8b 5c 24 30 48 83 c4 20 5f c3 cc
0x00007fff8c0d417d:   cc cc cc 48 89 5c 24 08 57 48 83 ec 20 48 8b 79
0x00007fff8c0d418d:   10 48 8b da 48 83 cb 01 48 8b cf 48 8b d3 e8 10
0x00007fff8c0d419d:   7b 00 00 84 c0 75 29 48 81 c7 90 00 00 00 48 8b
0x00007fff8c0d41ad:   47 08 48 39 47 20 75 08 48 8b cf e8 23 47 0b 00
0x00007fff8c0d41bd:   48 8b 4f 20 48 8b 47 38 48 89 1c c8 48 ff 47 20
0x00007fff8c0d41cd:   48 8b 5c 24 30 48 83 c4 20 5f c3 cc cc cc cc cc
0x00007fff8c0d41dd:   cc cc cc 40 53 48 83 ec 20 8b 82 04 01 00 00 48
0x00007fff8c0d41ed:   8b d9 d1 e8 a8 01 75 6b 48 8b 41 08 8b 88 c0 02
0x00007fff8c0d41fd:   00 00 48 8b 80 b0 02 00 00 49 d3 e9 4a 8b 0c c8
0x00007fff8c0d420d:   48 8b 81 f8 00 00 00 83 b8 18 01 00 00 00 74 43
0x00007fff8c0d421d:   48 8b 4b 50 48 89 7c 24 30 49 c1 e8 09 48 8b 79
0x00007fff8c0d422d:   48 48 2b 79 40 49 03 f8 48 8b d7 e8 93 c1 ff ff
0x00007fff8c0d423d:   84 c0 74 1a 80 7b 28 00 48 8d 4b 18 74 10 48 8b
0x00007fff8c0d424d:   43 50 48 8b 50 40 48 03 d7 e8 35 25 36 00 48 8b
0x00007fff8c0d425d:   7c 24 30 48 83 c4 20 5b c3 cc cc cc cc cc cc cc
0x00007fff8c0d426d:   cc cc cc 48 89 5c 24 08 48 89 74 24 10 57 48 83
0x00007fff8c0d427d:   ec 20 48 63 fa 48 8d 05 5f 91 54 00 45 33 c0 48
0x00007fff8c0d428d:   89 01 48 8b f1 89 79 08 48 8b df 48 8d 0c fd 00
0x00007fff8c0d429d:   00 00 00 41 8d 50 05 e8 37 f6 dd ff 45 33 db 48
0x00007fff8c0d42ad:   89 46 10 4c 8d 4e 10 4c 8b d0 45 8b c3 85 ff 7e
0x00007fff8c0d42bd:   56 83 ff 02 72 51 8d 4f ff 48 63 d1 48 8d 04 d0
0x00007fff8c0d42cd:   4d 3b d1 77 05 49 3b c1 73 3d 8b c7 25 01 00 00
0x00007fff8c0d42dd:   80 7d 07 ff c8 83 c8 fe ff c0 2b f8 0f 1f 80 00
0x00007fff8c0d42ed:   00 00 00 41 83 c0 02 44 3b c7 7c f7 8d 47 01 49
0x00007fff8c0d42fd:   8b fa 99 2b c2 d1 f8 48 63 c8 48 c1 e1 04 48 c1 


Stack slot to memory mapping:
stack at sp + 0 slots: 0x0000000000000011 is an unknown value
stack at sp + 1 slots: 0x00007fff8c0d03fe jvm.dll
stack at sp + 2 slots: 0x000000008195e200 is an oop: java.lang.Object 
{0x000000008195e200} - klass: 'java/lang/Object'
stack at sp + 3 slots: 0x000000008195e200 is an oop: java.lang.Object 
{0x000000008195e200} - klass: 'java/lang/Object'
stack at sp + 4 slots: 0x0000000083fb8be0 is pointing into object: [Ljava.lang.Object; 
{0x0000000083fb5b88} - klass: 'java/lang/Object'[]
 - length: 4000
stack at sp + 5 slots: 0x00007fff8c0d3bcb jvm.dll
stack at sp + 6 slots: 0x0000000000000001 is an unknown value
stack at sp + 7 slots: 0x000001bac462f520 points into unknown readable memory: 0x00007fff8c6230f8 | f8 30 62 8c ff 7f 00 00


---------------  P R O C E S S  ---------------

Threads class SMR info:
_java_thread_list=0x000001bac4dc5560, length=49, elements={
0x000001baa3f59800, 0x000001babfae4000, 0x000001babfaec800, 0x000001babfadb800,
0x000001babfadd000, 0x000001babfade000, 0x000001bac0336800, 0x000001bac039a000,
0x000001bac03a2000, 0x000001bac049f800, 0x000001bac1d8c000, 0x000001bac17cb800,
0x000001bac1926800, 0x000001bac285b800, 0x000001bac285a800, 0x000001bac285c800,
0x000001bac294e000, 0x000001bac294b000, 0x000001bac2949800, 0x000001bac2950000,
0x000001bac294a000, 0x000001bac2950800, 0x000001bac294b800, 0x000001bac2955800,
0x000001bac2952800, 0x000001bac2951800, 0x000001bac2954000, 0x000001bac2958000,
0x000001bac2956800, 0x000001bac2957000, 0x000001bac2954800, 0x000001bac2d08800,
0x000001bac2953000, 0x000001bac2859000, 0x000001bac285a000, 0x000001bac285d000,
0x000001bac285e000, 0x000001bac285f800, 0x000001bac4ad6000, 0x000001bac4ad2800,
0x000001bac4ad6800, 0x000001bac4ad3800, 0x000001bac4ad5000, 0x000001bac4ad7800,
0x000001bac4ad8800, 0x000001bac4ad9000, 0x000001bac4ad4800, 0x000001bac4ade000,
0x000001bac4adb000
}

Java Threads: ( => current thread )
  0x000001baa3f59800 JavaThread "main" [_thread_blocked, id=10392, stack(0x000000910af00000,0x000000910b000000)]
  0x000001babfae4000 JavaThread "Reference Handler" daemon [_thread_blocked, id=10388, stack(0x000000910b600000,0x000000910b700000)]
  0x000001babfaec800 JavaThread "Finalizer" daemon [_thread_blocked, id=5084, stack(0x000000910b700000,0x000000910b800000)]
  0x000001babfadb800 JavaThread "Signal Dispatcher" daemon [_thread_blocked, id=9140, stack(0x000000910b800000,0x000000910b900000)]
  0x000001babfadd000 JavaThread "Attach Listener" daemon [_thread_blocked, id=11536, stack(0x000000910b900000,0x000000910ba00000)]
  0x000001babfade000 JavaThread "Service Thread" daemon [_thread_blocked, id=8680, stack(0x000000910ba00000,0x000000910bb00000)]
  0x000001bac0336800 JavaThread "C2 CompilerThread0" daemon [_thread_blocked, id=1864, stack(0x000000910bb00000,0x000000910bc00000)]
  0x000001bac039a000 JavaThread "C1 CompilerThread0" daemon [_thread_blocked, id=13656, stack(0x000000910bc00000,0x000000910bd00000)]
  0x000001bac03a2000 JavaThread "Sweeper thread" daemon [_thread_blocked, id=5180, stack(0x000000910bd00000,0x000000910be00000)]
  0x000001bac049f800 JavaThread "Common-Cleaner" daemon [_thread_blocked, id=1036, stack(0x000000910be00000,0x000000910bf00000)]
  0x000001bac1d8c000 JavaThread "Daemon health stats" [_thread_blocked, id=6600, stack(0x000000910c400000,0x000000910c500000)]
  0x000001bac17cb800 JavaThread "Incoming local TCP Connector on port 63341" [_thread_in_native, id=11684, stack(0x000000910c700000,0x000000910c800000)]
  0x000001bac1926800 JavaThread "Daemon periodic checks" [_thread_blocked, id=11984, stack(0x000000910c800000,0x000000910c900000)]
  0x000001bac285b800 JavaThread "Cache worker for file hash cache (C:\Users\CQ\.gradle\caches\6.7.1\fileHashes)" [_thread_blocked, id=13224, stack(0x000000910d000000,0x000000910d100000)]
  0x000001bac285a800 JavaThread "File lock request listener" [_thread_in_native, id=5944, stack(0x000000910d100000,0x000000910d200000)]
  0x000001bac285c800 JavaThread "Cache worker for journal cache (C:\Users\CQ\.gradle\caches\journal-1)" [_thread_blocked, id=2616, stack(0x000000910c000000,0x000000910c100000)]
  0x000001bac294e000 JavaThread "Cache worker for execution history cache (C:\Users\CQ\.gradle\caches\6.7.1\executionHistory)" [_thread_blocked, id=13040, stack(0x000000910eb00000,0x000000910ec00000)]
  0x000001bac294b000 JavaThread "Cache worker for file content cache (C:\Users\CQ\.gradle\caches\6.7.1\fileContent)" [_thread_blocked, id=10256, stack(0x000000910ec00000,0x000000910ed00000)]
  0x000001bac2949800 JavaThread "Daemon Thread 4" [_thread_blocked, id=13100, stack(0x000000910c500000,0x000000910c600000)]
  0x000001bac2950000 JavaThread "Handler for socket connection from /127.0.0.1:63341 to /127.0.0.1:63586" [_thread_in_native, id=10404, stack(0x000000910c600000,0x000000910c700000)]
  0x000001bac294a000 JavaThread "Cancel handler" [_thread_blocked, id=13848, stack(0x000000910c900000,0x000000910ca00000)]
  0x000001bac2950800 JavaThread "Daemon worker Thread 4" [_thread_blocked, id=2780, stack(0x000000910ca00000,0x000000910cb00000)]
  0x000001bac294b800 JavaThread "Asynchronous log dispatcher for DefaultDaemonConnection: socket connection from /127.0.0.1:63341 to /127.0.0.1:63586" [_thread_blocked, id=14076, stack(0x000000910cb00000,0x000000910cc00000)]
  0x000001bac2955800 JavaThread "Stdin handler" [_thread_blocked, id=7608, stack(0x000000910cc00000,0x000000910cd00000)]
  0x000001bac2952800 JavaThread "Thread-459" [_thread_blocked, id=12920, stack(0x000000910cd00000,0x000000910ce00000)]
  0x000001bac2951800 JavaThread "Cache worker for file hash cache (C:\Users\CQ\Documents\GitHub\storeDAM\.gradle\6.7.1\fileHashes)" [_thread_blocked, id=13632, stack(0x000000910ce00000,0x000000910cf00000)]
  0x000001bac2954000 JavaThread "Cache worker for checksums cache (C:\Users\CQ\Documents\GitHub\storeDAM\.gradle\checksums)" [_thread_blocked, id=2676, stack(0x000000910cf00000,0x000000910d000000)]
  0x000001bac2958000 JavaThread "Cache worker for cache directory md-supplier (C:\Users\CQ\.gradle\caches\6.7.1\md-supplier)" [_thread_blocked, id=11300, stack(0x000000910d200000,0x000000910d300000)]
  0x000001bac2956800 JavaThread "Cache worker for cache directory md-rule (C:\Users\CQ\.gradle\caches\6.7.1\md-rule)" [_thread_blocked, id=3416, stack(0x000000910d300000,0x000000910d400000)]
  0x000001bac2957000 JavaThread "jar transforms Thread 298" [_thread_blocked, id=9960, stack(0x000000910d400000,0x000000910d500000)]
  0x000001bac2954800 JavaThread "jar transforms Thread 299" [_thread_blocked, id=7272, stack(0x000000910d500000,0x000000910d600000)]
  0x000001bac2d08800 JavaThread "C2 CompilerThread1" daemon [_thread_blocked, id=13144, stack(0x000000910d600000,0x000000910d700000)]
  0x000001bac2953000 JavaThread "jar transforms Thread 300" [_thread_blocked, id=12156, stack(0x000000910d700000,0x000000910d800000)]
  0x000001bac2859000 JavaThread "jar transforms Thread 301" [_thread_blocked, id=13032, stack(0x000000910d800000,0x000000910d900000)]
  0x000001bac285a000 JavaThread "jar transforms Thread 302" [_thread_blocked, id=5892, stack(0x000000910d900000,0x000000910da00000)]
  0x000001bac285d000 JavaThread "jar transforms Thread 303" [_thread_blocked, id=12772, stack(0x000000910da00000,0x000000910db00000)]
  0x000001bac285e000 JavaThread "jar transforms Thread 304" [_thread_blocked, id=9868, stack(0x000000910db00000,0x000000910dc00000)]
  0x000001bac285f800 JavaThread "jar transforms Thread 305" [_thread_blocked, id=12484, stack(0x000000910dc00000,0x000000910dd00000)]
  0x000001bac4ad6000 JavaThread "jar transforms Thread 306" [_thread_blocked, id=12520, stack(0x000000910dd00000,0x000000910de00000)]
  0x000001bac4ad2800 JavaThread "jar transforms Thread 307" [_thread_blocked, id=4436, stack(0x000000910de00000,0x000000910df00000)]
  0x000001bac4ad6800 JavaThread "jar transforms Thread 308" [_thread_blocked, id=3548, stack(0x000000910df00000,0x000000910e000000)]
  0x000001bac4ad3800 JavaThread "jar transforms Thread 309" [_thread_blocked, id=8964, stack(0x000000910e000000,0x000000910e100000)]
  0x000001bac4ad5000 JavaThread "jar transforms Thread 310" [_thread_blocked, id=11624, stack(0x000000910e100000,0x000000910e200000)]
  0x000001bac4ad7800 JavaThread "jar transforms Thread 311" [_thread_blocked, id=13696, stack(0x000000910e200000,0x000000910e300000)]
  0x000001bac4ad8800 JavaThread "Cache worker for Build Output Cleanup Cache (C:\Users\CQ\Documents\GitHub\storeDAM\.gradle\buildOutputCleanup)" [_thread_blocked, id=8800, stack(0x000000910e300000,0x000000910e400000)]
  0x000001bac4ad9000 JavaThread "Build operations" [_thread_blocked, id=13576, stack(0x000000910e400000,0x000000910e500000)]
  0x000001bac4ad4800 JavaThread "Build operations Thread 2" [_thread_blocked, id=3724, stack(0x000000910e500000,0x000000910e600000)]
  0x000001bac4ade000 JavaThread "Build operations Thread 3" [_thread_blocked, id=3628, stack(0x000000910e600000,0x000000910e700000)]
  0x000001bac4adb000 JavaThread "Build operations Thread 4" [_thread_blocked, id=7044, stack(0x000000910e700000,0x000000910e800000)]

Other Threads:
  0x000001babfa95800 VMThread "VM Thread" [stack: 0x000000910b500000,0x000000910b600000] [id=8928]
  0x000001bac04d2000 WatcherThread [stack: 0x000000910bf00000,0x000000910c000000] [id=2788]
  0x000001baa3f74000 GCTaskThread "GC Thread#0" [stack: 0x000000910b000000,0x000000910b100000] [id=8760]
  0x000001bac0872800 GCTaskThread "GC Thread#1" [stack: 0x000000910c100000,0x000000910c200000] [id=10032]
=>0x000001bac09f0000 GCTaskThread "GC Thread#2" [stack: 0x000000910c200000,0x000000910c300000] [id=13592]
  0x000001bac0b1d000 GCTaskThread "GC Thread#3" [stack: 0x000000910c300000,0x000000910c400000] [id=1592]
  0x000001baa3fa4000 ConcurrentGCThread "G1 Main Marker" [stack: 0x000000910b100000,0x000000910b200000] [id=4908]
  0x000001baa3fa7000 ConcurrentGCThread "G1 Conc#0" [stack: 0x000000910b200000,0x000000910b300000] [id=3036]
  0x000001babf91e800 ConcurrentGCThread "G1 Refine#0" [stack: 0x000000910b300000,0x000000910b400000] [id=10488]
  0x000001bac5b53000 ConcurrentGCThread "G1 Refine#1" [stack: 0x000000910ac00000,0x000000910ad00000] [id=8112]
  0x000001bac5b53800 ConcurrentGCThread "G1 Refine#2" [stack: 0x000000910ad00000,0x000000910ae00000] [id=12428]
  0x000001bac5b4f800 ConcurrentGCThread "G1 Refine#3" [stack: 0x000000910ae00000,0x000000910af00000] [id=5128]
  0x000001baa403e000 ConcurrentGCThread "G1 Young RemSet Sampling" [stack: 0x000000910b400000,0x000000910b500000] [id=11704]

Threads with active compile tasks:
C2 CompilerThread0 555321 8803       4       java.beans.Introspector::addMethod (196 bytes)
C2 CompilerThread1 555321 8913       4       org.gradle.api.internal.artifacts.ModuleComponentSelectorSerializer::readCapabilities (70 bytes)

VM state:at safepoint (normal execution)

VM Mutex/Monitor currently owned by a thread:  ([mutex/lock_event])
[0x000001baa3f558d0] Threads_lock - owner thread: 0x000001babfa95800
[0x000001baa3f56fe0] Heap_lock - owner thread: 0x000001bac2950800

Heap address: 0x0000000080000000, size: 2048 MB, Compressed Oops mode: 32-bit
Narrow klass base: 0x0000000000000000, Narrow klass shift: 3
Compressed class space size: 1073741824 Address: 0x0000000100000000

Heap:
 garbage-first heap   total 196608K, used 154110K [0x0000000080000000, 0x0000000100000000)
  region size 1024K, 88 young (90112K), 9 survivors (9216K)
 Metaspace       used 54447K, capacity 56230K, committed 56316K, reserved 1097728K
  class space    used 6631K, capacity 7213K, committed 7296K, reserved 1048576K
Heap Regions: E=young(eden), S=young(survivor), O=old, HS=humongous(starts), HC=humongous(continues), CS=collection set, F=free, A=archive, TAMS=top-at-mark-start (previous, next)
|   0|0x0000000080000000, 0x0000000080100000, 0x0000000080100000|100%| O|  |TAMS 0x0000000080100000, 0x0000000080000000| Untracked 
|   1|0x0000000080100000, 0x0000000080200000, 0x0000000080200000|100%| O|  |TAMS 0x0000000080200000, 0x0000000080100000| Untracked 
|   2|0x0000000080200000, 0x0000000080300000, 0x0000000080300000|100%| O|  |TAMS 0x0000000080300000, 0x0000000080200000| Untracked 
|   3|0x0000000080300000, 0x0000000080400000, 0x0000000080400000|100%|HS|  |TAMS 0x0000000080400000, 0x0000000080300000| Complete 
|   4|0x0000000080400000, 0x0000000080500000, 0x0000000080500000|100%|HC|  |TAMS 0x0000000080500000, 0x0000000080400000| Complete 
|   5|0x0000000080500000, 0x0000000080600000, 0x0000000080600000|100%|HC|  |TAMS 0x0000000080600000, 0x0000000080500000| Complete 
|   6|0x0000000080600000, 0x0000000080700000, 0x0000000080700000|100%| O|  |TAMS 0x0000000080700000, 0x0000000080600000| Untracked 
|   7|0x0000000080700000, 0x0000000080800000, 0x0000000080800000|100%| O|  |TAMS 0x0000000080800000, 0x0000000080700000| Untracked 
|   8|0x0000000080800000, 0x0000000080900000, 0x0000000080900000|100%| O|  |TAMS 0x0000000080900000, 0x0000000080800000| Untracked 
|   9|0x0000000080900000, 0x0000000080a00000, 0x0000000080a00000|100%| O|  |TAMS 0x0000000080a00000, 0x0000000080900000| Untracked 
|  10|0x0000000080a00000, 0x0000000080b00000, 0x0000000080b00000|100%| O|  |TAMS 0x0000000080b00000, 0x0000000080a00000| Untracked 
|  11|0x0000000080b00000, 0x0000000080c00000, 0x0000000080c00000|100%| O|  |TAMS 0x0000000080c00000, 0x0000000080b00000| Untracked 
|  12|0x0000000080c00000, 0x0000000080d00000, 0x0000000080d00000|100%| O|  |TAMS 0x0000000080d00000, 0x0000000080c00000| Untracked 
|  13|0x0000000080d00000, 0x0000000080e00000, 0x0000000080e00000|100%|HS|  |TAMS 0x0000000080e00000, 0x0000000080d00000| Complete 
|  14|0x0000000080e00000, 0x0000000080f00000, 0x0000000080f00000|100%|HC|  |TAMS 0x0000000080f00000, 0x0000000080e00000| Complete 
|  15|0x0000000080f00000, 0x0000000081000000, 0x0000000081000000|100%|HS|  |TAMS 0x0000000081000000, 0x0000000080f00000| Complete 
|  16|0x0000000081000000, 0x0000000081100000, 0x0000000081100000|100%|HC|  |TAMS 0x0000000081100000, 0x0000000081000000| Complete 
|  17|0x0000000081100000, 0x0000000081200000, 0x0000000081200000|100%|HC|  |TAMS 0x0000000081200000, 0x0000000081100000| Complete 
|  18|0x0000000081200000, 0x0000000081300000, 0x0000000081300000|100%|HS|  |TAMS 0x0000000081300000, 0x0000000081200000| Complete 
|  19|0x0000000081300000, 0x0000000081400000, 0x0000000081400000|100%|HC|  |TAMS 0x0000000081400000, 0x0000000081300000| Complete 
|  20|0x0000000081400000, 0x0000000081500000, 0x0000000081500000|100%|HC|  |TAMS 0x0000000081500000, 0x0000000081400000| Complete 
|  21|0x0000000081500000, 0x0000000081600000, 0x0000000081600000|100%|HC|  |TAMS 0x0000000081600000, 0x0000000081500000| Complete 
|  22|0x0000000081600000, 0x0000000081700000, 0x0000000081700000|100%|HC|  |TAMS 0x0000000081700000, 0x0000000081600000| Complete 
|  23|0x0000000081700000, 0x0000000081800000, 0x0000000081800000|100%| O|  |TAMS 0x0000000081800000, 0x0000000081700000| Untracked 
|  24|0x0000000081800000, 0x0000000081900000, 0x0000000081900000|100%| O|  |TAMS 0x0000000081900000, 0x0000000081800000| Untracked 
|  25|0x0000000081900000, 0x0000000081a00000, 0x0000000081a00000|100%| O|  |TAMS 0x000000008198ae00, 0x0000000081900000| Untracked 
|  26|0x0000000081a00000, 0x0000000081b00000, 0x0000000081b00000|100%|HS|  |TAMS 0x0000000081a00000, 0x0000000081a00000| Complete 
|  27|0x0000000081b00000, 0x0000000081c00000, 0x0000000081c00000|100%|HS|  |TAMS 0x0000000081b00000, 0x0000000081b00000| Complete 
|  28|0x0000000081c00000, 0x0000000081d00000, 0x0000000081d00000|100%|HC|  |TAMS 0x0000000081c00000, 0x0000000081c00000| Complete 
|  29|0x0000000081d00000, 0x0000000081e00000, 0x0000000081e00000|100%|HS|  |TAMS 0x0000000081d00000, 0x0000000081d00000| Complete 
|  30|0x0000000081e00000, 0x0000000081f00000, 0x0000000081f00000|100%|HC|  |TAMS 0x0000000081e00000, 0x0000000081e00000| Complete 
|  31|0x0000000081f00000, 0x0000000082000000, 0x0000000082000000|100%|HC|  |TAMS 0x0000000081f00000, 0x0000000081f00000| Complete 
|  32|0x0000000082000000, 0x0000000082100000, 0x0000000082100000|100%|HC|  |TAMS 0x0000000082000000, 0x0000000082000000| Complete 
|  33|0x0000000082100000, 0x0000000082200000, 0x0000000082200000|100%|HC|  |TAMS 0x0000000082100000, 0x0000000082100000| Complete 
|  34|0x0000000082200000, 0x0000000082300000, 0x0000000082300000|100%|HS|  |TAMS 0x0000000082200000, 0x0000000082200000| Complete 
|  35|0x0000000082300000, 0x0000000082400000, 0x0000000082400000|100%|HC|  |TAMS 0x0000000082300000, 0x0000000082300000| Complete 
|  36|0x0000000082400000, 0x0000000082500000, 0x0000000082500000|100%|HC|  |TAMS 0x0000000082400000, 0x0000000082400000| Complete 
|  37|0x0000000082500000, 0x0000000082600000, 0x0000000082600000|100%| O|  |TAMS 0x0000000082500000, 0x0000000082500000| Untracked 
|  38|0x0000000082600000, 0x0000000082700000, 0x0000000082700000|100%| O|  |TAMS 0x0000000082600000, 0x0000000082600000| Untracked 
|  39|0x0000000082700000, 0x0000000082800000, 0x0000000082800000|100%| O|  |TAMS 0x0000000082700000, 0x0000000082700000| Untracked 
|  40|0x0000000082800000, 0x0000000082900000, 0x0000000082900000|100%| O|  |TAMS 0x0000000082800000, 0x0000000082800000| Untracked 
|  41|0x0000000082900000, 0x0000000082a00000, 0x0000000082a00000|100%| O|  |TAMS 0x0000000082900000, 0x0000000082900000| Untracked 
|  42|0x0000000082a00000, 0x0000000082b00000, 0x0000000082b00000|100%| O|  |TAMS 0x0000000082a00000, 0x0000000082a00000| Untracked 
|  43|0x0000000082b00000, 0x0000000082c00000, 0x0000000082c00000|100%| O|  |TAMS 0x0000000082b00000, 0x0000000082b00000| Untracked 
|  44|0x0000000082c00000, 0x0000000082d00000, 0x0000000082d00000|100%| O|  |TAMS 0x0000000082c00000, 0x0000000082c00000| Untracked 
|  45|0x0000000082d00000, 0x0000000082e00000, 0x0000000082e00000|100%| O|  |TAMS 0x0000000082d00000, 0x0000000082d00000| Untracked 
|  46|0x0000000082e00000, 0x0000000082f00000, 0x0000000082f00000|100%| O|  |TAMS 0x0000000082e00000, 0x0000000082e00000| Untracked 
|  47|0x0000000082f00000, 0x0000000083000000, 0x0000000083000000|100%| O|  |TAMS 0x0000000082f00000, 0x0000000082f00000| Untracked 
|  48|0x0000000083000000, 0x0000000083100000, 0x0000000083100000|100%| O|  |TAMS 0x0000000083000000, 0x0000000083000000| Untracked 
|  49|0x0000000083100000, 0x0000000083200000, 0x0000000083200000|100%| O|  |TAMS 0x0000000083100000, 0x0000000083100000| Untracked 
|  50|0x0000000083200000, 0x0000000083300000, 0x0000000083300000|100%| O|  |TAMS 0x0000000083200000, 0x0000000083200000| Untracked 
|  51|0x0000000083300000, 0x0000000083400000, 0x0000000083400000|100%| O|  |TAMS 0x0000000083300000, 0x0000000083300000| Untracked 
|  52|0x0000000083400000, 0x0000000083500000, 0x0000000083500000|100%| O|  |TAMS 0x0000000083400000, 0x0000000083400000| Untracked 
|  53|0x0000000083500000, 0x0000000083600000, 0x0000000083600000|100%| O|  |TAMS 0x0000000083500000, 0x0000000083500000| Untracked 
|  54|0x0000000083600000, 0x0000000083700000, 0x0000000083700000|100%| O|  |TAMS 0x0000000083600000, 0x0000000083600000| Untracked 
|  55|0x0000000083700000, 0x0000000083800000, 0x0000000083800000|100%| O|  |TAMS 0x0000000083700000, 0x0000000083700000| Untracked 
|  56|0x0000000083800000, 0x0000000083900000, 0x0000000083900000|100%| O|  |TAMS 0x0000000083800000, 0x0000000083800000| Untracked 
|  57|0x0000000083900000, 0x0000000083a00000, 0x0000000083a00000|100%| O|  |TAMS 0x0000000083900000, 0x0000000083900000| Untracked 
|  58|0x0000000083a00000, 0x0000000083b00000, 0x0000000083b00000|100%| O|  |TAMS 0x0000000083a00000, 0x0000000083a00000| Untracked 
|  59|0x0000000083b00000, 0x0000000083c00000, 0x0000000083c00000|100%| O|  |TAMS 0x0000000083b00000, 0x0000000083b00000| Untracked 
|  60|0x0000000083c00000, 0x0000000083d00000, 0x0000000083d00000|100%| O|  |TAMS 0x0000000083c00000, 0x0000000083c00000| Untracked 
|  61|0x0000000083d00000, 0x0000000083e00000, 0x0000000083e00000|100%| O|  |TAMS 0x0000000083d00000, 0x0000000083d00000| Untracked 
|  62|0x0000000083e00000, 0x0000000083f00000, 0x0000000083f00000|100%| O|  |TAMS 0x0000000083e00000, 0x0000000083e00000| Untracked 
|  63|0x0000000083f00000, 0x0000000084000000, 0x0000000084000000|100%| O|  |TAMS 0x0000000083f00000, 0x0000000083f00000| Untracked 
|  64|0x0000000084000000, 0x0000000084100000, 0x0000000084100000|100%| O|  |TAMS 0x0000000084000000, 0x0000000084000000| Untracked 
|  65|0x0000000084100000, 0x0000000084200000, 0x0000000084200000|100%| O|  |TAMS 0x0000000084100000, 0x0000000084100000| Untracked 
|  66|0x0000000084200000, 0x0000000084228710, 0x0000000084300000| 15%| O|  |TAMS 0x0000000084200000, 0x0000000084200000| Untracked 
|  67|0x0000000084300000, 0x0000000084300000, 0x0000000084400000|  0%| F|  |TAMS 0x0000000084300000, 0x0000000084300000| Untracked 
|  68|0x0000000084400000, 0x0000000084400000, 0x0000000084500000|  0%| F|  |TAMS 0x0000000084400000, 0x0000000084400000| Untracked 
|  69|0x0000000084500000, 0x0000000084500000, 0x0000000084600000|  0%| F|  |TAMS 0x0000000084500000, 0x0000000084500000| Untracked 
|  70|0x0000000084600000, 0x0000000084600000, 0x0000000084700000|  0%| F|  |TAMS 0x0000000084600000, 0x0000000084600000| Untracked 
|  71|0x0000000084700000, 0x0000000084700000, 0x0000000084800000|  0%| F|  |TAMS 0x0000000084700000, 0x0000000084700000| Untracked 
|  72|0x0000000084800000, 0x0000000084800000, 0x0000000084900000|  0%| F|  |TAMS 0x0000000084800000, 0x0000000084800000| Untracked 
|  73|0x0000000084900000, 0x0000000084900000, 0x0000000084a00000|  0%| F|  |TAMS 0x0000000084900000, 0x0000000084900000| Untracked 
|  74|0x0000000084a00000, 0x0000000084a00000, 0x0000000084b00000|  0%| F|  |TAMS 0x0000000084a00000, 0x0000000084a00000| Untracked 
|  75|0x0000000084b00000, 0x0000000084b00000, 0x0000000084c00000|  0%| F|  |TAMS 0x0000000084b00000, 0x0000000084b00000| Untracked 
|  76|0x0000000084c00000, 0x0000000084c00000, 0x0000000084d00000|  0%| F|  |TAMS 0x0000000084c00000, 0x0000000084c00000| Untracked 
|  77|0x0000000084d00000, 0x0000000084d00000, 0x0000000084e00000|  0%| F|  |TAMS 0x0000000084d00000, 0x0000000084d00000| Untracked 
|  78|0x0000000084e00000, 0x0000000084e00000, 0x0000000084f00000|  0%| F|  |TAMS 0x0000000084e00000, 0x0000000084e00000| Untracked 
|  79|0x0000000084f00000, 0x0000000084f00000, 0x0000000085000000|  0%| F|  |TAMS 0x0000000084f00000, 0x0000000084f00000| Untracked 
|  80|0x0000000085000000, 0x0000000085000000, 0x0000000085100000|  0%| F|  |TAMS 0x0000000085000000, 0x0000000085000000| Untracked 
|  81|0x0000000085100000, 0x0000000085100000, 0x0000000085200000|  0%| F|  |TAMS 0x0000000085100000, 0x0000000085100000| Untracked 
|  82|0x0000000085200000, 0x0000000085200000, 0x0000000085300000|  0%| F|  |TAMS 0x0000000085200000, 0x0000000085200000| Untracked 
|  83|0x0000000085300000, 0x0000000085300000, 0x0000000085400000|  0%| F|  |TAMS 0x0000000085300000, 0x0000000085300000| Untracked 
|  84|0x0000000085400000, 0x0000000085400000, 0x0000000085500000|  0%| F|  |TAMS 0x0000000085400000, 0x0000000085400000| Untracked 
|  85|0x0000000085500000, 0x0000000085500000, 0x0000000085600000|  0%| F|  |TAMS 0x0000000085500000, 0x0000000085500000| Untracked 
|  86|0x0000000085600000, 0x0000000085600000, 0x0000000085700000|  0%| F|  |TAMS 0x0000000085600000, 0x0000000085600000| Untracked 
|  87|0x0000000085700000, 0x0000000085700000, 0x0000000085800000|  0%| F|  |TAMS 0x0000000085700000, 0x0000000085700000| Untracked 
|  88|0x0000000085800000, 0x0000000085800000, 0x0000000085900000|  0%| F|  |TAMS 0x0000000085800000, 0x0000000085800000| Untracked 
|  89|0x0000000085900000, 0x0000000085900000, 0x0000000085a00000|  0%| F|  |TAMS 0x0000000085900000, 0x0000000085900000| Untracked 
|  90|0x0000000085a00000, 0x0000000085a00000, 0x0000000085b00000|  0%| F|  |TAMS 0x0000000085a00000, 0x0000000085a00000| Untracked 
|  91|0x0000000085b00000, 0x0000000085b00000, 0x0000000085c00000|  0%| F|  |TAMS 0x0000000085b00000, 0x0000000085b00000| Untracked 
|  92|0x0000000085c00000, 0x0000000085c00000, 0x0000000085d00000|  0%| F|  |TAMS 0x0000000085c00000, 0x0000000085c00000| Untracked 
|  93|0x0000000085d00000, 0x0000000085d00000, 0x0000000085e00000|  0%| F|  |TAMS 0x0000000085d00000, 0x0000000085d00000| Untracked 
|  94|0x0000000085e00000, 0x0000000085ec6c10, 0x0000000085f00000| 77%| S|  |TAMS 0x0000000085e00000, 0x0000000085e00000| Complete 
|  95|0x0000000085f00000, 0x0000000086000000, 0x0000000086000000|100%| S|  |TAMS 0x0000000085f00000, 0x0000000085f00000| Complete 
|  96|0x0000000086000000, 0x000000008607fb90, 0x0000000086100000| 49%| E|CS|TAMS 0x0000000086000000, 0x0000000086000000| Complete 
|  97|0x0000000086100000, 0x0000000086200000, 0x0000000086200000|100%| E|CS|TAMS 0x0000000086100000, 0x0000000086100000| Complete 
|  98|0x0000000086200000, 0x0000000086300000, 0x0000000086300000|100%| E|CS|TAMS 0x0000000086200000, 0x0000000086200000| Complete 
|  99|0x0000000086300000, 0x0000000086400000, 0x0000000086400000|100%| E|CS|TAMS 0x0000000086300000, 0x0000000086300000| Complete 
| 100|0x0000000086400000, 0x0000000086500000, 0x0000000086500000|100%| E|CS|TAMS 0x0000000086400000, 0x0000000086400000| Complete 
| 101|0x0000000086500000, 0x0000000086600000, 0x0000000086600000|100%| E|CS|TAMS 0x0000000086500000, 0x0000000086500000| Complete 
| 102|0x0000000086600000, 0x0000000086700000, 0x0000000086700000|100%| E|CS|TAMS 0x0000000086600000, 0x0000000086600000| Complete 
| 103|0x0000000086700000, 0x0000000086800000, 0x0000000086800000|100%| E|CS|TAMS 0x0000000086700000, 0x0000000086700000| Complete 
| 104|0x0000000086800000, 0x0000000086900000, 0x0000000086900000|100%| E|CS|TAMS 0x0000000086800000, 0x0000000086800000| Complete 
| 105|0x0000000086900000, 0x0000000086a00000, 0x0000000086a00000|100%| E|CS|TAMS 0x0000000086900000, 0x0000000086900000| Complete 
| 106|0x0000000086a00000, 0x0000000086b00000, 0x0000000086b00000|100%| S|  |TAMS 0x0000000086a00000, 0x0000000086a00000| Complete 
| 107|0x0000000086b00000, 0x0000000086c00000, 0x0000000086c00000|100%| S|  |TAMS 0x0000000086b00000, 0x0000000086b00000| Complete 
| 108|0x0000000086c00000, 0x0000000086d00000, 0x0000000086d00000|100%| S|  |TAMS 0x0000000086c00000, 0x0000000086c00000| Complete 
| 109|0x0000000086d00000, 0x0000000086e00000, 0x0000000086e00000|100%| S|  |TAMS 0x0000000086d00000, 0x0000000086d00000| Complete 
| 110|0x0000000086e00000, 0x0000000086f00000, 0x0000000086f00000|100%| S|  |TAMS 0x0000000086e00000, 0x0000000086e00000| Complete 
| 111|0x0000000086f00000, 0x0000000087000000, 0x0000000087000000|100%| S|  |TAMS 0x0000000086f00000, 0x0000000086f00000| Complete 
| 112|0x0000000087000000, 0x0000000087100000, 0x0000000087100000|100%| S|  |TAMS 0x0000000087000000, 0x0000000087000000| Complete 
| 113|0x0000000087100000, 0x0000000087200000, 0x0000000087200000|100%| E|CS|TAMS 0x0000000087100000, 0x0000000087100000| Complete 
| 114|0x0000000087200000, 0x0000000087300000, 0x0000000087300000|100%| E|CS|TAMS 0x0000000087200000, 0x0000000087200000| Complete 
| 115|0x0000000087300000, 0x0000000087400000, 0x0000000087400000|100%| E|CS|TAMS 0x0000000087300000, 0x0000000087300000| Complete 
| 116|0x0000000087400000, 0x0000000087500000, 0x0000000087500000|100%| E|CS|TAMS 0x0000000087400000, 0x0000000087400000| Complete 
| 117|0x0000000087500000, 0x0000000087600000, 0x0000000087600000|100%| E|CS|TAMS 0x0000000087500000, 0x0000000087500000| Complete 
| 118|0x0000000087600000, 0x0000000087700000, 0x0000000087700000|100%| E|CS|TAMS 0x0000000087600000, 0x0000000087600000| Complete 
| 119|0x0000000087700000, 0x0000000087800000, 0x0000000087800000|100%| E|CS|TAMS 0x0000000087700000, 0x0000000087700000| Complete 
| 120|0x0000000087800000, 0x0000000087900000, 0x0000000087900000|100%| E|CS|TAMS 0x0000000087800000, 0x0000000087800000| Complete 
| 121|0x0000000087900000, 0x0000000087a00000, 0x0000000087a00000|100%| E|CS|TAMS 0x0000000087900000, 0x0000000087900000| Complete 
| 122|0x0000000087a00000, 0x0000000087b00000, 0x0000000087b00000|100%| E|CS|TAMS 0x0000000087a00000, 0x0000000087a00000| Complete 
| 123|0x0000000087b00000, 0x0000000087c00000, 0x0000000087c00000|100%| E|CS|TAMS 0x0000000087b00000, 0x0000000087b00000| Complete 
| 124|0x0000000087c00000, 0x0000000087d00000, 0x0000000087d00000|100%| E|CS|TAMS 0x0000000087c00000, 0x0000000087c00000| Complete 
| 125|0x0000000087d00000, 0x0000000087e00000, 0x0000000087e00000|100%| E|CS|TAMS 0x0000000087d00000, 0x0000000087d00000| Complete 
| 126|0x0000000087e00000, 0x0000000087f00000, 0x0000000087f00000|100%| E|CS|TAMS 0x0000000087e00000, 0x0000000087e00000| Complete 
| 127|0x0000000087f00000, 0x0000000088000000, 0x0000000088000000|100%| E|CS|TAMS 0x0000000087f00000, 0x0000000087f00000| Complete 
| 128|0x0000000088000000, 0x0000000088100000, 0x0000000088100000|100%| E|CS|TAMS 0x0000000088000000, 0x0000000088000000| Complete 
| 129|0x0000000088100000, 0x0000000088200000, 0x0000000088200000|100%| E|CS|TAMS 0x0000000088100000, 0x0000000088100000| Complete 
| 130|0x0000000088200000, 0x0000000088300000, 0x0000000088300000|100%| E|CS|TAMS 0x0000000088200000, 0x0000000088200000| Complete 
| 131|0x0000000088300000, 0x0000000088400000, 0x0000000088400000|100%| E|CS|TAMS 0x0000000088300000, 0x0000000088300000| Complete 
| 132|0x0000000088400000, 0x0000000088500000, 0x0000000088500000|100%| E|CS|TAMS 0x0000000088400000, 0x0000000088400000| Complete 
| 133|0x0000000088500000, 0x0000000088600000, 0x0000000088600000|100%| E|CS|TAMS 0x0000000088500000, 0x0000000088500000| Complete 
| 134|0x0000000088600000, 0x0000000088700000, 0x0000000088700000|100%| E|CS|TAMS 0x0000000088600000, 0x0000000088600000| Complete 
| 135|0x0000000088700000, 0x0000000088800000, 0x0000000088800000|100%| E|CS|TAMS 0x0000000088700000, 0x0000000088700000| Complete 
| 136|0x0000000088800000, 0x0000000088900000, 0x0000000088900000|100%| E|CS|TAMS 0x0000000088800000, 0x0000000088800000| Complete 
| 137|0x0000000088900000, 0x0000000088a00000, 0x0000000088a00000|100%| E|CS|TAMS 0x0000000088900000, 0x0000000088900000| Complete 
| 138|0x0000000088a00000, 0x0000000088b00000, 0x0000000088b00000|100%| E|CS|TAMS 0x0000000088a00000, 0x0000000088a00000| Complete 
| 139|0x0000000088b00000, 0x0000000088c00000, 0x0000000088c00000|100%| E|CS|TAMS 0x0000000088b00000, 0x0000000088b00000| Complete 
| 140|0x0000000088c00000, 0x0000000088d00000, 0x0000000088d00000|100%| E|CS|TAMS 0x0000000088c00000, 0x0000000088c00000| Complete 
| 141|0x0000000088d00000, 0x0000000088e00000, 0x0000000088e00000|100%| E|CS|TAMS 0x0000000088d00000, 0x0000000088d00000| Complete 
| 142|0x0000000088e00000, 0x0000000088f00000, 0x0000000088f00000|100%| E|CS|TAMS 0x0000000088e00000, 0x0000000088e00000| Complete 
| 143|0x0000000088f00000, 0x0000000089000000, 0x0000000089000000|100%| E|CS|TAMS 0x0000000088f00000, 0x0000000088f00000| Complete 
| 144|0x0000000089000000, 0x0000000089100000, 0x0000000089100000|100%| E|CS|TAMS 0x0000000089000000, 0x0000000089000000| Complete 
| 145|0x0000000089100000, 0x0000000089200000, 0x0000000089200000|100%| E|CS|TAMS 0x0000000089100000, 0x0000000089100000| Complete 
| 146|0x0000000089200000, 0x0000000089300000, 0x0000000089300000|100%| E|CS|TAMS 0x0000000089200000, 0x0000000089200000| Complete 
| 147|0x0000000089300000, 0x0000000089400000, 0x0000000089400000|100%| E|CS|TAMS 0x0000000089300000, 0x0000000089300000| Complete 
| 148|0x0000000089400000, 0x0000000089500000, 0x0000000089500000|100%| E|CS|TAMS 0x0000000089400000, 0x0000000089400000| Complete 
| 149|0x0000000089500000, 0x0000000089600000, 0x0000000089600000|100%| E|CS|TAMS 0x0000000089500000, 0x0000000089500000| Complete 
| 150|0x0000000089600000, 0x0000000089700000, 0x0000000089700000|100%| E|CS|TAMS 0x0000000089600000, 0x0000000089600000| Complete 
| 151|0x0000000089700000, 0x0000000089800000, 0x0000000089800000|100%| E|CS|TAMS 0x0000000089700000, 0x0000000089700000| Complete 
| 152|0x0000000089800000, 0x0000000089900000, 0x0000000089900000|100%| E|CS|TAMS 0x0000000089800000, 0x0000000089800000| Complete 
| 153|0x0000000089900000, 0x0000000089a00000, 0x0000000089a00000|100%| E|CS|TAMS 0x0000000089900000, 0x0000000089900000| Complete 
| 154|0x0000000089a00000, 0x0000000089b00000, 0x0000000089b00000|100%| E|CS|TAMS 0x0000000089a00000, 0x0000000089a00000| Complete 
| 155|0x0000000089b00000, 0x0000000089c00000, 0x0000000089c00000|100%| E|CS|TAMS 0x0000000089b00000, 0x0000000089b00000| Complete 
| 156|0x0000000089c00000, 0x0000000089d00000, 0x0000000089d00000|100%| E|CS|TAMS 0x0000000089c00000, 0x0000000089c00000| Complete 
| 157|0x0000000089d00000, 0x0000000089e00000, 0x0000000089e00000|100%| E|CS|TAMS 0x0000000089d00000, 0x0000000089d00000| Complete 
| 158|0x0000000089e00000, 0x0000000089f00000, 0x0000000089f00000|100%| E|CS|TAMS 0x0000000089e00000, 0x0000000089e00000| Complete 
| 159|0x0000000089f00000, 0x000000008a000000, 0x000000008a000000|100%| E|CS|TAMS 0x0000000089f00000, 0x0000000089f00000| Complete 
| 160|0x000000008a000000, 0x000000008a100000, 0x000000008a100000|100%| E|CS|TAMS 0x000000008a000000, 0x000000008a000000| Complete 
| 161|0x000000008a100000, 0x000000008a200000, 0x000000008a200000|100%| E|CS|TAMS 0x000000008a100000, 0x000000008a100000| Complete 
| 162|0x000000008a200000, 0x000000008a300000, 0x000000008a300000|100%| E|CS|TAMS 0x000000008a200000, 0x000000008a200000| Complete 
| 163|0x000000008a300000, 0x000000008a400000, 0x000000008a400000|100%| E|CS|TAMS 0x000000008a300000, 0x000000008a300000| Complete 
| 164|0x000000008a400000, 0x000000008a500000, 0x000000008a500000|100%| E|CS|TAMS 0x000000008a400000, 0x000000008a400000| Complete 
| 165|0x000000008a500000, 0x000000008a600000, 0x000000008a600000|100%| E|CS|TAMS 0x000000008a500000, 0x000000008a500000| Complete 
| 166|0x000000008a600000, 0x000000008a700000, 0x000000008a700000|100%| E|CS|TAMS 0x000000008a600000, 0x000000008a600000| Complete 
| 167|0x000000008a700000, 0x000000008a800000, 0x000000008a800000|100%| E|CS|TAMS 0x000000008a700000, 0x000000008a700000| Complete 
| 168|0x000000008a800000, 0x000000008a900000, 0x000000008a900000|100%| E|CS|TAMS 0x000000008a800000, 0x000000008a800000| Complete 
| 169|0x000000008a900000, 0x000000008aa00000, 0x000000008aa00000|100%| E|CS|TAMS 0x000000008a900000, 0x000000008a900000| Complete 
| 170|0x000000008aa00000, 0x000000008ab00000, 0x000000008ab00000|100%| E|CS|TAMS 0x000000008aa00000, 0x000000008aa00000| Complete 
| 171|0x000000008ab00000, 0x000000008ac00000, 0x000000008ac00000|100%| E|CS|TAMS 0x000000008ab00000, 0x000000008ab00000| Complete 
| 172|0x000000008ac00000, 0x000000008ad00000, 0x000000008ad00000|100%| E|CS|TAMS 0x000000008ac00000, 0x000000008ac00000| Complete 
| 173|0x000000008ad00000, 0x000000008ae00000, 0x000000008ae00000|100%| E|CS|TAMS 0x000000008ad00000, 0x000000008ad00000| Complete 
| 174|0x000000008ae00000, 0x000000008af00000, 0x000000008af00000|100%| E|CS|TAMS 0x000000008ae00000, 0x000000008ae00000| Complete 
| 175|0x000000008af00000, 0x000000008b000000, 0x000000008b000000|100%| E|CS|TAMS 0x000000008af00000, 0x000000008af00000| Complete 
| 176|0x000000008b000000, 0x000000008b100000, 0x000000008b100000|100%| E|CS|TAMS 0x000000008b000000, 0x000000008b000000| Complete 
| 177|0x000000008b100000, 0x000000008b200000, 0x000000008b200000|100%| E|CS|TAMS 0x000000008b100000, 0x000000008b100000| Complete 
| 178|0x000000008b200000, 0x000000008b300000, 0x000000008b300000|100%| E|CS|TAMS 0x000000008b200000, 0x000000008b200000| Complete 
| 179|0x000000008b300000, 0x000000008b400000, 0x000000008b400000|100%| E|CS|TAMS 0x000000008b300000, 0x000000008b300000| Complete 
| 180|0x000000008b400000, 0x000000008b500000, 0x000000008b500000|100%| E|CS|TAMS 0x000000008b400000, 0x000000008b400000| Complete 
| 181|0x000000008b500000, 0x000000008b600000, 0x000000008b600000|100%| E|CS|TAMS 0x000000008b500000, 0x000000008b500000| Complete 
| 182|0x000000008b600000, 0x000000008b700000, 0x000000008b700000|100%| E|CS|TAMS 0x000000008b600000, 0x000000008b600000| Complete 
| 183|0x000000008b700000, 0x000000008b800000, 0x000000008b800000|100%| E|CS|TAMS 0x000000008b700000, 0x000000008b700000| Complete 
| 184|0x000000008b800000, 0x000000008b900000, 0x000000008b900000|100%| E|CS|TAMS 0x000000008b800000, 0x000000008b800000| Complete 
| 185|0x000000008b900000, 0x000000008ba00000, 0x000000008ba00000|100%| E|CS|TAMS 0x000000008b900000, 0x000000008b900000| Complete 
| 186|0x000000008ba00000, 0x000000008bb00000, 0x000000008bb00000|100%| E|CS|TAMS 0x000000008ba00000, 0x000000008ba00000| Complete 
| 187|0x000000008bb00000, 0x000000008bc00000, 0x000000008bc00000|100%| E|CS|TAMS 0x000000008bb00000, 0x000000008bb00000| Complete 
| 188|0x000000008bc00000, 0x000000008bd00000, 0x000000008bd00000|100%| E|CS|TAMS 0x000000008bc00000, 0x000000008bc00000| Complete 
| 189|0x000000008bd00000, 0x000000008be00000, 0x000000008be00000|100%| E|CS|TAMS 0x000000008bd00000, 0x000000008bd00000| Complete 
| 190|0x000000008be00000, 0x000000008bf00000, 0x000000008bf00000|100%| E|CS|TAMS 0x000000008be00000, 0x000000008be00000| Complete 
| 191|0x000000008bf00000, 0x000000008c000000, 0x000000008c000000|100%| E|CS|TAMS 0x000000008bf00000, 0x000000008bf00000| Complete 

Card table byte_map: [0x000001bab8c60000,0x000001bab9060000] _byte_map_base: 0x000001bab8860000

Marking Bits (Prev, Next): (CMBitMap*) 0x000001baa3f9afb8, (CMBitMap*) 0x000001baa3f9aff0
 Prev Bits: [0x000001bab9460000, 0x000001babb460000)
 Next Bits: [0x000001babb460000, 0x000001babd460000)

Polling page: 0x000001baa4040000

Metaspace:

Usage:
  Non-class:     47.87 MB capacity,    46.69 MB ( 98%) used,     1.03 MB (  2%) free+waste,   144.38 KB ( <1%) overhead. 
      Class:      7.04 MB capacity,     6.48 MB ( 92%) used,   513.56 KB (  7%) free+waste,    68.00 KB ( <1%) overhead. 
       Both:     54.91 MB capacity,    53.17 MB ( 97%) used,     1.53 MB (  3%) free+waste,   212.38 KB ( <1%) overhead. 

Virtual space:
  Non-class space:       48.00 MB reserved,      47.87 MB (>99%) committed 
      Class space:        1.00 GB reserved,       7.13 MB ( <1%) committed 
             Both:        1.05 GB reserved,      55.00 MB (  5%) committed 

Chunk freelists:
   Non-Class:  3.00 KB
       Class:  1.00 KB
        Both:  4.00 KB

MaxMetaspaceSize: 17179869184.00 GB
CompressedClassSpaceSize: 1.00 GB

CodeHeap 'non-profiled nmethods': size=120064Kb used=5269Kb max_used=5269Kb free=114794Kb
 bounds [0x000001bab0d00000, 0x000001bab1230000, 0x000001bab8240000]
CodeHeap 'profiled nmethods': size=120000Kb used=20561Kb max_used=20561Kb free=99438Kb
 bounds [0x000001baa97d0000, 0x000001baaabf0000, 0x000001bab0d00000]
CodeHeap 'non-nmethods': size=5696Kb used=2227Kb max_used=2278Kb free=3468Kb
 bounds [0x000001baa9240000, 0x000001baa94b0000, 0x000001baa97d0000]
 total_blobs=9706 nmethods=8901 adapters=715
 compilation: enabled
              stopped_count=0, restarted_count=0
 full_count=0

Compilation events (20 events):
Event: 555.162 Thread 0x000001bac039a000 8908       3       java.util.LinkedHashMap::<init> (11 bytes)
Event: 555.162 Thread 0x000001bac039a000 nmethod 8908 0x000001baaabe2c90 code [0x000001baaabe2e80, 0x000001baaabe3028]
Event: 555.163 Thread 0x000001bac2d08800 nmethod 8907% 0x000001bab121e990 code [0x000001bab121ebc0, 0x000001bab121f828]
Event: 555.164 Thread 0x000001bac2d08800 8909       4       org.gradle.api.internal.artifacts.ivyservice.resolveengine.graph.builder.DependencyState::getModuleIdentifier (34 bytes)
Event: 555.166 Thread 0x000001bac2d08800 nmethod 8909 0x000001bab1220110 code [0x000001bab12202c0, 0x000001bab1220498]
Event: 555.166 Thread 0x000001bac2d08800 8910       4       java.util.stream.AbstractPipeline::wrapAndCopyInto (18 bytes)
Event: 555.170 Thread 0x000001bac2d08800 nmethod 8910 0x000001bab1220610 code [0x000001bab12207e0, 0x000001bab1220a98]
Event: 555.170 Thread 0x000001bac2d08800 8911       4       org.gradle.api.internal.artifacts.ModuleComponentSelectorSerializer::read (50 bytes)
Event: 555.180 Thread 0x000001bac039a000 8915       3       java.lang.Class::isEnum (27 bytes)
Event: 555.180 Thread 0x000001bac039a000 nmethod 8915 0x000001baaabe3110 code [0x000001baaabe32e0, 0x000001baaabe34f8]
Event: 555.180 Thread 0x000001bac039a000 8916       3       org.gradle.internal.component.model.AttributeMatchingExplanationBuilder::candidateAttributeDoesNotMatch (1 bytes)
Event: 555.180 Thread 0x000001bac039a000 nmethod 8916 0x000001baaabe3590 code [0x000001baaabe3740, 0x000001baaabe3838]
Event: 555.206 Thread 0x000001bac2d08800 nmethod 8911 0x000001bab1220e90 code [0x000001bab12211a0, 0x000001bab1222898]
Event: 555.206 Thread 0x000001bac2d08800 8912       4       org.gradle.api.internal.artifacts.ModuleComponentSelectorSerializer::readVersionConstraint (91 bytes)
Event: 555.217 Thread 0x000001bac039a000 8919       1       org.gradle.internal.resources.AbstractTrackedResourceLock::getDisplayName (5 bytes)
Event: 555.217 Thread 0x000001bac039a000 nmethod 8919 0x000001bab1223b90 code [0x000001bab1223d40, 0x000001bab1223df8]
Event: 555.218 Thread 0x000001bac039a000 8920       3       com.google.common.collect.Lists::newArrayList (36 bytes)
Event: 555.218 Thread 0x000001bac2d08800 nmethod 8912 0x000001bab1223e90 code [0x000001bab1224100, 0x000001bab1224b70]
Event: 555.218 Thread 0x000001bac039a000 nmethod 8920 0x000001baaabe3910 code [0x000001baaabe3b60, 0x000001baaabe44f8]
Event: 555.218 Thread 0x000001bac2d08800 8913       4       org.gradle.api.internal.artifacts.ModuleComponentSelectorSerializer::readCapabilities (70 bytes)

GC Heap History (20 events):
Event: 1.163 GC heap after
{Heap after GC invocations=2 (full 0):
 garbage-first heap   total 196608K, used 9202K [0x0000000080000000, 0x0000000100000000)
  region size 1024K, 1 young (1024K), 1 survivors (1024K)
 Metaspace       used 10842K, capacity 11069K, committed 11264K, reserved 1058816K
  class space    used 1144K, capacity 1203K, committed 1280K, reserved 1048576K
}
Event: 1.591 GC heap before
{Heap before GC invocations=2 (full 0):
 garbage-first heap   total 196608K, used 36850K [0x0000000080000000, 0x0000000100000000)
  region size 1024K, 29 young (29696K), 1 survivors (1024K)
 Metaspace       used 11024K, capacity 11262K, committed 11520K, reserved 1058816K
  class space    used 1145K, capacity 1203K, committed 1280K, reserved 1048576K
}
Event: 1.593 GC heap after
{Heap after GC invocations=3 (full 0):
 garbage-first heap   total 196608K, used 13443K [0x0000000080000000, 0x0000000100000000)
  region size 1024K, 4 young (4096K), 4 survivors (4096K)
 Metaspace       used 11024K, capacity 11262K, committed 11520K, reserved 1058816K
  class space    used 1145K, capacity 1203K, committed 1280K, reserved 1048576K
}
Event: 2.546 GC heap before
{Heap before GC invocations=3 (full 0):
 garbage-first heap   total 196608K, used 55427K [0x0000000080000000, 0x0000000100000000)
  region size 1024K, 45 young (46080K), 4 survivors (4096K)
 Metaspace       used 18777K, capacity 19264K, committed 19328K, reserved 1067008K
  class space    used 2262K, capacity 2405K, committed 2432K, reserved 1048576K
}
Event: 2.551 GC heap after
{Heap after GC invocations=4 (full 0):
 garbage-first heap   total 196608K, used 16213K [0x0000000080000000, 0x0000000100000000)
  region size 1024K, 3 young (3072K), 3 survivors (3072K)
 Metaspace       used 18777K, capacity 19264K, committed 19328K, reserved 1067008K
  class space    used 2262K, capacity 2405K, committed 2432K, reserved 1048576K
}
Event: 2.731 GC heap before
{Heap before GC invocations=4 (full 0):
 garbage-first heap   total 196608K, used 29525K [0x0000000080000000, 0x0000000100000000)
  region size 1024K, 17 young (17408K), 3 survivors (3072K)
 Metaspace       used 20558K, capacity 21123K, committed 21296K, reserved 1069056K
  class space    used 2514K, capacity 2688K, committed 2688K, reserved 1048576K
}
Event: 2.735 GC heap after
{Heap after GC invocations=5 (full 0):
 garbage-first heap   total 196608K, used 16502K [0x0000000080000000, 0x0000000100000000)
  region size 1024K, 4 young (4096K), 4 survivors (4096K)
 Metaspace       used 20558K, capacity 21123K, committed 21296K, reserved 1069056K
  class space    used 2514K, capacity 2688K, committed 2688K, reserved 1048576K
}
Event: 3.531 GC heap before
{Heap before GC invocations=6 (full 0):
 garbage-first heap   total 196608K, used 85110K [0x0000000080000000, 0x0000000100000000)
  region size 1024K, 62 young (63488K), 4 survivors (4096K)
 Metaspace       used 26726K, capacity 27468K, committed 27568K, reserved 1073152K
  class space    used 3501K, capacity 3761K, committed 3840K, reserved 1048576K
}
Event: 3.538 GC heap after
{Heap after GC invocations=7 (full 0):
 garbage-first heap   total 196608K, used 31447K [0x0000000080000000, 0x0000000100000000)
  region size 1024K, 8 young (8192K), 8 survivors (8192K)
 Metaspace       used 26726K, capacity 27468K, committed 27568K, reserved 1073152K
  class space    used 3501K, capacity 3761K, committed 3840K, reserved 1048576K
}
Event: 4.201 GC heap before
{Heap before GC invocations=7 (full 0):
 garbage-first heap   total 196608K, used 76503K [0x0000000080000000, 0x0000000100000000)
  region size 1024K, 53 young (54272K), 8 survivors (8192K)
 Metaspace       used 34815K, capacity 35621K, committed 35708K, reserved 1081344K
  class space    used 4527K, capacity 4843K, committed 4864K, reserved 1048576K
}
Event: 4.209 GC heap after
{Heap after GC invocations=8 (full 0):
 garbage-first heap   total 196608K, used 34128K [0x0000000080000000, 0x0000000100000000)
  region size 1024K, 8 young (8192K), 8 survivors (8192K)
 Metaspace       used 34815K, capacity 35621K, committed 35708K, reserved 1081344K
  class space    used 4527K, capacity 4843K, committed 4864K, reserved 1048576K
}
Event: 5.431 GC heap before
{Heap before GC invocations=9 (full 0):
 garbage-first heap   total 196608K, used 141648K [0x0000000080000000, 0x0000000100000000)
  region size 1024K, 102 young (104448K), 8 survivors (8192K)
 Metaspace       used 43520K, capacity 44701K, committed 44796K, reserved 1087488K
  class space    used 5555K, capacity 5944K, committed 6016K, reserved 1048576K
}
Event: 5.454 GC heap after
{Heap after GC invocations=10 (full 0):
 garbage-first heap   total 196608K, used 50901K [0x0000000080000000, 0x0000000100000000)
  region size 1024K, 11 young (11264K), 11 survivors (11264K)
 Metaspace       used 43520K, capacity 44701K, committed 44796K, reserved 1087488K
  class space    used 5555K, capacity 5944K, committed 6016K, reserved 1048576K
}
Event: 6.660 GC heap before
{Heap before GC invocations=10 (full 0):
 garbage-first heap   total 196608K, used 145109K [0x0000000080000000, 0x0000000100000000)
  region size 1024K, 101 young (103424K), 11 survivors (11264K)
 Metaspace       used 49731K, capacity 51120K, committed 51196K, reserved 1093632K
  class space    used 6296K, capacity 6749K, committed 6784K, reserved 1048576K
}
Event: 6.674 GC heap after
{Heap after GC invocations=11 (full 0):
 garbage-first heap   total 196608K, used 63729K [0x0000000080000000, 0x0000000100000000)
  region size 1024K, 10 young (10240K), 10 survivors (10240K)
 Metaspace       used 49731K, capacity 51120K, committed 51196K, reserved 1093632K
  class space    used 6296K, capacity 6749K, committed 6784K, reserved 1048576K
}
Event: 113.185 GC heap before
{Heap before GC invocations=11 (full 0):
 garbage-first heap   total 196608K, used 145649K [0x0000000080000000, 0x0000000100000000)
  region size 1024K, 91 young (93184K), 10 survivors (10240K)
 Metaspace       used 52791K, capacity 54424K, committed 54524K, reserved 1097728K
  class space    used 6504K, capacity 7035K, committed 7040K, reserved 1048576K
}
Event: 113.195 GC heap after
{Heap after GC invocations=12 (full 0):
 garbage-first heap   total 196608K, used 68608K [0x0000000080000000, 0x0000000100000000)
  region size 1024K, 5 young (5120K), 5 survivors (5120K)
 Metaspace       used 52791K, capacity 54424K, committed 54524K, reserved 1097728K
  class space    used 6504K, capacity 7035K, committed 7040K, reserved 1048576K
}
Event: 245.647 GC heap before
{Heap before GC invocations=12 (full 0):
 garbage-first heap   total 196608K, used 150528K [0x0000000080000000, 0x0000000100000000)
  region size 1024K, 86 young (88064K), 5 survivors (5120K)
 Metaspace       used 53794K, capacity 55544K, committed 55676K, reserved 1097728K
  class space    used 6579K, capacity 7148K, committed 7168K, reserved 1048576K
}
Event: 245.658 GC heap after
{Heap after GC invocations=13 (full 0):
 garbage-first heap   total 196608K, used 73214K [0x0000000080000000, 0x0000000100000000)
  region size 1024K, 10 young (10240K), 10 survivors (10240K)
 Metaspace       used 53794K, capacity 55544K, committed 55676K, reserved 1097728K
  class space    used 6579K, capacity 7148K, committed 7168K, reserved 1048576K
}
Event: 555.222 GC heap before
{Heap before GC invocations=13 (full 0):
 garbage-first heap   total 196608K, used 153086K [0x0000000080000000, 0x0000000100000000)
  region size 1024K, 89 young (91136K), 10 survivors (10240K)
 Metaspace       used 54447K, capacity 56230K, committed 56316K, reserved 1097728K
  class space    used 6631K, capacity 7213K, committed 7296K, reserved 1048576K
}

Deoptimization events (20 events):
Event: 358.260 Thread 0x000001bac294a000 Uncommon trap: trap_request=0xffffff4d fr.pc=0x000001bab1154490 relative=0x0000000000000430
Event: 358.260 Thread 0x000001bac294a000 Uncommon trap: reason=unstable_if action=reinterpret pc=0x000001bab1154490 method=groovyjarjarantlr.CharScanner.consume()V @ 7 c2
Event: 358.260 Thread 0x000001bac294a000 DEOPT PACKING pc=0x000001bab1154490 sp=0x000000910caf86a0
Event: 358.260 Thread 0x000001bac294a000 DEOPT UNPACKING pc=0x000001baa926782f sp=0x000000910caf8670 mode 2
Event: 358.260 Thread 0x000001bac294a000 Uncommon trap: trap_request=0xffffff7e fr.pc=0x000001bab0f758f8 relative=0x00000000000004d8
Event: 358.260 Thread 0x000001bac294a000 Uncommon trap: reason=predicate action=maybe_recompile pc=0x000001bab0f758f8 method=groovyjarjarantlr.InputBuffer.syncConsume()V @ 4 c2
Event: 358.260 Thread 0x000001bac294a000 DEOPT PACKING pc=0x000001bab0f758f8 sp=0x000000910caf8740
Event: 358.260 Thread 0x000001bac294a000 DEOPT UNPACKING pc=0x000001baa926782f sp=0x000000910caf85c8 mode 2
Event: 358.334 Thread 0x000001bac294a000 DEOPT PACKING pc=0x000001baaa6f4f86 sp=0x000000910cafc270
Event: 358.334 Thread 0x000001bac294a000 DEOPT UNPACKING pc=0x000001baa926764e sp=0x000000910cafb718 mode 0
Event: 555.062 Thread 0x000001bac2950800 DEOPT PACKING pc=0x000001baaa30b046 sp=0x000000910cafa640
Event: 555.062 Thread 0x000001bac2950800 DEOPT UNPACKING pc=0x000001baa926764e sp=0x000000910caf9af0 mode 0
Event: 555.140 Thread 0x000001bac2950800 Uncommon trap: trap_request=0xffffffbe fr.pc=0x000001bab1218d54 relative=0x0000000000000814
Event: 555.140 Thread 0x000001bac2950800 Uncommon trap: reason=profile_predicate action=maybe_recompile pc=0x000001bab1218d54 method=groovy.lang.MetaClassImpl$MethodIndexAction.iterate()V @ 78 c2
Event: 555.140 Thread 0x000001bac2950800 DEOPT PACKING pc=0x000001bab1218d54 sp=0x000000910caf9df0
Event: 555.140 Thread 0x000001bac2950800 DEOPT UNPACKING pc=0x000001baa926782f sp=0x000000910caf9dd8 mode 2
Event: 555.141 Thread 0x000001bac2950800 Uncommon trap: trap_request=0xffffffbe fr.pc=0x000001bab1218d54 relative=0x0000000000000814
Event: 555.141 Thread 0x000001bac2950800 Uncommon trap: reason=profile_predicate action=maybe_recompile pc=0x000001bab1218d54 method=groovy.lang.MetaClassImpl$MethodIndexAction.iterate()V @ 78 c2
Event: 555.141 Thread 0x000001bac2950800 DEOPT PACKING pc=0x000001bab1218d54 sp=0x000000910caf9df0
Event: 555.141 Thread 0x000001bac2950800 DEOPT UNPACKING pc=0x000001baa926782f sp=0x000000910caf9dd8 mode 2

Classes redefined (0 events):
No events

Internal exceptions (20 events):
Event: 357.955 Thread 0x000001bac294a000 Exception <a 'java/lang/ClassNotFoundException'{0x00000000897b4c90}: sync_studio_tooling4208_ck0wpm5myxebx5fvm16hfe90nCustomizer> (0x00000000897b4c90) thrown at [./src/hotspot/share/classfile/systemDictionary.cpp, line 231]
Event: 357.980 Thread 0x000001bac2953000 Exception <a 'sun/nio/fs/WindowsException'{0x000000008966c8d8}> (0x000000008966c8d8) thrown at [./src/hotspot/share/prims/jni.cpp, line 615]
Event: 357.981 Thread 0x000001bac2953000 Exception <a 'sun/nio/fs/WindowsException'{0x000000008966ca40}> (0x000000008966ca40) thrown at [./src/hotspot/share/prims/jni.cpp, line 615]
Event: 357.986 Thread 0x000001bac294a000 Exception <a 'java/lang/ClassNotFoundException'{0x00000000896e0540}: sync_studio_tooling4208_ck0wpm5myxebx5fvm16hfe90nBeanInfo> (0x00000000896e0540) thrown at [./src/hotspot/share/classfile/systemDictionary.cpp, line 231]
Event: 357.986 Thread 0x000001bac294a000 Exception <a 'java/lang/ClassNotFoundException'{0x00000000896eab08}: sync_studio_tooling4208_ck0wpm5myxebx5fvm16hfe90nCustomizer> (0x00000000896eab08) thrown at [./src/hotspot/share/classfile/systemDictionary.cpp, line 231]
Event: 358.315 Thread 0x000001bac5a2f800 Exception <a 'sun/nio/fs/WindowsException'{0x00000000884173c8}> (0x00000000884173c8) thrown at [./src/hotspot/share/prims/jni.cpp, line 615]
Event: 358.316 Thread 0x000001bac5a2f800 Exception <a 'sun/nio/fs/WindowsException'{0x00000000884175a8}> (0x00000000884175a8) thrown at [./src/hotspot/share/prims/jni.cpp, line 615]
Event: 358.320 Thread 0x000001bac294a000 Exception <a 'java/lang/ClassNotFoundException'{0x000000008848d5a8}: build_f3ybzoz14bkwalbrgc54skz6fBeanInfo> (0x000000008848d5a8) thrown at [./src/hotspot/share/classfile/systemDictionary.cpp, line 231]
Event: 358.320 Thread 0x000001bac294a000 Exception <a 'java/lang/ClassNotFoundException'{0x00000000884967e0}: build_f3ybzoz14bkwalbrgc54skz6fCustomizer> (0x00000000884967e0) thrown at [./src/hotspot/share/classfile/systemDictionary.cpp, line 231]
Event: 358.325 Thread 0x000001bac294a000 Exception <a 'java/lang/NoClassDefFoundError'{0x00000000884f4e68}: Could not initialize class com.android.build.gradle.internal.plugins.VersionCheckPlugin> (0x00000000884f4e68) thrown at [./src/hotspot/share/oops/instanceKlass.cpp, line 945]
Event: 555.037 Thread 0x000001bac2957000 Exception <a 'sun/nio/fs/WindowsException'{0x0000000087db82a0}> (0x0000000087db82a0) thrown at [./src/hotspot/share/prims/jni.cpp, line 615]
Event: 555.038 Thread 0x000001bac2957000 Exception <a 'sun/nio/fs/WindowsException'{0x0000000087db8478}> (0x0000000087db8478) thrown at [./src/hotspot/share/prims/jni.cpp, line 615]
Event: 555.042 Thread 0x000001bac2950800 Exception <a 'java/lang/ClassNotFoundException'{0x0000000087c5b208}: sync_studio_tooling10_2smwg4yj2ii9d7sseiwkpv47yBeanInfo> (0x0000000087c5b208) thrown at [./src/hotspot/share/classfile/systemDictionary.cpp, line 231]
Event: 555.042 Thread 0x000001bac2950800 Exception <a 'java/lang/ClassNotFoundException'{0x0000000087c651a8}: sync_studio_tooling10_2smwg4yj2ii9d7sseiwkpv47yCustomizer> (0x0000000087c651a8) thrown at [./src/hotspot/share/classfile/systemDictionary.cpp, line 231]
Event: 555.058 Thread 0x000001bac2954800 Exception <a 'sun/nio/fs/WindowsException'{0x0000000087b1b708}> (0x0000000087b1b708) thrown at [./src/hotspot/share/prims/jni.cpp, line 615]
Event: 555.059 Thread 0x000001bac2954800 Exception <a 'sun/nio/fs/WindowsException'{0x0000000087b1b8d8}> (0x0000000087b1b8d8) thrown at [./src/hotspot/share/prims/jni.cpp, line 615]
Event: 555.063 Thread 0x000001bac2950800 Exception <a 'java/lang/ClassNotFoundException'{0x0000000087b89530}: sync_studio_tooling10_2smwg4yj2ii9d7sseiwkpv47yBeanInfo> (0x0000000087b89530) thrown at [./src/hotspot/share/classfile/systemDictionary.cpp, line 231]
Event: 555.063 Thread 0x000001bac2950800 Exception <a 'java/lang/ClassNotFoundException'{0x0000000087b93478}: sync_studio_tooling10_2smwg4yj2ii9d7sseiwkpv47yCustomizer> (0x0000000087b93478) thrown at [./src/hotspot/share/classfile/systemDictionary.cpp, line 231]
Event: 555.141 Thread 0x000001bac2950800 Exception <a 'java/lang/ClassNotFoundException'{0x0000000087725560}: build_8g529yk8htkckd9ba894585r7BeanInfo> (0x0000000087725560) thrown at [./src/hotspot/share/classfile/systemDictionary.cpp, line 231]
Event: 555.141 Thread 0x000001bac2950800 Exception <a 'java/lang/ClassNotFoundException'{0x000000008772e838}: build_8g529yk8htkckd9ba894585r7Customizer> (0x000000008772e838) thrown at [./src/hotspot/share/classfile/systemDictionary.cpp, line 231]

Events (20 events):
Event: 555.144 Executing VM operation: RevokeBias done
Event: 555.144 Executing VM operation: RevokeBias
Event: 555.144 Executing VM operation: RevokeBias done
Event: 555.144 Executing VM operation: RevokeBias
Event: 555.144 Executing VM operation: RevokeBias done
Event: 555.145 loading class groovy/runtime/metaclass/build_8g529yk8htkckd9ba894585r7$_run_closure1$_closure2MetaClass
Event: 555.145 loading class groovy/runtime/metaclass/build_8g529yk8htkckd9ba894585r7$_run_closure1$_closure2MetaClass done
Event: 555.155 Executing VM operation: RevokeBias
Event: 555.155 Executing VM operation: RevokeBias done
Event: 555.157 loading class groovy/runtime/metaclass/build_8g529yk8htkckd9ba894585r7$_run_closure1$_closure3MetaClass
Event: 555.157 loading class groovy/runtime/metaclass/build_8g529yk8htkckd9ba894585r7$_run_closure1$_closure3MetaClass done
Event: 555.215 Thread 0x000001bac4ad9000 Thread added: 0x000001bac4ad9000
Event: 555.215 Thread 0x000001bac4ad4800 Thread added: 0x000001bac4ad4800
Event: 555.216 Thread 0x000001bac4ade000 Thread added: 0x000001bac4ade000
Event: 555.216 Thread 0x000001bac4adb000 Thread added: 0x000001bac4adb000
Event: 555.216 Executing VM operation: RevokeBias
Event: 555.217 Executing VM operation: RevokeBias done
Event: 555.217 Executing VM operation: RevokeBias
Event: 555.217 Executing VM operation: RevokeBias done
Event: 555.222 Executing VM operation: G1CollectForAllocation


Dynamic libraries:
0x00007ff7c69a0000 - 0x00007ff7c69aa000 	C:\Program Files\Android\Android Studio\jre\bin\java.exe
0x00007fffd29f0000 - 0x00007fffd2be5000 	C:\Windows\SYSTEM32\ntdll.dll
0x00007fffd1a10000 - 0x00007fffd1ace000 	C:\Windows\System32\KERNEL32.DLL
0x00007fffd0400000 - 0x00007fffd06c8000 	C:\Windows\System32\KERNELBASE.dll
0x00007fffd0790000 - 0x00007fffd0890000 	C:\Windows\System32\ucrtbase.dll
0x00007fffac7e0000 - 0x00007fffac7f7000 	C:\Program Files\Android\Android Studio\jre\bin\VCRUNTIME140.dll
0x00007fffb0910000 - 0x00007fffb0929000 	C:\Program Files\Android\Android Studio\jre\bin\jli.dll
0x00007fffd0a10000 - 0x00007fffd0bb1000 	C:\Windows\System32\USER32.dll
0x00007fffc2d70000 - 0x00007fffc300a000 	C:\Windows\WinSxS\amd64_microsoft.windows.common-controls_6595b64144ccf1df_6.0.19041.1110_none_60b5254171f9507e\COMCTL32.dll
0x00007fffd0890000 - 0x00007fffd08b2000 	C:\Windows\System32\win32u.dll
0x00007fffd0bc0000 - 0x00007fffd0c5e000 	C:\Windows\System32\msvcrt.dll
0x00007fffd17a0000 - 0x00007fffd17cb000 	C:\Windows\System32\GDI32.dll
0x00007fffd00e0000 - 0x00007fffd01eb000 	C:\Windows\System32\gdi32full.dll
0x00007fffd0970000 - 0x00007fffd0a0d000 	C:\Windows\System32\msvcp_win.dll
0x00007fffd2390000 - 0x00007fffd23c0000 	C:\Windows\System32\IMM32.DLL
0x00007fff9f190000 - 0x00007fff9f22d000 	C:\Program Files\Android\Android Studio\jre\bin\msvcp140.dll
0x00007fff8be00000 - 0x00007fff8c8cf000 	C:\Program Files\Android\Android Studio\jre\bin\server\jvm.dll
0x00007fffd2280000 - 0x00007fffd232c000 	C:\Windows\System32\ADVAPI32.dll
0x00007fffd0c60000 - 0x00007fffd0cfb000 	C:\Windows\System32\sechost.dll
0x00007fffd14c0000 - 0x00007fffd15ea000 	C:\Windows\System32\RPCRT4.dll
0x00007fffd17d0000 - 0x00007fffd17d8000 	C:\Windows\System32\PSAPI.DLL
0x00007fffca190000 - 0x00007fffca1b7000 	C:\Windows\SYSTEM32\WINMM.dll
0x00007fffca210000 - 0x00007fffca21a000 	C:\Windows\SYSTEM32\VERSION.dll
0x00007fffcbb80000 - 0x00007fffcbb89000 	C:\Windows\SYSTEM32\WSOCK32.dll
0x00007fffd1ad0000 - 0x00007fffd1b3b000 	C:\Windows\System32\WS2_32.dll
0x00007fffcdf20000 - 0x00007fffcdf32000 	C:\Windows\SYSTEM32\kernel.appcore.dll
0x00007fffc47f0000 - 0x00007fffc4801000 	C:\Program Files\Android\Android Studio\jre\bin\verify.dll
0x00007fffbf6b0000 - 0x00007fffbf894000 	C:\Windows\SYSTEM32\DBGHELP.DLL
0x00007fffbf420000 - 0x00007fffbf44c000 	C:\Windows\SYSTEM32\dbgcore.DLL
0x00007fffd0700000 - 0x00007fffd0783000 	C:\Windows\System32\bcryptPrimitives.dll
0x00007fffc4490000 - 0x00007fffc44b9000 	C:\Program Files\Android\Android Studio\jre\bin\java.dll
0x00007fffcbb50000 - 0x00007fffcbb5b000 	C:\Program Files\Android\Android Studio\jre\bin\jimage.dll
0x00007fffb8560000 - 0x00007fffb8578000 	C:\Program Files\Android\Android Studio\jre\bin\zip.dll
0x00007fffd1b40000 - 0x00007fffd227f000 	C:\Windows\System32\SHELL32.dll
0x00007fffce200000 - 0x00007fffce990000 	C:\Windows\SYSTEM32\windows.storage.dll
0x00007fffd2570000 - 0x00007fffd28c5000 	C:\Windows\System32\combase.dll
0x00007fffcfa60000 - 0x00007fffcfa8e000 	C:\Windows\SYSTEM32\Wldp.dll
0x00007fffd28d0000 - 0x00007fffd297d000 	C:\Windows\System32\SHCORE.dll
0x00007fffd19b0000 - 0x00007fffd1a05000 	C:\Windows\System32\shlwapi.dll
0x00007fffd0020000 - 0x00007fffd003f000 	C:\Windows\SYSTEM32\profapi.dll
0x00007fffb4f40000 - 0x00007fffb4f5a000 	C:\Program Files\Android\Android Studio\jre\bin\net.dll
0x00007fffc9a90000 - 0x00007fffc9b9c000 	C:\Windows\SYSTEM32\WINHTTP.dll
0x00007fffcf7c0000 - 0x00007fffcf82a000 	C:\Windows\system32\mswsock.dll
0x00007fffb4f20000 - 0x00007fffb4f34000 	C:\Program Files\Android\Android Studio\jre\bin\nio.dll
0x00007fffb0930000 - 0x00007fffb0957000 	C:\Users\CQ\.gradle\native\fdc75f09e3144964f2cf3f50f0aa648679c211496f362492102eb8c894070792\windows-amd64\native-platform.dll
0x00007fff84ca0000 - 0x00007fff84e36000 	C:\Users\CQ\.gradle\native\12488b8bf47d2d4c9fbf2f6322a914ad602e24e48041cd04a747c6da556b65c4\windows-amd64\native-platform-file-events.dll
0x00007fffc47e0000 - 0x00007fffc47ea000 	C:\Program Files\Android\Android Studio\jre\bin\management.dll
0x00007fffc1f80000 - 0x00007fffc1f8c000 	C:\Program Files\Android\Android Studio\jre\bin\management_ext.dll
0x00007fffcf9c0000 - 0x00007fffcf9d8000 	C:\Windows\SYSTEM32\CRYPTSP.dll
0x00007fffcf140000 - 0x00007fffcf174000 	C:\Windows\system32\rsaenh.dll
0x00007fffd06d0000 - 0x00007fffd06f7000 	C:\Windows\System32\bcrypt.dll
0x00007fffcffe0000 - 0x00007fffd000e000 	C:\Windows\SYSTEM32\USERENV.dll
0x00007fffcf9b0000 - 0x00007fffcf9bc000 	C:\Windows\SYSTEM32\CRYPTBASE.dll
0x00007fffcf4b0000 - 0x00007fffcf4eb000 	C:\Windows\SYSTEM32\IPHLPAPI.DLL
0x00007fffd0de0000 - 0x00007fffd0de8000 	C:\Windows\System32\NSI.dll
0x00007fffca970000 - 0x00007fffca987000 	C:\Windows\SYSTEM32\dhcpcsvc6.DLL
0x00007fffca950000 - 0x00007fffca96d000 	C:\Windows\SYSTEM32\dhcpcsvc.DLL
0x00007fffcf4f0000 - 0x00007fffcf5bb000 	C:\Windows\SYSTEM32\DNSAPI.dll
0x00007fffcabc0000 - 0x00007fffcabcb000 	C:\Windows\SYSTEM32\WINNSI.DLL

dbghelp: loaded successfully - version: 4.0.5 - missing functions: none
symbol engine: initialized successfully - sym options: 0x614 - pdb path: .;C:\Program Files\Android\Android Studio\jre\bin;C:\Windows\SYSTEM32;C:\Windows\WinSxS\amd64_microsoft.windows.common-controls_6595b64144ccf1df_6.0.19041.1110_none_60b5254171f9507e;C:\Program Files\Android\Android Studio\jre\bin\server;C:\Users\CQ\.gradle\native\fdc75f09e3144964f2cf3f50f0aa648679c211496f362492102eb8c894070792\windows-amd64;C:\Users\CQ\.gradle\native\12488b8bf47d2d4c9fbf2f6322a914ad602e24e48041cd04a747c6da556b65c4\windows-amd64

VM Arguments:
jvm_args: --add-opens=java.base/java.util=ALL-UNNAMED --add-opens=java.base/java.lang=ALL-UNNAMED --add-opens=java.base/java.lang.invoke=ALL-UNNAMED --add-opens=java.prefs/java.util.prefs=ALL-UNNAMED -Xmx2048m -Dfile.encoding=UTF-8 -Duser.country=CO -Duser.language=es -Duser.variant 
java_command: org.gradle.launcher.daemon.bootstrap.GradleDaemon 6.7.1
java_class_path (initial): C:\Users\CQ\.gradle\wrapper\dists\gradle-6.7.1-bin\bwlcbys1h7rz3272sye1xwiv6\gradle-6.7.1\lib\gradle-launcher-6.7.1.jar
Launcher Type: SUN_STANDARD

[Global flags]
     intx CICompilerCount                          = 3                                         {product} {ergonomic}
     uint ConcGCThreads                            = 1                                         {product} {ergonomic}
     uint G1ConcRefinementThreads                  = 4                                         {product} {ergonomic}
   size_t G1HeapRegionSize                         = 1048576                                   {product} {ergonomic}
    uintx GCDrainStackTargetSize                   = 64                                        {product} {ergonomic}
   size_t InitialHeapSize                          = 201326592                                 {product} {ergonomic}
   size_t MarkStackSize                            = 4194304                                   {product} {ergonomic}
   size_t MaxHeapSize                              = 2147483648                                {product} {command line}
   size_t MaxNewSize                               = 1287651328                                {product} {ergonomic}
   size_t MinHeapDeltaBytes                        = 1048576                                   {product} {ergonomic}
    uintx NonNMethodCodeHeapSize                   = 5830732                                {pd product} {ergonomic}
    uintx NonProfiledCodeHeapSize                  = 122913754                              {pd product} {ergonomic}
    uintx ProfiledCodeHeapSize                     = 122913754                              {pd product} {ergonomic}
    uintx ReservedCodeCacheSize                    = 251658240                              {pd product} {ergonomic}
     bool SegmentedCodeCache                       = true                                      {product} {ergonomic}
     bool UseCompressedClassPointers               = true                                 {lp64_product} {ergonomic}
     bool UseCompressedOops                        = true                                 {lp64_product} {ergonomic}
     bool UseG1GC                                  = true                                      {product} {ergonomic}
     bool UseLargePagesIndividualAllocation        = false                                  {pd product} {ergonomic}

Logging:
Log output configuration:
 #0: stdout all=warning uptime,level,tags
 #1: stderr all=off uptime,level,tags

Environment Variables:
PATH=C:\Program Files (x86)\NVIDIA Corporation\PhysX\Common;c:\program files\microsoft mpi\bin\;c:\program files\common files\oracle\java\javapath;c:\program files (x86)\common files\oracle\java\javapath;c:\windows\system32;c:\windows;c:\windows\system32\wbem;c:\windows\system32\windowspowershell\v1.0\;c:\windows\system32\openssh\;c:\program files\dotnet\;c:\program files (x86)\microsoft sql server\150\tools\binn\;c:\program files\microsoft sql server\150\tools\binn\;c:\program files (x86)\microsoft sql server\150\dts\binn\;c:\program files\microsoft sql server\150\dts\binn\;c:\program files\microsoft sql server\client sdk\odbc\170\tools\binn\;c:\program files\azure data studio\bin;c:\program files\git\cmd;c:\program files\nvidia corporation\nvidia nvdlisr;C:\Users\CQ\AppData\Local\Microsoft\WindowsApps;C:\Users\CQ\AppData\Local\Programs\Microsoft VS Code\bin;C:\Users\CQ\.dotnet\tools;C:\Program Files\Azure Data Studio\bin;C:\Users\CQ\AppData\Local\GitHubDesktop\bin
USERNAME=CQ
OS=Windows_NT
PROCESSOR_IDENTIFIER=Intel64 Family 6 Model 58 Stepping 9, GenuineIntel



---------------  S Y S T E M  ---------------

OS: Windows 10 , 64 bit Build 19041 (10.0.19041.1348)
OS uptime: 0 days 7:08 hours

CPU:total 4 (initial active 4) (4 cores per cpu, 1 threads per core) family 6 model 58 stepping 9 microcode 0x21, cmov, cx8, fxsr, mmx, sse, sse2, sse3, ssse3, sse4.1, sse4.2, popcnt, avx, aes, clmul, erms, tsc, tscinvbit, tscinv

Memory: 4k page, system-wide physical 12162M (1992M free)
TotalPageFile size 24450M (AvailPageFile size 11195M)
current process WorkingSet (physical memory assigned to process): 360M, peak: 366M
current process commit charge ("private bytes"): 408M, peak: 422M

vm_info: OpenJDK 64-Bit Server VM (11.0.10+0-b96-7249189) for windows-amd64 JRE (11.0.10+0-b96-7249189), built on Mar 31 2021 21:44:00 by "builder" with MS VC++ 14.0 (VS2015)

END.
