#
# A fatal error has been detected by the Java Runtime Environment:
#
#  EXCEPTION_ACCESS_VIOLATION (0xc0000005) at pc=0x00007fff8c0d420d, pid=4988, tid=13644
#
# JRE version: OpenJDK Runtime Environment (11.0.10) (build 11.0.10+0-b96-7249189)
# Java VM: OpenJDK 64-Bit Server VM (11.0.10+0-b96-7249189, mixed mode, tiered, compressed oops, g1 gc, windows-amd64)
# Problematic frame:
# V  [jvm.dll+0x2d420d]
#
# No core dump will be written. Minidumps are not enabled by default on client versions of Windows
#
# If you would like to submit a bug report, please visit:
#   https://bugreport.java.com/bugreport/crash.jsp
#

---------------  S U M M A R Y ------------

Command Line: --add-opens=java.base/java.util=ALL-UNNAMED --add-opens=java.base/java.lang=ALL-UNNAMED --add-opens=java.base/java.lang.invoke=ALL-UNNAMED --add-opens=java.prefs/java.util.prefs=ALL-UNNAMED -Xmx2048m -Dfile.encoding=UTF-8 -Duser.country=CO -Duser.language=es -Duser.variant org.gradle.launcher.daemon.bootstrap.GradleDaemon 6.7.1

Host: Intel(R) Core(TM) i5-3470 CPU @ 3.20GHz, 4 cores, 11G,  Windows 10 , 64 bit Build 19041 (10.0.19041.1348)
Time: Thu Nov 25 20:53:49 2021 Hora est. Pacífico, Sudamérica elapsed time: 9.583298 seconds (0d 0h 0m 9s)

---------------  T H R E A D  ---------------

Current thread (0x000001feab0e3800):  GCTaskThread "GC Thread#1" [stack: 0x000000616ba00000,0x000000616bb00000] [id=13644]

Stack: [0x000000616ba00000,0x000000616bb00000],  sp=0x000000616baff170,  free space=1020k
Native frames: (J=compiled Java code, j=interpreted, Vv=VM code, C=native code)
V  [jvm.dll+0x2d420d]
V  [jvm.dll+0x2fe6ff]
V  [jvm.dll+0x2ff998]
V  [jvm.dll+0x2d1282]
V  [jvm.dll+0x2fdb7b]
V  [jvm.dll+0x2fd8ae]
V  [jvm.dll+0x30fbda]
V  [jvm.dll+0x1cffc4]
V  [jvm.dll+0x1d0053]
V  [jvm.dll+0x2fd81d]
V  [jvm.dll+0x1d0b4a]
V  [jvm.dll+0x310d8b]
V  [jvm.dll+0x310938]
V  [jvm.dll+0x2dd402]
V  [jvm.dll+0x748da0]
V  [jvm.dll+0x6e3d45]
V  [jvm.dll+0x5ebe96]
C  [ucrtbase.dll+0x21bb2]
C  [KERNEL32.DLL+0x17034]
C  [ntdll.dll+0x52651]


siginfo: EXCEPTION_ACCESS_VIOLATION (0xc0000005), reading address 0x00000000000000f8


Register to memory mapping:

RIP=0x00007fff8c0d420d jvm.dll
RAX=0x000001fe8e214100 points into unknown readable memory: 0x0000000000000000 | 00 00 00 00 00 00 00 00
RBX=0x000001feacd3b880 points into unknown readable memory: 0x00007fff8c6230f8 | f8 30 62 8c ff 7f 00 00
RCX=0x0 is NULL
RDX=0x000001fe8e279e30 points into unknown readable memory: 0x00007fff8c62aae0 | e0 aa 62 8c ff 7f 00 00
RSP=0x000000616baff170 points into unknown readable memory: 0x0000000083ea6df4 | f4 6d ea 83 00 00 00 00
RBP=0x000001feacd3b9f0 points into unknown readable memory: 0x00007fff8c6230b0 | b0 30 62 8c ff 7f 00 00
RSI=0x000000010018e070 is pointing into metadata
RDI=
[error occurred during error reporting (printing register info), id 0xc0000005, EXCEPTION_ACCESS_VIOLATION (0xc0000005) at pc=0x00007fff8bf8c9e6]

Registers:
RAX=0x000001fe8e214100, RBX=0x000001feacd3b880, RCX=0x0000000000000000, RDX=0x000001fe8e279e30
RSP=0x000000616baff170, RBP=0x000001feacd3b9f0, RSI=0x000000010018e070, RDI=0x0000000083eaa458
R8 =0x0000000083eaa458, R9 =0x0000000000000967, R10=0x0000000083eaa458, R11=0x000001feacd3b9f0
R12=0x0000000000000005, R13=0x0000000000000000, R14=0x000000010018e070, R15=0x0000000083eaa438
RIP=0x00007fff8c0d420d, EFLAGS=0x0000000000010203

Top of Stack: (sp=0x000000616baff170)
0x000000616baff170:   0000000083ea6df4 0000000083eaa3e9
0x000000616baff180:   000001fe8e05cd80 0000000083e9d0c9
0x000000616baff190:   0000000083eaa458 00007fff8c0fe6ff
0x000000616baff1a0:   0000000083eaa3e8 00007fff8c0ffc22
0x000000616baff1b0:   000001feacd3b880 0000000100005e88
0x000000616baff1c0:   00000000867a9340 0000000000000002
0x000000616baff1d0:   0000000083eaa438 00007fff8c0ff998
0x000000616baff1e0:   0000000000000002 0000000000000015
0x000000616baff1f0:   000001feacd3b880 0000000083e9df91
0x000000616baff200:   000001fe8e05cd80 00007fff8c0c8fc3
0x000000616baff210:   00000009acd3b9f0 0000000000000015
0x000000616baff220:   0000000000000000 000001feacd3b880
0x000000616baff230:   0000000000000040 000001fe8e05ce00
0x000000616baff240:   0000000000000000 000001feacd3b880
0x000000616baff250:   0000000000000020 00007fff8c0d1282
0x000000616baff260:   000001feacd3b880 0000000000006b01 

Instructions: (pc=0x00007fff8c0d420d)
0x00007fff8c0d410d:   74 24 38 48 83 c4 20 5f c3 cc cc cc cc cc cc cc
0x00007fff8c0d411d:   cc cc cc 48 89 5c 24 08 57 48 83 ec 20 48 8b 41
0x00007fff8c0d412d:   18 48 8b da 48 83 cb 01 48 8b d3 48 8b 78 10 48
0x00007fff8c0d413d:   8b cf e8 6c 7b 00 00 84 c0 75 29 48 81 c7 90 00
0x00007fff8c0d414d:   00 00 48 8b 47 08 48 39 47 20 75 08 48 8b cf e8
0x00007fff8c0d415d:   7f 47 0b 00 48 8b 4f 20 48 8b 47 38 48 89 1c c8
0x00007fff8c0d416d:   48 ff 47 20 48 8b 5c 24 30 48 83 c4 20 5f c3 cc
0x00007fff8c0d417d:   cc cc cc 48 89 5c 24 08 57 48 83 ec 20 48 8b 79
0x00007fff8c0d418d:   10 48 8b da 48 83 cb 01 48 8b cf 48 8b d3 e8 10
0x00007fff8c0d419d:   7b 00 00 84 c0 75 29 48 81 c7 90 00 00 00 48 8b
0x00007fff8c0d41ad:   47 08 48 39 47 20 75 08 48 8b cf e8 23 47 0b 00
0x00007fff8c0d41bd:   48 8b 4f 20 48 8b 47 38 48 89 1c c8 48 ff 47 20
0x00007fff8c0d41cd:   48 8b 5c 24 30 48 83 c4 20 5f c3 cc cc cc cc cc
0x00007fff8c0d41dd:   cc cc cc 40 53 48 83 ec 20 8b 82 04 01 00 00 48
0x00007fff8c0d41ed:   8b d9 d1 e8 a8 01 75 6b 48 8b 41 08 8b 88 c0 02
0x00007fff8c0d41fd:   00 00 48 8b 80 b0 02 00 00 49 d3 e9 4a 8b 0c c8
0x00007fff8c0d420d:   48 8b 81 f8 00 00 00 83 b8 18 01 00 00 00 74 43
0x00007fff8c0d421d:   48 8b 4b 50 48 89 7c 24 30 49 c1 e8 09 48 8b 79
0x00007fff8c0d422d:   48 48 2b 79 40 49 03 f8 48 8b d7 e8 93 c1 ff ff
0x00007fff8c0d423d:   84 c0 74 1a 80 7b 28 00 48 8d 4b 18 74 10 48 8b
0x00007fff8c0d424d:   43 50 48 8b 50 40 48 03 d7 e8 35 25 36 00 48 8b
0x00007fff8c0d425d:   7c 24 30 48 83 c4 20 5b c3 cc cc cc cc cc cc cc
0x00007fff8c0d426d:   cc cc cc 48 89 5c 24 08 48 89 74 24 10 57 48 83
0x00007fff8c0d427d:   ec 20 48 63 fa 48 8d 05 5f 91 54 00 45 33 c0 48
0x00007fff8c0d428d:   89 01 48 8b f1 89 79 08 48 8b df 48 8d 0c fd 00
0x00007fff8c0d429d:   00 00 00 41 8d 50 05 e8 37 f6 dd ff 45 33 db 48
0x00007fff8c0d42ad:   89 46 10 4c 8d 4e 10 4c 8b d0 45 8b c3 85 ff 7e
0x00007fff8c0d42bd:   56 83 ff 02 72 51 8d 4f ff 48 63 d1 48 8d 04 d0
0x00007fff8c0d42cd:   4d 3b d1 77 05 49 3b c1 73 3d 8b c7 25 01 00 00
0x00007fff8c0d42dd:   80 7d 07 ff c8 83 c8 fe ff c0 2b f8 0f 1f 80 00
0x00007fff8c0d42ed:   00 00 00 41 83 c0 02 44 3b c7 7c f7 8d 47 01 49
0x00007fff8c0d42fd:   8b fa 99 2b c2 d1 f8 48 63 c8 48 c1 e1 04 48 c1 


Stack slot to memory mapping:
stack at sp + 0 slots: 0x0000000083ea6df4 is pointing into object: [Ljava.util.HashMap$Node; 
{0x0000000083ea6d20} - klass: 'java/util/HashMap$Node'[]
 - length: 50
stack at sp + 1 slots: 
[error occurred during error reporting (inspecting top of stack), id 0xc0000005, EXCEPTION_ACCESS_VIOLATION (0xc0000005) at pc=0x00007fff8bf8c9e6]


---------------  P R O C E S S  ---------------

Threads class SMR info:
_java_thread_list=0x000001feb2159e60, length=135, elements={
0x000001fe8e1ec800, 0x000001feaa5a1800, 0x000001feaa5a5000, 0x000001feaa5f2800,
0x000001feaa5f3800, 0x000001feaa5f8000, 0x000001feaa5fd800, 0x000001fea9d8d000,
0x000001feaa608000, 0x000001feaa60a000, 0x000001feaa607800, 0x000001feaa609000,
0x000001feaa605000, 0x000001feaa604000, 0x000001feaa60a800, 0x000001feaa605800,
0x000001feaa606800, 0x000001feac8d1000, 0x000001feac8d4800, 0x000001feac8d6000,
0x000001feac8d2000, 0x000001feac8d0800, 0x000001feac8d8800, 0x000001feac8d3800,
0x000001feac8d2800, 0x000001feac8da000, 0x000001feac8db000, 0x000001feac8d5000,
0x000001feac8dc800, 0x000001feac8db800, 0x000001feac8d9800, 0x000001feac8d7000,
0x000001feac8dd800, 0x000001feac8d7800, 0x000001feac8de000, 0x000001feac8df000,
0x000001feafe07000, 0x000001feafe0d800, 0x000001feafe0a000, 0x000001feafe0b000,
0x000001feafe09800, 0x000001feafe07800, 0x000001feafe0c000, 0x000001feafe0e000,
0x000001feafe08800, 0x000001feafe0c800, 0x000001feafe0f000, 0x000001feafe10000,
0x000001feafe11800, 0x000001feafe14000, 0x000001feafe15000, 0x000001feafe15800,
0x000001feb08c9800, 0x000001feb08d0000, 0x000001feb08cf800, 0x000001feb08cd000,
0x000001feb08ca800, 0x000001feb08ce800, 0x000001feb08cd800, 0x000001feb08cb000,
0x000001feb08d1000, 0x000001feb08d2000, 0x000001feb08cc000, 0x000001feb08d5000,
0x000001feb08d6800, 0x000001feb08d3800, 0x000001feb08d7800, 0x000001feb08d8800,
0x000001feb08d4000, 0x000001feb08d2800, 0x000001feb08d6000, 0x000001feafd71800,
0x000001feafd6f000, 0x000001feafd70800, 0x000001feafd72000, 0x000001feafd74800,
0x000001feafd75800, 0x000001feafd6f800, 0x000001feafd78800, 0x000001feafd74000,
0x000001feafd76800, 0x000001feafd73000, 0x000001feafd77000, 0x000001feafd7c000,
0x000001feafd79800, 0x000001feafd7a800, 0x000001feafd7d000, 0x000001feafd7d800,
0x000001feafd78000, 0x000001feafd7b000, 0x000001feb07e7000, 0x000001feb07e4000,
0x000001feb07e1800, 0x000001feb07e8000, 0x000001feb07e4800, 0x000001feb07e6800,
0x000001feb07e2800, 0x000001feb07e5800, 0x000001feb07e9000, 0x000001feb07e3000,
0x000001feb07ed000, 0x000001feb07ec000, 0x000001feb07ed800, 0x000001feb07ee800,
0x000001feb07ef800, 0x000001feb07e9800, 0x000001feb07f0000, 0x000001feb07ea800,
0x000001feb07eb000, 0x000001feb17d2800, 0x000001feb17d4000, 0x000001feb17ce800,
0x000001feb17d0000, 0x000001feb17d0800, 0x000001feb17d3000, 0x000001feb17d1800,
0x000001feb17d5000, 0x000001feb17cf000, 0x000001feb17d5800, 0x000001feb17da800,
0x000001feb17db800, 0x000001feb17dc000, 0x000001feb17d6800, 0x000001feb17d9800,
0x000001feb17dd000, 0x000001feb17d7800, 0x000001feb17d8000, 0x000001feb17d9000,
0x000001feb1811000, 0x000001feb1812000, 0x000001feb1816000, 0x000001feb1813000,
0x000001feb1810800, 0x000001feb1818800, 0x000001feb2598800
}

Java Threads: ( => current thread )
  0x000001fe8e1ec800 JavaThread "main" [_thread_blocked, id=7424, stack(0x000000616a800000,0x000000616a900000)]
  0x000001feaa5a1800 JavaThread "Reference Handler" daemon [_thread_blocked, id=13064, stack(0x000000616af00000,0x000000616b000000)]
  0x000001feaa5a5000 JavaThread "Finalizer" daemon [_thread_blocked, id=12412, stack(0x000000616b000000,0x000000616b100000)]
  0x000001feaa5f2800 JavaThread "Signal Dispatcher" daemon [_thread_blocked, id=10952, stack(0x000000616b100000,0x000000616b200000)]
  0x000001feaa5f3800 JavaThread "Attach Listener" daemon [_thread_blocked, id=8500, stack(0x000000616b200000,0x000000616b300000)]
  0x000001feaa5f8000 JavaThread "Service Thread" daemon [_thread_blocked, id=11768, stack(0x000000616b300000,0x000000616b400000)]
  0x000001feaa5fd800 JavaThread "C2 CompilerThread0" daemon [_thread_blocked, id=12424, stack(0x000000616b400000,0x000000616b500000)]
  0x000001fea9d8d000 JavaThread "C1 CompilerThread0" daemon [_thread_blocked, id=4632, stack(0x000000616b500000,0x000000616b600000)]
  0x000001feaa608000 JavaThread "Sweeper thread" daemon [_thread_blocked, id=14316, stack(0x000000616b600000,0x000000616b700000)]
  0x000001feaa60a000 JavaThread "Common-Cleaner" daemon [_thread_blocked, id=6596, stack(0x000000616b700000,0x000000616b800000)]
  0x000001feaa607800 JavaThread "Daemon health stats" [_thread_blocked, id=13716, stack(0x000000616bd00000,0x000000616be00000)]
  0x000001feaa609000 JavaThread "Incoming local TCP Connector on port 63598" [_thread_in_native, id=13688, stack(0x000000616bf00000,0x000000616c000000)]
  0x000001feaa605000 JavaThread "Daemon periodic checks" [_thread_blocked, id=13920, stack(0x000000616c000000,0x000000616c100000)]
  0x000001feaa604000 JavaThread "Daemon" [_thread_blocked, id=13952, stack(0x000000616c100000,0x000000616c200000)]
  0x000001feaa60a800 JavaThread "Handler for socket connection from /127.0.0.1:63598 to /127.0.0.1:63599" [_thread_in_native, id=13792, stack(0x000000616c200000,0x000000616c300000)]
  0x000001feaa605800 JavaThread "Cancel handler" [_thread_blocked, id=5988, stack(0x000000616c300000,0x000000616c400000)]
  0x000001feaa606800 JavaThread "Daemon worker" [_thread_blocked, id=11640, stack(0x000000616c500000,0x000000616c600000)]
  0x000001feac8d1000 JavaThread "Asynchronous log dispatcher for DefaultDaemonConnection: socket connection from /127.0.0.1:63598 to /127.0.0.1:63599" [_thread_blocked, id=12968, stack(0x000000616c600000,0x000000616c700000)]
  0x000001feac8d4800 JavaThread "Stdin handler" [_thread_blocked, id=13444, stack(0x000000616c700000,0x000000616c800000)]
  0x000001feac8d6000 JavaThread "Thread-8" [_thread_blocked, id=8744, stack(0x000000616c800000,0x000000616c900000)]
  0x000001feac8d2000 JavaThread "Cache worker for file hash cache (C:\Users\CQ\.gradle\caches\6.7.1\fileHashes)" [_thread_blocked, id=14172, stack(0x000000616c900000,0x000000616ca00000)]
  0x000001feac8d0800 JavaThread "File lock request listener" [_thread_in_native, id=14232, stack(0x000000616ca00000,0x000000616cb00000)]
  0x000001feac8d8800 JavaThread "Cache worker for journal cache (C:\Users\CQ\.gradle\caches\journal-1)" [_thread_blocked, id=2052, stack(0x000000616cb00000,0x000000616cc00000)]
  0x000001feac8d3800 JavaThread "Cache worker for file hash cache (C:\Users\CQ\Documents\GitHub\storeDAM\.gradle\6.7.1\fileHashes)" [_thread_blocked, id=4188, stack(0x000000616cc00000,0x000000616cd00000)]
  0x000001feac8d2800 JavaThread "jar transforms" [_thread_blocked, id=588, stack(0x000000616cd00000,0x000000616ce00000)]
  0x000001feac8da000 JavaThread "jar transforms Thread 2" [_thread_blocked, id=11852, stack(0x000000616ce00000,0x000000616cf00000)]
  0x000001feac8db000 JavaThread "jar transforms Thread 3" [_thread_blocked, id=13364, stack(0x000000616cf00000,0x000000616d000000)]
  0x000001feac8d5000 JavaThread "jar transforms Thread 4" [_thread_blocked, id=13628, stack(0x000000616d000000,0x000000616d100000)]
  0x000001feac8dc800 JavaThread "jar transforms Thread 5" [_thread_blocked, id=14252, stack(0x000000616d100000,0x000000616d200000)]
  0x000001feac8db800 JavaThread "jar transforms Thread 6" [_thread_blocked, id=13220, stack(0x000000616d200000,0x000000616d300000)]
  0x000001feac8d9800 JavaThread "jar transforms Thread 7" [_thread_blocked, id=10168, stack(0x000000616d300000,0x000000616d400000)]
  0x000001feac8d7000 JavaThread "jar transforms Thread 8" [_thread_blocked, id=12992, stack(0x000000616d400000,0x000000616d500000)]
  0x000001feac8dd800 JavaThread "jar transforms Thread 9" [_thread_blocked, id=8360, stack(0x000000616d500000,0x000000616d600000)]
  0x000001feac8d7800 JavaThread "jar transforms Thread 10" [_thread_blocked, id=5736, stack(0x000000616d600000,0x000000616d700000)]
  0x000001feac8de000 JavaThread "jar transforms Thread 11" [_thread_blocked, id=13672, stack(0x000000616d700000,0x000000616d800000)]
  0x000001feac8df000 JavaThread "jar transforms Thread 12" [_thread_blocked, id=13812, stack(0x000000616d800000,0x000000616d900000)]
  0x000001feafe07000 JavaThread "jar transforms Thread 13" [_thread_blocked, id=6712, stack(0x000000616d900000,0x000000616da00000)]
  0x000001feafe0d800 JavaThread "jar transforms Thread 14" [_thread_blocked, id=14008, stack(0x000000616da00000,0x000000616db00000)]
  0x000001feafe0a000 JavaThread "jar transforms Thread 15" [_thread_blocked, id=7140, stack(0x000000616db00000,0x000000616dc00000)]
  0x000001feafe0b000 JavaThread "jar transforms Thread 16" [_thread_blocked, id=9476, stack(0x000000616dc00000,0x000000616dd00000)]
  0x000001feafe09800 JavaThread "jar transforms Thread 17" [_thread_blocked, id=8608, stack(0x000000616dd00000,0x000000616de00000)]
  0x000001feafe07800 JavaThread "jar transforms Thread 18" [_thread_blocked, id=13976, stack(0x000000616de00000,0x000000616df00000)]
  0x000001feafe0c000 JavaThread "jar transforms Thread 19" [_thread_blocked, id=9752, stack(0x000000616df00000,0x000000616e000000)]
  0x000001feafe0e000 JavaThread "jar transforms Thread 20" [_thread_blocked, id=8004, stack(0x000000616e000000,0x000000616e100000)]
  0x000001feafe08800 JavaThread "Cache worker for checksums cache (C:\Users\CQ\Documents\GitHub\storeDAM\.gradle\checksums)" [_thread_blocked, id=13184, stack(0x000000616e100000,0x000000616e200000)]
  0x000001feafe0c800 JavaThread "Cache worker for cache directory md-supplier (C:\Users\CQ\.gradle\caches\6.7.1\md-supplier)" [_thread_blocked, id=12404, stack(0x000000616e200000,0x000000616e300000)]
  0x000001feafe0f000 JavaThread "Cache worker for cache directory md-rule (C:\Users\CQ\.gradle\caches\6.7.1\md-rule)" [_thread_blocked, id=3348, stack(0x000000616e300000,0x000000616e400000)]
  0x000001feafe10000 JavaThread "Cache worker for execution history cache (C:\Users\CQ\.gradle\caches\6.7.1\executionHistory)" [_thread_blocked, id=14028, stack(0x000000616e400000,0x000000616e500000)]
  0x000001feafe11800 JavaThread "Cache worker for file content cache (C:\Users\CQ\.gradle\caches\6.7.1\fileContent)" [_thread_blocked, id=4076, stack(0x000000616e500000,0x000000616e600000)]
  0x000001feafe14000 JavaThread "Cache worker for Build Output Cleanup Cache (C:\Users\CQ\Documents\GitHub\storeDAM\.gradle\buildOutputCleanup)" [_thread_blocked, id=13684, stack(0x000000616e600000,0x000000616e700000)]
  0x000001feafe15000 JavaThread "Build operations" [_thread_blocked, id=12092, stack(0x000000616e700000,0x000000616e800000)]
  0x000001feafe15800 JavaThread "Build operations Thread 2" [_thread_blocked, id=11484, stack(0x000000616e800000,0x000000616e900000)]
  0x000001feb08c9800 JavaThread "Build operations Thread 3" [_thread_blocked, id=13904, stack(0x000000616e900000,0x000000616ea00000)]
  0x000001feb08d0000 JavaThread "Build operations Thread 4" [_thread_blocked, id=6088, stack(0x000000616ea00000,0x000000616eb00000)]
  0x000001feb08cf800 JavaThread "jar transforms Thread 21" [_thread_blocked, id=12040, stack(0x000000616eb00000,0x000000616ec00000)]
  0x000001feb08cd000 JavaThread "jar transforms Thread 22" [_thread_blocked, id=12748, stack(0x000000616ec00000,0x000000616ed00000)]
  0x000001feb08ca800 JavaThread "jar transforms Thread 23" [_thread_blocked, id=1136, stack(0x000000616ed00000,0x000000616ee00000)]
  0x000001feb08ce800 JavaThread "jar transforms Thread 24" [_thread_blocked, id=12936, stack(0x000000616ee00000,0x000000616ef00000)]
  0x000001feb08cd800 JavaThread "jar transforms Thread 25" [_thread_blocked, id=7284, stack(0x000000616ef00000,0x000000616f000000)]
  0x000001feb08cb000 JavaThread "jar transforms Thread 26" [_thread_blocked, id=10112, stack(0x000000616f000000,0x000000616f100000)]
  0x000001feb08d1000 JavaThread "jar transforms Thread 27" [_thread_blocked, id=9020, stack(0x000000616f100000,0x000000616f200000)]
  0x000001feb08d2000 JavaThread "jar transforms Thread 28" [_thread_blocked, id=12408, stack(0x000000616f200000,0x000000616f300000)]
  0x000001feb08cc000 JavaThread "jar transforms Thread 29" [_thread_blocked, id=9004, stack(0x000000616f300000,0x000000616f400000)]
  0x000001feb08d5000 JavaThread "jar transforms Thread 30" [_thread_blocked, id=12012, stack(0x000000616f400000,0x000000616f500000)]
  0x000001feb08d6800 JavaThread "jar transforms Thread 31" [_thread_blocked, id=768, stack(0x000000616f500000,0x000000616f600000)]
  0x000001feb08d3800 JavaThread "jar transforms Thread 32" [_thread_blocked, id=9252, stack(0x000000616f600000,0x000000616f700000)]
  0x000001feb08d7800 JavaThread "jar transforms Thread 33" [_thread_blocked, id=5004, stack(0x000000616f700000,0x000000616f800000)]
  0x000001feb08d8800 JavaThread "jar transforms Thread 34" [_thread_blocked, id=9644, stack(0x000000616f800000,0x000000616f900000)]
  0x000001feb08d4000 JavaThread "jar transforms Thread 35" [_thread_blocked, id=5836, stack(0x000000616f900000,0x000000616fa00000)]
  0x000001feb08d2800 JavaThread "jar transforms Thread 36" [_thread_blocked, id=2076, stack(0x000000616fa00000,0x000000616fb00000)]
  0x000001feb08d6000 JavaThread "jar transforms Thread 37" [_thread_blocked, id=3924, stack(0x000000616fb00000,0x000000616fc00000)]
  0x000001feafd71800 JavaThread "jar transforms Thread 38" [_thread_blocked, id=5000, stack(0x000000616fc00000,0x000000616fd00000)]
  0x000001feafd6f000 JavaThread "jar transforms Thread 39" [_thread_blocked, id=5112, stack(0x000000616fd00000,0x000000616fe00000)]
  0x000001feafd70800 JavaThread "jar transforms Thread 40" [_thread_blocked, id=12460, stack(0x000000616fe00000,0x000000616ff00000)]
  0x000001feafd72000 JavaThread "jar transforms Thread 41" [_thread_blocked, id=10460, stack(0x000000616ff00000,0x0000006170000000)]
  0x000001feafd74800 JavaThread "jar transforms Thread 42" [_thread_blocked, id=9120, stack(0x0000006170000000,0x0000006170100000)]
  0x000001feafd75800 JavaThread "jar transforms Thread 43" [_thread_blocked, id=13876, stack(0x0000006170100000,0x0000006170200000)]
  0x000001feafd6f800 JavaThread "jar transforms Thread 44" [_thread_blocked, id=12684, stack(0x0000006170200000,0x0000006170300000)]
  0x000001feafd78800 JavaThread "jar transforms Thread 45" [_thread_blocked, id=2608, stack(0x0000006170300000,0x0000006170400000)]
  0x000001feafd74000 JavaThread "jar transforms Thread 46" [_thread_blocked, id=10136, stack(0x0000006170400000,0x0000006170500000)]
  0x000001feafd76800 JavaThread "jar transforms Thread 47" [_thread_blocked, id=14216, stack(0x0000006170500000,0x0000006170600000)]
  0x000001feafd73000 JavaThread "jar transforms Thread 48" [_thread_blocked, id=12940, stack(0x0000006170600000,0x0000006170700000)]
  0x000001feafd77000 JavaThread "jar transforms Thread 49" [_thread_blocked, id=7216, stack(0x0000006170700000,0x0000006170800000)]
  0x000001feafd7c000 JavaThread "jar transforms Thread 50" [_thread_blocked, id=200, stack(0x0000006170800000,0x0000006170900000)]
  0x000001feafd79800 JavaThread "jar transforms Thread 51" [_thread_blocked, id=14196, stack(0x0000006170900000,0x0000006170a00000)]
  0x000001feafd7a800 JavaThread "jar transforms Thread 52" [_thread_blocked, id=12652, stack(0x0000006170a00000,0x0000006170b00000)]
  0x000001feafd7d000 JavaThread "jar transforms Thread 53" [_thread_blocked, id=116, stack(0x0000006170b00000,0x0000006170c00000)]
  0x000001feafd7d800 JavaThread "jar transforms Thread 54" [_thread_blocked, id=9880, stack(0x0000006170c00000,0x0000006170d00000)]
  0x000001feafd78000 JavaThread "jar transforms Thread 55" [_thread_blocked, id=12956, stack(0x0000006170d00000,0x0000006170e00000)]
  0x000001feafd7b000 JavaThread "jar transforms Thread 56" [_thread_blocked, id=2468, stack(0x0000006170e00000,0x0000006170f00000)]
  0x000001feb07e7000 JavaThread "jar transforms Thread 57" [_thread_blocked, id=13196, stack(0x0000006170f00000,0x0000006171000000)]
  0x000001feb07e4000 JavaThread "jar transforms Thread 58" [_thread_blocked, id=13640, stack(0x0000006171000000,0x0000006171100000)]
  0x000001feb07e1800 JavaThread "jar transforms Thread 59" [_thread_blocked, id=9164, stack(0x0000006171100000,0x0000006171200000)]
  0x000001feb07e8000 JavaThread "jar transforms Thread 60" [_thread_blocked, id=7344, stack(0x0000006171200000,0x0000006171300000)]
  0x000001feb07e4800 JavaThread "jar transforms Thread 61" [_thread_blocked, id=6244, stack(0x0000006171300000,0x0000006171400000)]
  0x000001feb07e6800 JavaThread "jar transforms Thread 62" [_thread_blocked, id=14080, stack(0x0000006171400000,0x0000006171500000)]
  0x000001feb07e2800 JavaThread "jar transforms Thread 63" [_thread_blocked, id=9976, stack(0x0000006171500000,0x0000006171600000)]
  0x000001feb07e5800 JavaThread "jar transforms Thread 64" [_thread_blocked, id=6112, stack(0x0000006171600000,0x0000006171700000)]
  0x000001feb07e9000 JavaThread "jar transforms Thread 65" [_thread_blocked, id=12360, stack(0x0000006171700000,0x0000006171800000)]
  0x000001feb07e3000 JavaThread "jar transforms Thread 66" [_thread_blocked, id=5040, stack(0x0000006171800000,0x0000006171900000)]
  0x000001feb07ed000 JavaThread "jar transforms Thread 67" [_thread_blocked, id=12812, stack(0x0000006171900000,0x0000006171a00000)]
  0x000001feb07ec000 JavaThread "jar transforms Thread 68" [_thread_blocked, id=4880, stack(0x0000006171a00000,0x0000006171b00000)]
  0x000001feb07ed800 JavaThread "jar transforms Thread 69" [_thread_blocked, id=8612, stack(0x0000006171b00000,0x0000006171c00000)]
  0x000001feb07ee800 JavaThread "jar transforms Thread 70" [_thread_blocked, id=14324, stack(0x0000006171c00000,0x0000006171d00000)]
  0x000001feb07ef800 JavaThread "jar transforms Thread 71" [_thread_blocked, id=4592, stack(0x0000006171d00000,0x0000006171e00000)]
  0x000001feb07e9800 JavaThread "jar transforms Thread 72" [_thread_blocked, id=14188, stack(0x0000006171e00000,0x0000006171f00000)]
  0x000001feb07f0000 JavaThread "jar transforms Thread 73" [_thread_blocked, id=4236, stack(0x0000006171f00000,0x0000006172000000)]
  0x000001feb07ea800 JavaThread "jar transforms Thread 74" [_thread_blocked, id=14256, stack(0x0000006172000000,0x0000006172100000)]
  0x000001feb07eb000 JavaThread "jar transforms Thread 75" [_thread_blocked, id=10468, stack(0x0000006172100000,0x0000006172200000)]
  0x000001feb17d2800 JavaThread "jar transforms Thread 76" [_thread_blocked, id=12384, stack(0x0000006172200000,0x0000006172300000)]
  0x000001feb17d4000 JavaThread "jar transforms Thread 77" [_thread_blocked, id=3276, stack(0x0000006172300000,0x0000006172400000)]
  0x000001feb17ce800 JavaThread "jar transforms Thread 78" [_thread_blocked, id=4780, stack(0x0000006172400000,0x0000006172500000)]
  0x000001feb17d0000 JavaThread "jar transforms Thread 79" [_thread_blocked, id=8620, stack(0x0000006172500000,0x0000006172600000)]
  0x000001feb17d0800 JavaThread "jar transforms Thread 80" [_thread_blocked, id=12400, stack(0x0000006172600000,0x0000006172700000)]
  0x000001feb17d3000 JavaThread "jar transforms Thread 81" [_thread_blocked, id=11168, stack(0x0000006172700000,0x0000006172800000)]
  0x000001feb17d1800 JavaThread "jar transforms Thread 82" [_thread_blocked, id=9676, stack(0x0000006172800000,0x0000006172900000)]
  0x000001feb17d5000 JavaThread "jar transforms Thread 83" [_thread_blocked, id=2324, stack(0x0000006172900000,0x0000006172a00000)]
  0x000001feb17cf000 JavaThread "jar transforms Thread 84" [_thread_blocked, id=13588, stack(0x0000006172a00000,0x0000006172b00000)]
  0x000001feb17d5800 JavaThread "jar transforms Thread 85" [_thread_blocked, id=13160, stack(0x0000006172b00000,0x0000006172c00000)]
  0x000001feb17da800 JavaThread "jar transforms Thread 86" [_thread_blocked, id=14036, stack(0x0000006172c00000,0x0000006172d00000)]
  0x000001feb17db800 JavaThread "jar transforms Thread 87" [_thread_blocked, id=13960, stack(0x0000006172d00000,0x0000006172e00000)]
  0x000001feb17dc000 JavaThread "jar transforms Thread 88" [_thread_blocked, id=3040, stack(0x0000006172e00000,0x0000006172f00000)]
  0x000001feb17d6800 JavaThread "jar transforms Thread 89" [_thread_blocked, id=11564, stack(0x0000006172f00000,0x0000006173000000)]
  0x000001feb17d9800 JavaThread "jar transforms Thread 90" [_thread_blocked, id=12836, stack(0x0000006173000000,0x0000006173100000)]
  0x000001feb17dd000 JavaThread "jar transforms Thread 91" [_thread_blocked, id=13580, stack(0x0000006173100000,0x0000006173200000)]
  0x000001feb17d7800 JavaThread "jar transforms Thread 92" [_thread_blocked, id=8008, stack(0x0000006173200000,0x0000006173300000)]
  0x000001feb17d8000 JavaThread "jar transforms Thread 93" [_thread_blocked, id=12744, stack(0x0000006173300000,0x0000006173400000)]
  0x000001feb17d9000 JavaThread "jar transforms Thread 94" [_thread_blocked, id=5640, stack(0x0000006173400000,0x0000006173500000)]
  0x000001feb1811000 JavaThread "jar transforms Thread 95" [_thread_blocked, id=12624, stack(0x0000006173500000,0x0000006173600000)]
  0x000001feb1812000 JavaThread "jar transforms Thread 96" [_thread_blocked, id=9248, stack(0x0000006173600000,0x0000006173700000)]
  0x000001feb1816000 JavaThread "jar transforms Thread 97" [_thread_blocked, id=8124, stack(0x0000006173700000,0x0000006173800000)]
  0x000001feb1813000 JavaThread "jar transforms Thread 98" [_thread_blocked, id=13560, stack(0x0000006173800000,0x0000006173900000)]
  0x000001feb1810800 JavaThread "jar transforms Thread 99" [_thread_blocked, id=8116, stack(0x0000006173900000,0x0000006173a00000)]
  0x000001feb1818800 JavaThread "Memory manager" [_thread_blocked, id=12784, stack(0x0000006173a00000,0x0000006173b00000)]
  0x000001feb2598800 JavaThread "C2 CompilerThread1" daemon [_thread_blocked, id=13884, stack(0x000000616c400000,0x000000616c500000)]

Other Threads:
  0x000001fea9d80800 VMThread "VM Thread" [stack: 0x000000616ae00000,0x000000616af00000] [id=9660]
  0x000001feaa761000 WatcherThread [stack: 0x000000616b800000,0x000000616b900000] [id=13932]
  0x000001fe8e204000 GCTaskThread "GC Thread#0" [stack: 0x000000616a900000,0x000000616aa00000] [id=8420]
=>0x000001feab0e3800 GCTaskThread "GC Thread#1" [stack: 0x000000616ba00000,0x000000616bb00000] [id=13644]
  0x000001feaabe4000 GCTaskThread "GC Thread#2" [stack: 0x000000616bb00000,0x000000616bc00000] [id=8436]
  0x000001feaac8a000 GCTaskThread "GC Thread#3" [stack: 0x000000616bc00000,0x000000616bd00000] [id=13972]
  0x000001fe8e234800 ConcurrentGCThread "G1 Main Marker" [stack: 0x000000616aa00000,0x000000616ab00000] [id=14108]
  0x000001fe8e237800 ConcurrentGCThread "G1 Conc#0" [stack: 0x000000616ab00000,0x000000616ac00000] [id=9536]
  0x000001fea9bce800 ConcurrentGCThread "G1 Refine#0" [stack: 0x000000616ac00000,0x000000616ad00000] [id=13264]
  0x000001fea9bcf000 ConcurrentGCThread "G1 Young RemSet Sampling" [stack: 0x000000616ad00000,0x000000616ae00000] [id=13788]

Threads with active compile tasks:
C2 CompilerThread1   9624 6712       4       org.objectweb.asm.MethodWriter::putMethodInfo (1274 bytes)

VM state:at safepoint (normal execution)

VM Mutex/Monitor currently owned by a thread:  ([mutex/lock_event])
[0x000001fe8e1e8040] Threads_lock - owner thread: 0x000001fea9d80800
[0x000001fe8e1e8ca0] Heap_lock - owner thread: 0x000001feaa606800

Heap address: 0x0000000080000000, size: 2048 MB, Compressed Oops mode: 32-bit
Narrow klass base: 0x0000000000000000, Narrow klass shift: 3
Compressed class space size: 1073741824 Address: 0x0000000100000000

Heap:
 garbage-first heap   total 236544K, used 104537K [0x0000000080000000, 0x0000000100000000)
  region size 1024K, 28 young (28672K), 2 survivors (2048K)
 Metaspace       used 71401K, capacity 73246K, committed 73344K, reserved 1112064K
  class space    used 9209K, capacity 9799K, committed 9856K, reserved 1048576K
Heap Regions: E=young(eden), S=young(survivor), O=old, HS=humongous(starts), HC=humongous(continues), CS=collection set, F=free, A=archive, TAMS=top-at-mark-start (previous, next)
|   0|0x0000000080000000, 0x0000000080100000, 0x0000000080100000|100%| O|  |TAMS 0x0000000080100000, 0x0000000080100000| Untracked 
|   1|0x0000000080100000, 0x0000000080200000, 0x0000000080200000|100%| O|  |TAMS 0x0000000080200000, 0x0000000080200000| Untracked 
|   2|0x0000000080200000, 0x0000000080300000, 0x0000000080300000|100%| O|  |TAMS 0x0000000080300000, 0x0000000080300000| Untracked 
|   3|0x0000000080300000, 0x0000000080400000, 0x0000000080400000|100%|HS|  |TAMS 0x0000000080400000, 0x0000000080400000| Complete 
|   4|0x0000000080400000, 0x0000000080500000, 0x0000000080500000|100%|HC|  |TAMS 0x0000000080500000, 0x0000000080500000| Complete 
|   5|0x0000000080500000, 0x0000000080600000, 0x0000000080600000|100%|HC|  |TAMS 0x0000000080600000, 0x0000000080600000| Complete 
|   6|0x0000000080600000, 0x0000000080700000, 0x0000000080700000|100%| O|  |TAMS 0x0000000080700000, 0x0000000080700000| Untracked 
|   7|0x0000000080700000, 0x0000000080800000, 0x0000000080800000|100%| O|  |TAMS 0x0000000080800000, 0x0000000080800000| Untracked 
|   8|0x0000000080800000, 0x0000000080900000, 0x0000000080900000|100%| O|  |TAMS 0x0000000080900000, 0x0000000080900000| Untracked 
|   9|0x0000000080900000, 0x0000000080a00000, 0x0000000080a00000|100%| O|  |TAMS 0x0000000080a00000, 0x0000000080a00000| Untracked 
|  10|0x0000000080a00000, 0x0000000080b00000, 0x0000000080b00000|100%| O|  |TAMS 0x0000000080b00000, 0x0000000080b00000| Untracked 
|  11|0x0000000080b00000, 0x0000000080c00000, 0x0000000080c00000|100%| O|  |TAMS 0x0000000080c00000, 0x0000000080c00000| Untracked 
|  12|0x0000000080c00000, 0x0000000080d00000, 0x0000000080d00000|100%| O|  |TAMS 0x0000000080d00000, 0x0000000080d00000| Untracked 
|  13|0x0000000080d00000, 0x0000000080e00000, 0x0000000080e00000|100%|HS|  |TAMS 0x0000000080e00000, 0x0000000080e00000| Complete 
|  14|0x0000000080e00000, 0x0000000080f00000, 0x0000000080f00000|100%|HC|  |TAMS 0x0000000080f00000, 0x0000000080f00000| Complete 
|  15|0x0000000080f00000, 0x0000000081000000, 0x0000000081000000|100%|HS|  |TAMS 0x0000000081000000, 0x0000000081000000| Complete 
|  16|0x0000000081000000, 0x0000000081100000, 0x0000000081100000|100%|HC|  |TAMS 0x0000000081100000, 0x0000000081100000| Complete 
|  17|0x0000000081100000, 0x0000000081200000, 0x0000000081200000|100%|HC|  |TAMS 0x0000000081200000, 0x0000000081200000| Complete 
|  18|0x0000000081200000, 0x0000000081300000, 0x0000000081300000|100%|HS|  |TAMS 0x0000000081300000, 0x0000000081300000| Complete 
|  19|0x0000000081300000, 0x0000000081400000, 0x0000000081400000|100%|HC|  |TAMS 0x0000000081400000, 0x0000000081400000| Complete 
|  20|0x0000000081400000, 0x0000000081500000, 0x0000000081500000|100%|HC|  |TAMS 0x0000000081500000, 0x0000000081500000| Complete 
|  21|0x0000000081500000, 0x0000000081600000, 0x0000000081600000|100%|HC|  |TAMS 0x0000000081600000, 0x0000000081600000| Complete 
|  22|0x0000000081600000, 0x0000000081700000, 0x0000000081700000|100%|HC|  |TAMS 0x0000000081700000, 0x0000000081700000| Complete 
|  23|0x0000000081700000, 0x0000000081800000, 0x0000000081800000|100%| O|  |TAMS 0x0000000081800000, 0x0000000081800000| Untracked 
|  24|0x0000000081800000, 0x0000000081900000, 0x0000000081900000|100%| O|  |TAMS 0x0000000081900000, 0x0000000081900000| Untracked 
|  25|0x0000000081900000, 0x0000000081a00000, 0x0000000081a00000|100%| O|  |TAMS 0x0000000081a00000, 0x0000000081a00000| Untracked 
|  26|0x0000000081a00000, 0x0000000081b00000, 0x0000000081b00000|100%|HS|  |TAMS 0x0000000081a00000, 0x0000000081b00000| Complete 
|  27|0x0000000081b00000, 0x0000000081c00000, 0x0000000081c00000|100%|HS|  |TAMS 0x0000000081b00000, 0x0000000081c00000| Complete 
|  28|0x0000000081c00000, 0x0000000081d00000, 0x0000000081d00000|100%|HC|  |TAMS 0x0000000081c00000, 0x0000000081d00000| Complete 
|  29|0x0000000081d00000, 0x0000000081e00000, 0x0000000081e00000|100%|HS|  |TAMS 0x0000000081e00000, 0x0000000081e00000| Complete 
|  30|0x0000000081e00000, 0x0000000081f00000, 0x0000000081f00000|100%|HC|  |TAMS 0x0000000081f00000, 0x0000000081f00000| Complete 
|  31|0x0000000081f00000, 0x0000000082000000, 0x0000000082000000|100%|HC|  |TAMS 0x0000000082000000, 0x0000000082000000| Complete 
|  32|0x0000000082000000, 0x0000000082100000, 0x0000000082100000|100%|HC|  |TAMS 0x0000000082100000, 0x0000000082100000| Complete 
|  33|0x0000000082100000, 0x0000000082200000, 0x0000000082200000|100%|HC|  |TAMS 0x0000000082200000, 0x0000000082200000| Complete 
|  34|0x0000000082200000, 0x0000000082300000, 0x0000000082300000|100%|HS|  |TAMS 0x0000000082300000, 0x0000000082300000| Complete 
|  35|0x0000000082300000, 0x0000000082400000, 0x0000000082400000|100%|HC|  |TAMS 0x0000000082400000, 0x0000000082400000| Complete 
|  36|0x0000000082400000, 0x0000000082500000, 0x0000000082500000|100%|HC|  |TAMS 0x0000000082500000, 0x0000000082500000| Complete 
|  37|0x0000000082500000, 0x0000000082600000, 0x0000000082600000|100%| O|  |TAMS 0x0000000082500000, 0x0000000082600000| Untracked 
|  38|0x0000000082600000, 0x0000000082700000, 0x0000000082700000|100%| O|  |TAMS 0x0000000082700000, 0x0000000082700000| Untracked 
|  39|0x0000000082700000, 0x0000000082800000, 0x0000000082800000|100%| O|  |TAMS 0x0000000082800000, 0x0000000082800000| Untracked 
|  40|0x0000000082800000, 0x0000000082900000, 0x0000000082900000|100%| O|  |TAMS 0x0000000082900000, 0x0000000082900000| Untracked 
|  41|0x0000000082900000, 0x0000000082a00000, 0x0000000082a00000|100%| O|  |TAMS 0x0000000082a00000, 0x0000000082a00000| Untracked 
|  42|0x0000000082a00000, 0x0000000082b00000, 0x0000000082b00000|100%| O|  |TAMS 0x0000000082a78a00, 0x0000000082b00000| Untracked 
|  43|0x0000000082b00000, 0x0000000082c00000, 0x0000000082c00000|100%| O|  |TAMS 0x0000000082b00000, 0x0000000082c00000| Untracked 
|  44|0x0000000082c00000, 0x0000000082d00000, 0x0000000082d00000|100%| O|  |TAMS 0x0000000082c00000, 0x0000000082d00000| Untracked 
|  45|0x0000000082d00000, 0x0000000082e00000, 0x0000000082e00000|100%| O|  |TAMS 0x0000000082d00000, 0x0000000082e00000| Untracked 
|  46|0x0000000082e00000, 0x0000000082f00000, 0x0000000082f00000|100%| O|  |TAMS 0x0000000082e00000, 0x0000000082f00000| Untracked 
|  47|0x0000000082f00000, 0x0000000083000000, 0x0000000083000000|100%| O|  |TAMS 0x0000000082f00000, 0x0000000083000000| Untracked 
|  48|0x0000000083000000, 0x0000000083100000, 0x0000000083100000|100%| O|  |TAMS 0x0000000083000000, 0x0000000083100000| Untracked 
|  49|0x0000000083100000, 0x0000000083200000, 0x0000000083200000|100%| O|  |TAMS 0x0000000083100000, 0x0000000083200000| Untracked 
|  50|0x0000000083200000, 0x0000000083300000, 0x0000000083300000|100%| O|  |TAMS 0x0000000083200000, 0x0000000083300000| Untracked 
|  51|0x0000000083300000, 0x0000000083400000, 0x0000000083400000|100%| O|  |TAMS 0x0000000083300000, 0x0000000083400000| Untracked 
|  52|0x0000000083400000, 0x0000000083500000, 0x0000000083500000|100%| O|  |TAMS 0x0000000083400000, 0x0000000083500000| Untracked 
|  53|0x0000000083500000, 0x0000000083600000, 0x0000000083600000|100%| O|  |TAMS 0x0000000083500000, 0x0000000083600000| Untracked 
|  54|0x0000000083600000, 0x0000000083700000, 0x0000000083700000|100%| O|  |TAMS 0x0000000083600000, 0x0000000083700000| Untracked 
|  55|0x0000000083700000, 0x0000000083800000, 0x0000000083800000|100%| O|  |TAMS 0x0000000083700000, 0x0000000083800000| Untracked 
|  56|0x0000000083800000, 0x0000000083900000, 0x0000000083900000|100%| O|  |TAMS 0x0000000083800000, 0x0000000083900000| Untracked 
|  57|0x0000000083900000, 0x0000000083a00000, 0x0000000083a00000|100%| O|  |TAMS 0x0000000083900000, 0x0000000083a00000| Untracked 
|  58|0x0000000083a00000, 0x0000000083b00000, 0x0000000083b00000|100%| O|  |TAMS 0x0000000083a00000, 0x0000000083b00000| Untracked 
|  59|0x0000000083b00000, 0x0000000083c00000, 0x0000000083c00000|100%| O|  |TAMS 0x0000000083b00000, 0x0000000083c00000| Untracked 
|  60|0x0000000083c00000, 0x0000000083d00000, 0x0000000083d00000|100%| O|  |TAMS 0x0000000083c00000, 0x0000000083d00000| Untracked 
|  61|0x0000000083d00000, 0x0000000083e00000, 0x0000000083e00000|100%| O|  |TAMS 0x0000000083d00000, 0x0000000083e00000| Untracked 
|  62|0x0000000083e00000, 0x0000000083f00000, 0x0000000083f00000|100%| O|  |TAMS 0x0000000083e00000, 0x0000000083f00000| Untracked 
|  63|0x0000000083f00000, 0x0000000084000000, 0x0000000084000000|100%| O|  |TAMS 0x0000000083f00000, 0x0000000084000000| Untracked 
|  64|0x0000000084000000, 0x0000000084100000, 0x0000000084100000|100%| O|  |TAMS 0x0000000084000000, 0x0000000084100000| Untracked 
|  65|0x0000000084100000, 0x0000000084200000, 0x0000000084200000|100%| O|  |TAMS 0x0000000084100000, 0x0000000084200000| Untracked 
|  66|0x0000000084200000, 0x00000000842a12b0, 0x0000000084300000| 62%| O|  |TAMS 0x0000000084200000, 0x0000000084300000| Untracked 
|  67|0x0000000084300000, 0x0000000084300000, 0x0000000084400000|  0%| F|  |TAMS 0x0000000084300000, 0x0000000084300000| Untracked 
|  68|0x0000000084400000, 0x0000000084400000, 0x0000000084500000|  0%| F|  |TAMS 0x0000000084400000, 0x0000000084400000| Untracked 
|  69|0x0000000084500000, 0x0000000084500000, 0x0000000084600000|  0%| F|  |TAMS 0x0000000084500000, 0x0000000084500000| Untracked 
|  70|0x0000000084600000, 0x0000000084600000, 0x0000000084700000|  0%| F|  |TAMS 0x0000000084600000, 0x0000000084600000| Untracked 
|  71|0x0000000084700000, 0x0000000084700000, 0x0000000084800000|  0%| F|  |TAMS 0x0000000084700000, 0x0000000084700000| Untracked 
|  72|0x0000000084800000, 0x0000000084800000, 0x0000000084900000|  0%| F|  |TAMS 0x0000000084800000, 0x0000000084800000| Untracked 
|  73|0x0000000084900000, 0x0000000084900000, 0x0000000084a00000|  0%| F|  |TAMS 0x0000000084900000, 0x0000000084900000| Untracked 
|  74|0x0000000084a00000, 0x0000000084a00000, 0x0000000084b00000|  0%| F|  |TAMS 0x0000000084a00000, 0x0000000084a00000| Untracked 
|  75|0x0000000084b00000, 0x0000000084b00000, 0x0000000084c00000|  0%| F|  |TAMS 0x0000000084b00000, 0x0000000084b00000| Untracked 
|  76|0x0000000084c00000, 0x0000000084c00000, 0x0000000084d00000|  0%| F|  |TAMS 0x0000000084c00000, 0x0000000084c00000| Untracked 
|  77|0x0000000084d00000, 0x0000000084d00000, 0x0000000084e00000|  0%| F|  |TAMS 0x0000000084d00000, 0x0000000084d00000| Untracked 
|  78|0x0000000084e00000, 0x0000000084e00000, 0x0000000084f00000|  0%| F|  |TAMS 0x0000000084e00000, 0x0000000084e00000| Untracked 
|  79|0x0000000084f00000, 0x0000000084f00000, 0x0000000085000000|  0%| F|  |TAMS 0x0000000084f00000, 0x0000000084f00000| Untracked 
|  80|0x0000000085000000, 0x0000000085000000, 0x0000000085100000|  0%| F|  |TAMS 0x0000000085000000, 0x0000000085000000| Untracked 
|  81|0x0000000085100000, 0x0000000085100000, 0x0000000085200000|  0%| F|  |TAMS 0x0000000085100000, 0x0000000085100000| Untracked 
|  82|0x0000000085200000, 0x0000000085200000, 0x0000000085300000|  0%| F|  |TAMS 0x0000000085200000, 0x0000000085200000| Untracked 
|  83|0x0000000085300000, 0x0000000085300000, 0x0000000085400000|  0%| F|  |TAMS 0x0000000085300000, 0x0000000085300000| Untracked 
|  84|0x0000000085400000, 0x0000000085400000, 0x0000000085500000|  0%| F|  |TAMS 0x0000000085400000, 0x0000000085400000| Untracked 
|  85|0x0000000085500000, 0x0000000085500000, 0x0000000085600000|  0%| F|  |TAMS 0x0000000085500000, 0x0000000085500000| Untracked 
|  86|0x0000000085600000, 0x0000000085600000, 0x0000000085700000|  0%| F|  |TAMS 0x0000000085600000, 0x0000000085600000| Untracked 
|  87|0x0000000085700000, 0x0000000085700000, 0x0000000085800000|  0%| F|  |TAMS 0x0000000085700000, 0x0000000085700000| Untracked 
|  88|0x0000000085800000, 0x0000000085800000, 0x0000000085900000|  0%| F|  |TAMS 0x0000000085800000, 0x0000000085800000| Untracked 
|  89|0x0000000085900000, 0x0000000085900000, 0x0000000085a00000|  0%| F|  |TAMS 0x0000000085900000, 0x0000000085900000| Untracked 
|  90|0x0000000085a00000, 0x0000000085a00000, 0x0000000085b00000|  0%| F|  |TAMS 0x0000000085a00000, 0x0000000085a00000| Untracked 
|  91|0x0000000085b00000, 0x0000000085b00000, 0x0000000085c00000|  0%| F|  |TAMS 0x0000000085b00000, 0x0000000085b00000| Untracked 
|  92|0x0000000085c00000, 0x0000000085c00000, 0x0000000085d00000|  0%| F|  |TAMS 0x0000000085c00000, 0x0000000085c00000| Untracked 
|  93|0x0000000085d00000, 0x0000000085d00000, 0x0000000085e00000|  0%| F|  |TAMS 0x0000000085d00000, 0x0000000085d00000| Untracked 
|  94|0x0000000085e00000, 0x0000000085e00000, 0x0000000085f00000|  0%| F|  |TAMS 0x0000000085e00000, 0x0000000085e00000| Untracked 
|  95|0x0000000085f00000, 0x0000000085f00000, 0x0000000086000000|  0%| F|  |TAMS 0x0000000085f00000, 0x0000000085f00000| Untracked 
|  96|0x0000000086000000, 0x0000000086000000, 0x0000000086100000|  0%| F|  |TAMS 0x0000000086000000, 0x0000000086000000| Untracked 
|  97|0x0000000086100000, 0x0000000086180000, 0x0000000086200000| 50%| E|CS|TAMS 0x0000000086100000, 0x0000000086180000| Complete 
|  98|0x0000000086200000, 0x0000000086300000, 0x0000000086300000|100%| E|CS|TAMS 0x0000000086200000, 0x0000000086300000| Complete 
|  99|0x0000000086300000, 0x0000000086400000, 0x0000000086400000|100%| E|CS|TAMS 0x0000000086300000, 0x0000000086400000| Complete 
| 100|0x0000000086400000, 0x0000000086500000, 0x0000000086500000|100%| E|CS|TAMS 0x0000000086400000, 0x0000000086500000| Complete 
| 101|0x0000000086500000, 0x0000000086600000, 0x0000000086600000|100%| E|CS|TAMS 0x0000000086500000, 0x0000000086600000| Complete 
| 102|0x0000000086600000, 0x0000000086700000, 0x0000000086700000|100%| E|CS|TAMS 0x0000000086600000, 0x0000000086700000| Complete 
| 103|0x0000000086700000, 0x0000000086800000, 0x0000000086800000|100%| E|CS|TAMS 0x0000000086700000, 0x0000000086800000| Complete 
| 104|0x0000000086800000, 0x0000000086900000, 0x0000000086900000|100%| E|CS|TAMS 0x0000000086800000, 0x0000000086900000| Complete 
| 105|0x0000000086900000, 0x0000000086a00000, 0x0000000086a00000|100%| E|CS|TAMS 0x0000000086900000, 0x0000000086a00000| Complete 
| 106|0x0000000086a00000, 0x0000000086b00000, 0x0000000086b00000|100%| E|CS|TAMS 0x0000000086a00000, 0x0000000086b00000| Complete 
| 107|0x0000000086b00000, 0x0000000086b00000, 0x0000000086c00000|  0%| F|  |TAMS 0x0000000086b00000, 0x0000000086b00000| Untracked 
| 108|0x0000000086c00000, 0x0000000086c00000, 0x0000000086d00000|  0%| F|  |TAMS 0x0000000086c00000, 0x0000000086c00000| Untracked 
| 109|0x0000000086d00000, 0x0000000086d00000, 0x0000000086e00000|  0%| F|  |TAMS 0x0000000086d00000, 0x0000000086d00000| Untracked 
| 110|0x0000000086e00000, 0x0000000086e00000, 0x0000000086f00000|  0%| F|  |TAMS 0x0000000086e00000, 0x0000000086e00000| Untracked 
| 111|0x0000000086f00000, 0x0000000086f00000, 0x0000000087000000|  0%| F|  |TAMS 0x0000000086f00000, 0x0000000086f00000| Untracked 
| 112|0x0000000087000000, 0x0000000087000000, 0x0000000087100000|  0%| F|  |TAMS 0x0000000087000000, 0x0000000087000000| Untracked 
| 113|0x0000000087100000, 0x0000000087100000, 0x0000000087200000|  0%| F|  |TAMS 0x0000000087100000, 0x0000000087100000| Untracked 
| 114|0x0000000087200000, 0x0000000087200000, 0x0000000087300000|  0%| F|  |TAMS 0x0000000087200000, 0x0000000087200000| Untracked 
| 115|0x0000000087300000, 0x0000000087300000, 0x0000000087400000|  0%| F|  |TAMS 0x0000000087300000, 0x0000000087300000| Untracked 
| 116|0x0000000087400000, 0x0000000087400000, 0x0000000087500000|  0%| F|  |TAMS 0x0000000087400000, 0x0000000087400000| Untracked 
| 117|0x0000000087500000, 0x0000000087500000, 0x0000000087600000|  0%| F|  |TAMS 0x0000000087500000, 0x0000000087500000| Untracked 
| 118|0x0000000087600000, 0x0000000087600000, 0x0000000087700000|  0%| F|  |TAMS 0x0000000087600000, 0x0000000087600000| Untracked 
| 119|0x0000000087700000, 0x0000000087700000, 0x0000000087800000|  0%| F|  |TAMS 0x0000000087700000, 0x0000000087700000| Untracked 
| 120|0x0000000087800000, 0x0000000087800000, 0x0000000087900000|  0%| F|  |TAMS 0x0000000087800000, 0x0000000087800000| Untracked 
| 121|0x0000000087900000, 0x0000000087a00000, 0x0000000087a00000|100%| E|CS|TAMS 0x0000000087900000, 0x0000000087a00000| Complete 
| 122|0x0000000087a00000, 0x0000000087b00000, 0x0000000087b00000|100%| E|CS|TAMS 0x0000000087a00000, 0x0000000087b00000| Complete 
| 123|0x0000000087b00000, 0x0000000087c00000, 0x0000000087c00000|100%| E|CS|TAMS 0x0000000087b00000, 0x0000000087c00000| Complete 
| 124|0x0000000087c00000, 0x0000000087d00000, 0x0000000087d00000|100%| E|CS|TAMS 0x0000000087c00000, 0x0000000087d00000| Complete 
| 125|0x0000000087d00000, 0x0000000087e00000, 0x0000000087e00000|100%| E|CS|TAMS 0x0000000087d00000, 0x0000000087e00000| Complete 
| 126|0x0000000087e00000, 0x0000000087e00000, 0x0000000087f00000|  0%| F|  |TAMS 0x0000000087e00000, 0x0000000087e00000| Untracked 
| 127|0x0000000087f00000, 0x0000000087f00000, 0x0000000088000000|  0%| F|  |TAMS 0x0000000087f00000, 0x0000000087f00000| Untracked 
| 128|0x0000000088000000, 0x0000000088000000, 0x0000000088100000|  0%| F|  |TAMS 0x0000000088000000, 0x0000000088000000| Untracked 
| 129|0x0000000088100000, 0x0000000088100000, 0x0000000088200000|  0%| F|  |TAMS 0x0000000088100000, 0x0000000088100000| Untracked 
| 130|0x0000000088200000, 0x0000000088200000, 0x0000000088300000|  0%| F|  |TAMS 0x0000000088200000, 0x0000000088200000| Untracked 
| 131|0x0000000088300000, 0x0000000088300000, 0x0000000088400000|  0%| F|  |TAMS 0x0000000088300000, 0x0000000088300000| Untracked 
| 132|0x0000000088400000, 0x0000000088400000, 0x0000000088500000|  0%| F|  |TAMS 0x0000000088400000, 0x0000000088400000| Untracked 
| 133|0x0000000088500000, 0x0000000088500000, 0x0000000088600000|  0%| F|  |TAMS 0x0000000088500000, 0x0000000088500000| Untracked 
| 134|0x0000000088600000, 0x0000000088600000, 0x0000000088700000|  0%| F|  |TAMS 0x0000000088600000, 0x0000000088600000| Untracked 
| 135|0x0000000088700000, 0x0000000088700000, 0x0000000088800000|  0%| F|  |TAMS 0x0000000088700000, 0x0000000088700000| Untracked 
| 136|0x0000000088800000, 0x0000000088800000, 0x0000000088900000|  0%| F|  |TAMS 0x0000000088800000, 0x0000000088800000| Untracked 
| 137|0x0000000088900000, 0x0000000088900000, 0x0000000088a00000|  0%| F|  |TAMS 0x0000000088900000, 0x0000000088900000| Untracked 
| 138|0x0000000088a00000, 0x0000000088a00000, 0x0000000088b00000|  0%| F|  |TAMS 0x0000000088a00000, 0x0000000088a00000| Untracked 
| 139|0x0000000088b00000, 0x0000000088b00000, 0x0000000088c00000|  0%| F|  |TAMS 0x0000000088b00000, 0x0000000088b00000| Untracked 
| 140|0x0000000088c00000, 0x0000000088c00000, 0x0000000088d00000|  0%| F|  |TAMS 0x0000000088c00000, 0x0000000088c00000| Untracked 
| 141|0x0000000088d00000, 0x0000000088d00000, 0x0000000088e00000|  0%| F|  |TAMS 0x0000000088d00000, 0x0000000088d00000| Untracked 
| 142|0x0000000088e00000, 0x0000000088e00000, 0x0000000088f00000|  0%| F|  |TAMS 0x0000000088e00000, 0x0000000088e00000| Untracked 
| 143|0x0000000088f00000, 0x0000000088f00000, 0x0000000089000000|  0%| F|  |TAMS 0x0000000088f00000, 0x0000000088f00000| Untracked 
| 144|0x0000000089000000, 0x0000000089000000, 0x0000000089100000|  0%| F|  |TAMS 0x0000000089000000, 0x0000000089000000| Untracked 
| 145|0x0000000089100000, 0x0000000089100000, 0x0000000089200000|  0%| F|  |TAMS 0x0000000089100000, 0x0000000089100000| Untracked 
| 146|0x0000000089200000, 0x0000000089200000, 0x0000000089300000|  0%| F|  |TAMS 0x0000000089200000, 0x0000000089200000| Untracked 
| 147|0x0000000089300000, 0x0000000089300000, 0x0000000089400000|  0%| F|  |TAMS 0x0000000089300000, 0x0000000089300000| Untracked 
| 148|0x0000000089400000, 0x0000000089400000, 0x0000000089500000|  0%| F|  |TAMS 0x0000000089400000, 0x0000000089400000| Untracked 
| 149|0x0000000089500000, 0x0000000089500000, 0x0000000089600000|  0%| F|  |TAMS 0x0000000089500000, 0x0000000089500000| Untracked 
| 150|0x0000000089600000, 0x0000000089600000, 0x0000000089700000|  0%| F|  |TAMS 0x0000000089600000, 0x0000000089600000| Untracked 
| 151|0x0000000089700000, 0x0000000089700000, 0x0000000089800000|  0%| F|  |TAMS 0x0000000089700000, 0x0000000089700000| Untracked 
| 152|0x0000000089800000, 0x0000000089800000, 0x0000000089900000|  0%| F|  |TAMS 0x0000000089800000, 0x0000000089800000| Untracked 
| 153|0x0000000089900000, 0x0000000089900000, 0x0000000089a00000|  0%| F|  |TAMS 0x0000000089900000, 0x0000000089900000| Untracked 
| 154|0x0000000089a00000, 0x0000000089a00000, 0x0000000089b00000|  0%| F|  |TAMS 0x0000000089a00000, 0x0000000089a00000| Untracked 
| 155|0x0000000089b00000, 0x0000000089b00000, 0x0000000089c00000|  0%| F|  |TAMS 0x0000000089b00000, 0x0000000089b00000| Untracked 
| 156|0x0000000089c00000, 0x0000000089c00000, 0x0000000089d00000|  0%| F|  |TAMS 0x0000000089c00000, 0x0000000089c00000| Untracked 
| 157|0x0000000089d00000, 0x0000000089d00000, 0x0000000089e00000|  0%| F|  |TAMS 0x0000000089d00000, 0x0000000089d00000| Untracked 
| 158|0x0000000089e00000, 0x0000000089e00000, 0x0000000089f00000|  0%| F|  |TAMS 0x0000000089e00000, 0x0000000089e00000| Untracked 
| 159|0x0000000089f00000, 0x0000000089f00000, 0x000000008a000000|  0%| F|  |TAMS 0x0000000089f00000, 0x0000000089f00000| Untracked 
| 160|0x000000008a000000, 0x000000008a000000, 0x000000008a100000|  0%| F|  |TAMS 0x000000008a000000, 0x000000008a000000| Untracked 
| 161|0x000000008a100000, 0x000000008a100000, 0x000000008a200000|  0%| F|  |TAMS 0x000000008a100000, 0x000000008a100000| Untracked 
| 162|0x000000008a200000, 0x000000008a200000, 0x000000008a300000|  0%| F|  |TAMS 0x000000008a200000, 0x000000008a200000| Untracked 
| 163|0x000000008a300000, 0x000000008a300000, 0x000000008a400000|  0%| F|  |TAMS 0x000000008a300000, 0x000000008a300000| Untracked 
| 164|0x000000008a400000, 0x000000008a400000, 0x000000008a500000|  0%| F|  |TAMS 0x000000008a400000, 0x000000008a400000| Untracked 
| 165|0x000000008a500000, 0x000000008a500000, 0x000000008a600000|  0%| F|  |TAMS 0x000000008a500000, 0x000000008a500000| Untracked 
| 166|0x000000008a600000, 0x000000008a600000, 0x000000008a700000|  0%| F|  |TAMS 0x000000008a600000, 0x000000008a600000| Untracked 
| 167|0x000000008a700000, 0x000000008a700000, 0x000000008a800000|  0%| F|  |TAMS 0x000000008a700000, 0x000000008a700000| Untracked 
| 168|0x000000008a800000, 0x000000008a800000, 0x000000008a900000|  0%| F|  |TAMS 0x000000008a800000, 0x000000008a800000| Untracked 
| 169|0x000000008a900000, 0x000000008a900000, 0x000000008aa00000|  0%| F|  |TAMS 0x000000008a900000, 0x000000008a900000| Untracked 
| 170|0x000000008aa00000, 0x000000008aa00000, 0x000000008ab00000|  0%| F|  |TAMS 0x000000008aa00000, 0x000000008aa00000| Untracked 
| 171|0x000000008ab00000, 0x000000008ab00000, 0x000000008ac00000|  0%| F|  |TAMS 0x000000008ab00000, 0x000000008ab00000| Untracked 
| 172|0x000000008ac00000, 0x000000008ac00000, 0x000000008ad00000|  0%| F|  |TAMS 0x000000008ac00000, 0x000000008ac00000| Untracked 
| 173|0x000000008ad00000, 0x000000008ad00000, 0x000000008ae00000|  0%| F|  |TAMS 0x000000008ad00000, 0x000000008ad00000| Untracked 
| 174|0x000000008ae00000, 0x000000008ae00000, 0x000000008af00000|  0%| F|  |TAMS 0x000000008ae00000, 0x000000008ae00000| Untracked 
| 175|0x000000008af00000, 0x000000008af00000, 0x000000008b000000|  0%| F|  |TAMS 0x000000008af00000, 0x000000008af00000| Untracked 
| 176|0x000000008b000000, 0x000000008b000000, 0x000000008b100000|  0%| F|  |TAMS 0x000000008b000000, 0x000000008b000000| Untracked 
| 177|0x000000008b100000, 0x000000008b100000, 0x000000008b200000|  0%| F|  |TAMS 0x000000008b100000, 0x000000008b100000| Untracked 
| 178|0x000000008b200000, 0x000000008b200000, 0x000000008b300000|  0%| F|  |TAMS 0x000000008b200000, 0x000000008b200000| Untracked 
| 179|0x000000008b300000, 0x000000008b300000, 0x000000008b400000|  0%| F|  |TAMS 0x000000008b300000, 0x000000008b300000| Untracked 
| 180|0x000000008b400000, 0x000000008b400000, 0x000000008b500000|  0%| F|  |TAMS 0x000000008b400000, 0x000000008b400000| Untracked 
| 181|0x000000008b500000, 0x000000008b500000, 0x000000008b600000|  0%| F|  |TAMS 0x000000008b500000, 0x000000008b500000| Untracked 
| 182|0x000000008b600000, 0x000000008b600000, 0x000000008b700000|  0%| F|  |TAMS 0x000000008b600000, 0x000000008b600000| Untracked 
| 183|0x000000008b700000, 0x000000008b700000, 0x000000008b800000|  0%| F|  |TAMS 0x000000008b700000, 0x000000008b700000| Untracked 
| 184|0x000000008b800000, 0x000000008b800000, 0x000000008b900000|  0%| F|  |TAMS 0x000000008b800000, 0x000000008b800000| Untracked 
| 185|0x000000008b900000, 0x000000008b900000, 0x000000008ba00000|  0%| F|  |TAMS 0x000000008b900000, 0x000000008b900000| Untracked 
| 186|0x000000008ba00000, 0x000000008ba00000, 0x000000008bb00000|  0%| F|  |TAMS 0x000000008ba00000, 0x000000008ba00000| Untracked 
| 187|0x000000008bb00000, 0x000000008bb00000, 0x000000008bc00000|  0%| F|  |TAMS 0x000000008bb00000, 0x000000008bb00000| Untracked 
| 188|0x000000008bc00000, 0x000000008bc00000, 0x000000008bd00000|  0%| F|  |TAMS 0x000000008bc00000, 0x000000008bc00000| Untracked 
| 189|0x000000008bd00000, 0x000000008bd00000, 0x000000008be00000|  0%| F|  |TAMS 0x000000008bd00000, 0x000000008bd00000| Untracked 
| 190|0x000000008be00000, 0x000000008be00000, 0x000000008bf00000|  0%| F|  |TAMS 0x000000008be00000, 0x000000008be00000| Untracked 
| 191|0x000000008bf00000, 0x000000008bf00000, 0x000000008c000000|  0%| F|  |TAMS 0x000000008bf00000, 0x000000008bf00000| Untracked 
| 192|0x000000008c000000, 0x000000008c000000, 0x000000008c100000|  0%| F|  |TAMS 0x000000008c000000, 0x000000008c000000| Untracked 
| 193|0x000000008c100000, 0x000000008c100000, 0x000000008c200000|  0%| F|  |TAMS 0x000000008c100000, 0x000000008c100000| Untracked 
| 194|0x000000008c200000, 0x000000008c200000, 0x000000008c300000|  0%| F|  |TAMS 0x000000008c200000, 0x000000008c200000| Untracked 
| 195|0x000000008c300000, 0x000000008c300000, 0x000000008c400000|  0%| F|  |TAMS 0x000000008c300000, 0x000000008c300000| Untracked 
| 196|0x000000008c400000, 0x000000008c400000, 0x000000008c500000|  0%| F|  |TAMS 0x000000008c400000, 0x000000008c400000| Untracked 
| 197|0x000000008c500000, 0x000000008c500000, 0x000000008c600000|  0%| F|  |TAMS 0x000000008c500000, 0x000000008c500000| Untracked 
| 198|0x000000008c600000, 0x000000008c600000, 0x000000008c700000|  0%| F|  |TAMS 0x000000008c600000, 0x000000008c600000| Untracked 
| 199|0x000000008c700000, 0x000000008c700000, 0x000000008c800000|  0%| F|  |TAMS 0x000000008c700000, 0x000000008c700000| Untracked 
| 200|0x000000008c800000, 0x000000008c800000, 0x000000008c900000|  0%| F|  |TAMS 0x000000008c800000, 0x000000008c800000| Untracked 
| 201|0x000000008c900000, 0x000000008c900000, 0x000000008ca00000|  0%| F|  |TAMS 0x000000008c900000, 0x000000008c900000| Untracked 
| 202|0x000000008ca00000, 0x000000008ca00000, 0x000000008cb00000|  0%| F|  |TAMS 0x000000008ca00000, 0x000000008ca00000| Untracked 
| 203|0x000000008cb00000, 0x000000008cb80000, 0x000000008cc00000| 50%| S|  |TAMS 0x000000008cb00000, 0x000000008cb00000| Complete 
| 204|0x000000008cc00000, 0x000000008cd00000, 0x000000008cd00000|100%| S|  |TAMS 0x000000008cc00000, 0x000000008cc00000| Complete 
| 205|0x000000008cd00000, 0x000000008ce00000, 0x000000008ce00000|100%| E|CS|TAMS 0x000000008cd00000, 0x000000008ce00000| Complete 
| 206|0x000000008ce00000, 0x000000008cf00000, 0x000000008cf00000|100%| E|CS|TAMS 0x000000008ce00000, 0x000000008cf00000| Complete 
| 207|0x000000008cf00000, 0x000000008d000000, 0x000000008d000000|100%| E|CS|TAMS 0x000000008cf00000, 0x000000008d000000| Complete 
| 208|0x000000008d000000, 0x000000008d100000, 0x000000008d100000|100%| E|CS|TAMS 0x000000008d000000, 0x000000008d100000| Complete 
| 209|0x000000008d100000, 0x000000008d200000, 0x000000008d200000|100%| E|CS|TAMS 0x000000008d100000, 0x000000008d200000| Complete 
| 210|0x000000008d200000, 0x000000008d300000, 0x000000008d300000|100%| E|CS|TAMS 0x000000008d200000, 0x000000008d300000| Complete 
| 211|0x000000008d300000, 0x000000008d400000, 0x000000008d400000|100%| E|CS|TAMS 0x000000008d300000, 0x000000008d400000| Complete 
| 212|0x000000008d400000, 0x000000008d500000, 0x000000008d500000|100%| E|CS|TAMS 0x000000008d400000, 0x000000008d500000| Complete 
| 213|0x000000008d500000, 0x000000008d600000, 0x000000008d600000|100%| E|CS|TAMS 0x000000008d500000, 0x000000008d600000| Complete 
| 214|0x000000008d600000, 0x000000008d700000, 0x000000008d700000|100%| E|CS|TAMS 0x000000008d600000, 0x000000008d700000| Complete 
| 215|0x000000008d700000, 0x000000008d800000, 0x000000008d800000|100%| E|CS|TAMS 0x000000008d700000, 0x000000008d800000| Complete 
| 216|0x000000008d800000, 0x000000008d900000, 0x000000008d900000|100%| E|CS|TAMS 0x000000008d800000, 0x000000008d900000| Complete 
| 217|0x000000008d900000, 0x000000008da00000, 0x000000008da00000|100%| E|CS|TAMS 0x000000008d900000, 0x000000008da00000| Complete 
| 218|0x000000008da00000, 0x000000008db00000, 0x000000008db00000|100%| E|CS|TAMS 0x000000008da00000, 0x000000008db00000| Complete 
| 219|0x000000008db00000, 0x000000008dc00000, 0x000000008dc00000|100%| E|CS|TAMS 0x000000008db00000, 0x000000008dc00000| Complete 
| 220|0x000000008dc00000, 0x000000008dd00000, 0x000000008dd00000|100%| E|CS|TAMS 0x000000008dc00000, 0x000000008dd00000| Complete 
| 221|0x000000008dd00000, 0x000000008de00000, 0x000000008de00000|100%| E|CS|TAMS 0x000000008dd00000, 0x000000008de00000| Complete 
| 222|0x000000008de00000, 0x000000008df00000, 0x000000008df00000|100%| E|CS|TAMS 0x000000008de00000, 0x000000008df00000| Complete 
| 223|0x000000008df00000, 0x000000008e000000, 0x000000008e000000|100%| E|CS|TAMS 0x000000008df00000, 0x000000008e000000| Complete 
| 224|0x000000008e000000, 0x000000008e100000, 0x000000008e100000|100%| E|CS|TAMS 0x000000008e000000, 0x000000008e100000| Complete 
| 225|0x000000008e100000, 0x000000008e200000, 0x000000008e200000|100%| E|CS|TAMS 0x000000008e100000, 0x000000008e200000| Complete 
| 226|0x000000008e200000, 0x000000008e300000, 0x000000008e300000|100%| E|CS|TAMS 0x000000008e200000, 0x000000008e300000| Complete 
| 227|0x000000008e300000, 0x000000008e400000, 0x000000008e400000|100%| E|CS|TAMS 0x000000008e300000, 0x000000008e400000| Complete 
| 228|0x000000008e400000, 0x000000008e500000, 0x000000008e500000|100%| E|CS|TAMS 0x000000008e400000, 0x000000008e500000| Complete 
| 229|0x000000008e500000, 0x000000008e600000, 0x000000008e600000|100%| E|CS|TAMS 0x000000008e500000, 0x000000008e600000| Complete 
| 230|0x000000008e600000, 0x000000008e700000, 0x000000008e700000|100%| E|CS|TAMS 0x000000008e600000, 0x000000008e700000| Complete 

Card table byte_map: [0x000001fea2f10000,0x000001fea3310000] _byte_map_base: 0x000001fea2b10000

Marking Bits (Prev, Next): (CMBitMap*) 0x000001fe8e22bb10, (CMBitMap*) 0x000001fe8e22bad8
 Prev Bits: [0x000001fea5710000, 0x000001fea7710000)
 Next Bits: [0x000001fea3710000, 0x000001fea5710000)

Polling page: 0x000001fe8e2d0000

Metaspace:

Usage:
  Non-class:     61.96 MB capacity,    60.74 MB ( 98%) used,     1.07 MB (  2%) free+waste,   153.94 KB ( <1%) overhead. 
      Class:      9.57 MB capacity,     8.99 MB ( 94%) used,   517.02 KB (  5%) free+waste,    72.88 KB ( <1%) overhead. 
       Both:     71.53 MB capacity,    69.73 MB ( 97%) used,     1.58 MB (  2%) free+waste,   226.81 KB ( <1%) overhead. 

Virtual space:
  Non-class space:       62.00 MB reserved,      62.00 MB (100%) committed 
      Class space:        1.00 GB reserved,       9.63 MB ( <1%) committed 
             Both:        1.06 GB reserved,      71.63 MB (  7%) committed 

Chunk freelists:
   Non-Class:  41.00 KB
       Class:  25.00 KB
        Both:  66.00 KB

MaxMetaspaceSize: 17179869184.00 GB
CompressedClassSpaceSize: 1.00 GB

CodeHeap 'non-profiled nmethods': size=120064Kb used=3968Kb max_used=3968Kb free=116096Kb
 bounds [0x000001fe9afb0000, 0x000001fe9b390000, 0x000001fea24f0000]
CodeHeap 'profiled nmethods': size=120000Kb used=14866Kb max_used=14866Kb free=105133Kb
 bounds [0x000001fe93a80000, 0x000001fe94910000, 0x000001fe9afb0000]
CodeHeap 'non-nmethods': size=5696Kb used=2257Kb max_used=2329Kb free=3438Kb
 bounds [0x000001fe934f0000, 0x000001fe93760000, 0x000001fe93a80000]
 total_blobs=7543 nmethods=6690 adapters=764
 compilation: enabled
              stopped_count=0, restarted_count=0
 full_count=0

Compilation events (20 events):
Event: 9.536 Thread 0x000001fea9d8d000 nmethod 6708 0x000001fe948fd110 code [0x000001fe948fd460, 0x000001fe948fe468]
Event: 9.536 Thread 0x000001fea9d8d000 6709       3       org.objectweb.asm.ClassVisitor::<init> (82 bytes)
Event: 9.537 Thread 0x000001feb2598800 6710       4       java.net.URI$Parser::scan (76 bytes)
Event: 9.537 Thread 0x000001fea9d8d000 nmethod 6709 0x000001fe948feb90 code [0x000001fe948fee20, 0x000001fe948ff8c8]
Event: 9.539 Thread 0x000001fea9d8d000 6711       3       org.objectweb.asm.MethodWriter::canCopyMethodAttributes (163 bytes)
Event: 9.539 Thread 0x000001fea9d8d000 nmethod 6711 0x000001fe948ffc10 code [0x000001fe948ffe20, 0x000001fe94900558]
Event: 9.540 Thread 0x000001feb2598800 nmethod 6710 0x000001fe9b38f110 code [0x000001fe9b38f2e0, 0x000001fe9b38f558]
Event: 9.540 Thread 0x000001feb2598800 6712       4       org.objectweb.asm.MethodWriter::putMethodInfo (1274 bytes)
Event: 9.542 Thread 0x000001feaa5fd800 6713       4       org.objectweb.asm.Handler::putExceptionTable (63 bytes)
Event: 9.546 Thread 0x000001feaa5fd800 nmethod 6713 0x000001fe9b38f810 code [0x000001fe9b38fa00, 0x000001fe9b38fce0]
Event: 9.552 Thread 0x000001fea9d8d000 6714       3       sun.util.locale.provider.LocaleProviderAdapter::getAdapter (177 bytes)
Event: 9.553 Thread 0x000001fea9d8d000 nmethod 6714 0x000001fe94900810 code [0x000001fe94900b60, 0x000001fe949020e8]
Event: 9.556 Thread 0x000001fea9d8d000 6715       3       java.lang.StringLatin1::lastIndexOf (125 bytes)
Event: 9.557 Thread 0x000001fea9d8d000 nmethod 6715 0x000001fe94902710 code [0x000001fe94902900, 0x000001fe94902d78]
Event: 9.561 Thread 0x000001fea9d8d000 6716       3       java.util.Formatter$Conversion::isGeneral (64 bytes)
Event: 9.561 Thread 0x000001fea9d8d000 nmethod 6716 0x000001fe94903010 code [0x000001fe949031c0, 0x000001fe94903398]
Event: 9.564 Thread 0x000001fea9d8d000 6717       3       org.gradle.api.internal.provider.MappingProvider::<init> (20 bytes)
Event: 9.564 Thread 0x000001fea9d8d000 nmethod 6717 0x000001fe94903410 code [0x000001fe949035e0, 0x000001fe949038b8]
Event: 9.576 Thread 0x000001fea9d8d000 6718       3       java.lang.invoke.MethodHandles$Lookup::checkMethodName (43 bytes)
Event: 9.577 Thread 0x000001fea9d8d000 nmethod 6718 0x000001fe94903990 code [0x000001fe94903c00, 0x000001fe94904548]

GC Heap History (20 events):
Event: 0.860 GC heap after
{Heap after GC invocations=2 (full 0):
 garbage-first heap   total 196608K, used 8686K [0x0000000080000000, 0x0000000100000000)
  region size 1024K, 1 young (1024K), 1 survivors (1024K)
 Metaspace       used 10881K, capacity 11130K, committed 11264K, reserved 1058816K
  class space    used 1144K, capacity 1203K, committed 1280K, reserved 1048576K
}
Event: 1.124 GC heap before
{Heap before GC invocations=2 (full 0):
 garbage-first heap   total 196608K, used 38382K [0x0000000080000000, 0x0000000100000000)
  region size 1024K, 30 young (30720K), 1 survivors (1024K)
 Metaspace       used 11031K, capacity 11322K, committed 11520K, reserved 1058816K
  class space    used 1146K, capacity 1203K, committed 1280K, reserved 1048576K
}
Event: 1.127 GC heap after
{Heap after GC invocations=3 (full 0):
 garbage-first heap   total 196608K, used 13139K [0x0000000080000000, 0x0000000100000000)
  region size 1024K, 4 young (4096K), 4 survivors (4096K)
 Metaspace       used 11031K, capacity 11322K, committed 11520K, reserved 1058816K
  class space    used 1146K, capacity 1203K, committed 1280K, reserved 1048576K
}
Event: 1.981 GC heap before
{Heap before GC invocations=3 (full 0):
 garbage-first heap   total 196608K, used 56147K [0x0000000080000000, 0x0000000100000000)
  region size 1024K, 46 young (47104K), 4 survivors (4096K)
 Metaspace       used 19130K, capacity 19647K, committed 19968K, reserved 1067008K
  class space    used 2324K, capacity 2470K, committed 2560K, reserved 1048576K
}
Event: 1.986 GC heap after
{Heap after GC invocations=4 (full 0):
 garbage-first heap   total 196608K, used 16140K [0x0000000080000000, 0x0000000100000000)
  region size 1024K, 3 young (3072K), 3 survivors (3072K)
 Metaspace       used 19130K, capacity 19647K, committed 19968K, reserved 1067008K
  class space    used 2324K, capacity 2470K, committed 2560K, reserved 1048576K
}
Event: 2.110 GC heap before
{Heap before GC invocations=4 (full 0):
 garbage-first heap   total 196608K, used 26380K [0x0000000080000000, 0x0000000100000000)
  region size 1024K, 14 young (14336K), 3 survivors (3072K)
 Metaspace       used 20648K, capacity 21158K, committed 21296K, reserved 1069056K
  class space    used 2533K, capacity 2723K, committed 2816K, reserved 1048576K
}
Event: 2.113 GC heap after
{Heap after GC invocations=5 (full 0):
 garbage-first heap   total 196608K, used 16685K [0x0000000080000000, 0x0000000100000000)
  region size 1024K, 4 young (4096K), 4 survivors (4096K)
 Metaspace       used 20648K, capacity 21158K, committed 21296K, reserved 1069056K
  class space    used 2533K, capacity 2723K, committed 2816K, reserved 1048576K
}
Event: 2.857 GC heap before
{Heap before GC invocations=6 (full 0):
 garbage-first heap   total 196608K, used 84269K [0x0000000080000000, 0x0000000100000000)
  region size 1024K, 61 young (62464K), 4 survivors (4096K)
 Metaspace       used 26714K, capacity 27495K, committed 27648K, reserved 1073152K
  class space    used 3504K, capacity 3792K, committed 3840K, reserved 1048576K
}
Event: 2.866 GC heap after
{Heap after GC invocations=7 (full 0):
 garbage-first heap   total 196608K, used 31670K [0x0000000080000000, 0x0000000100000000)
  region size 1024K, 8 young (8192K), 8 survivors (8192K)
 Metaspace       used 26714K, capacity 27495K, committed 27648K, reserved 1073152K
  class space    used 3504K, capacity 3792K, committed 3840K, reserved 1048576K
}
Event: 3.524 GC heap before
{Heap before GC invocations=7 (full 0):
 garbage-first heap   total 196608K, used 77750K [0x0000000080000000, 0x0000000100000000)
  region size 1024K, 54 young (55296K), 8 survivors (8192K)
 Metaspace       used 35031K, capacity 35808K, committed 35840K, reserved 1081344K
  class space    used 4556K, capacity 4842K, committed 4864K, reserved 1048576K
}
Event: 3.533 GC heap after
{Heap after GC invocations=8 (full 0):
 garbage-first heap   total 196608K, used 34549K [0x0000000080000000, 0x0000000100000000)
  region size 1024K, 9 young (9216K), 9 survivors (9216K)
 Metaspace       used 35031K, capacity 35808K, committed 35840K, reserved 1081344K
  class space    used 4556K, capacity 4842K, committed 4864K, reserved 1048576K
}
Event: 4.572 GC heap before
{Heap before GC invocations=9 (full 0):
 garbage-first heap   total 196608K, used 125685K [0x0000000080000000, 0x0000000100000000)
  region size 1024K, 87 young (89088K), 9 survivors (9216K)
 Metaspace       used 42469K, capacity 43614K, committed 43776K, reserved 1087488K
  class space    used 5397K, capacity 5772K, committed 5888K, reserved 1048576K
}
Event: 4.588 GC heap after
{Heap after GC invocations=10 (full 0):
 garbage-first heap   total 196608K, used 49925K [0x0000000080000000, 0x0000000100000000)
  region size 1024K, 11 young (11264K), 11 survivors (11264K)
 Metaspace       used 42469K, capacity 43614K, committed 43776K, reserved 1087488K
  class space    used 5397K, capacity 5772K, committed 5888K, reserved 1048576K
}
Event: 5.562 GC heap before
{Heap before GC invocations=11 (full 0):
 garbage-first heap   total 196608K, used 141061K [0x0000000080000000, 0x0000000100000000)
  region size 1024K, 97 young (99328K), 11 survivors (11264K)
 Metaspace       used 46885K, capacity 48283K, committed 48512K, reserved 1091584K
  class space    used 6014K, capacity 6469K, committed 6528K, reserved 1048576K
}
Event: 5.577 GC heap after
{Heap after GC invocations=12 (full 0):
 garbage-first heap   total 236544K, used 61381K [0x0000000080000000, 0x0000000100000000)
  region size 1024K, 13 young (13312K), 13 survivors (13312K)
 Metaspace       used 46885K, capacity 48283K, committed 48512K, reserved 1091584K
  class space    used 6014K, capacity 6469K, committed 6528K, reserved 1048576K
}
Event: 7.572 GC heap before
{Heap before GC invocations=12 (full 0):
 garbage-first heap   total 236544K, used 172997K [0x0000000080000000, 0x0000000100000000)
  region size 1024K, 123 young (125952K), 13 survivors (13312K)
 Metaspace       used 62100K, capacity 63744K, committed 64000K, reserved 1105920K
  class space    used 7848K, capacity 8392K, committed 8448K, reserved 1048576K
}
Event: 7.588 GC heap after
{Heap after GC invocations=13 (full 0):
 garbage-first heap   total 236544K, used 68608K [0x0000000080000000, 0x0000000100000000)
  region size 1024K, 14 young (14336K), 14 survivors (14336K)
 Metaspace       used 62100K, capacity 63744K, committed 64000K, reserved 1105920K
  class space    used 7848K, capacity 8392K, committed 8448K, reserved 1048576K
}
Event: 9.296 GC heap before
{Heap before GC invocations=13 (full 0):
 garbage-first heap   total 236544K, used 176128K [0x0000000080000000, 0x0000000100000000)
  region size 1024K, 119 young (121856K), 14 survivors (14336K)
 Metaspace       used 70087K, capacity 71886K, committed 72192K, reserved 1112064K
  class space    used 9005K, capacity 9619K, committed 9728K, reserved 1048576K
}
Event: 9.318 GC heap after
{Heap after GC invocations=14 (full 0):
 garbage-first heap   total 236544K, used 77913K [0x0000000080000000, 0x0000000100000000)
  region size 1024K, 15 young (15360K), 15 survivors (15360K)
 Metaspace       used 70087K, capacity 71886K, committed 72192K, reserved 1112064K
  class space    used 9005K, capacity 9619K, committed 9728K, reserved 1048576K
}
Event: 9.580 GC heap before
{Heap before GC invocations=14 (full 0):
 garbage-first heap   total 236544K, used 103513K [0x0000000080000000, 0x0000000100000000)
  region size 1024K, 41 young (41984K), 15 survivors (15360K)
 Metaspace       used 71401K, capacity 73246K, committed 73344K, reserved 1112064K
  class space    used 9209K, capacity 9799K, committed 9856K, reserved 1048576K
}

Deoptimization events (20 events):
Event: 9.229 Thread 0x000001feaa606800 Uncommon trap: trap_request=0xffffff4d fr.pc=0x000001fe9b1a06a4 relative=0x00000000000018c4
Event: 9.229 Thread 0x000001feaa606800 Uncommon trap: reason=unstable_if action=reinterpret pc=0x000001fe9b1a06a4 method=org.codehaus.groovy.runtime.metaclass.MetaMethodIndex.addMethodToList(Ljava/lang/Object;Lgroovy/lang/MetaMethod;)Ljava/lang/Object; @ 256 c2
Event: 9.229 Thread 0x000001feaa606800 DEOPT PACKING pc=0x000001fe9b1a06a4 sp=0x000000616c5f7330
Event: 9.229 Thread 0x000001feaa606800 DEOPT UNPACKING pc=0x000001fe9351782f sp=0x000000616c5f72e8 mode 2
Event: 9.524 Thread 0x000001feaa606800 Uncommon trap: trap_request=0xffffff4d fr.pc=0x000001fe9b38b8a4 relative=0x0000000000000544
Event: 9.524 Thread 0x000001feaa606800 Uncommon trap: reason=unstable_if action=reinterpret pc=0x000001fe9b38b8a4 method=org.objectweb.asm.Handler.getExceptionTableLength(Lorg/objectweb/asm/Handler;)I @ 5 c2
Event: 9.524 Thread 0x000001feaa606800 DEOPT PACKING pc=0x000001fe9b38b8a4 sp=0x000000616c5f7a90
Event: 9.524 Thread 0x000001feaa606800 DEOPT UNPACKING pc=0x000001fe9351782f sp=0x000000616c5f7938 mode 2
Event: 9.528 Thread 0x000001feaa606800 DEOPT PACKING pc=0x000001fe94674adb sp=0x000000616c5f8a50
Event: 9.528 Thread 0x000001feaa606800 DEOPT UNPACKING pc=0x000001fe9351764e sp=0x000000616c5f7f00 mode 0
Event: 9.537 Thread 0x000001feaa606800 DEOPT PACKING pc=0x000001fe943eb271 sp=0x000000616c5f65a0
Event: 9.537 Thread 0x000001feaa606800 DEOPT UNPACKING pc=0x000001fe9351764e sp=0x000000616c5f5a98 mode 0
Event: 9.556 Thread 0x000001feaa606800 Uncommon trap: trap_request=0xffffff4d fr.pc=0x000001fe9b361ea8 relative=0x0000000000000068
Event: 9.556 Thread 0x000001feaa606800 Uncommon trap: reason=unstable_if action=reinterpret pc=0x000001fe9b361ea8 method=org.objectweb.asm.AnnotationWriter.computeAnnotationsSize(Lorg/objectweb/asm/AnnotationWriter;Lorg/objectweb/asm/AnnotationWriter;Lorg/objectweb/asm/AnnotationWriter;Lorg/ob
Event: 9.556 Thread 0x000001feaa606800 DEOPT PACKING pc=0x000001fe9b361ea8 sp=0x000000616c5f8590
Event: 9.556 Thread 0x000001feaa606800 DEOPT UNPACKING pc=0x000001fe9351782f sp=0x000000616c5f8518 mode 2
Event: 9.556 Thread 0x000001feaa606800 Uncommon trap: trap_request=0xffffff4d fr.pc=0x000001fe9b32dce0 relative=0x00000000000000a0
Event: 9.556 Thread 0x000001feaa606800 Uncommon trap: reason=unstable_if action=reinterpret pc=0x000001fe9b32dce0 method=org.objectweb.asm.AnnotationWriter.putAnnotations(Lorg/objectweb/asm/SymbolTable;Lorg/objectweb/asm/AnnotationWriter;Lorg/objectweb/asm/AnnotationWriter;Lorg/objectweb/asm/A
Event: 9.556 Thread 0x000001feaa606800 DEOPT PACKING pc=0x000001fe9b32dce0 sp=0x000000616c5f8570
Event: 9.556 Thread 0x000001feaa606800 DEOPT UNPACKING pc=0x000001fe9351782f sp=0x000000616c5f8500 mode 2

Classes redefined (0 events):
No events

Internal exceptions (20 events):
Event: 9.336 Thread 0x000001feaa606800 Exception <a 'java/lang/ClassNotFoundException'{0x000000008e39e210}: org/gradle/api/internal/AbstractValidatingNamedDomainObjectContainerCustomizer> (0x000000008e39e210) thrown at [./src/hotspot/share/classfile/systemDictionary.cpp, line 231]
Event: 9.337 Thread 0x000001feaa606800 Exception <a 'java/lang/ClassNotFoundException'{0x000000008e3cb400}: org/gradle/api/internal/artifacts/configurations/DefaultConfigurationContainerCustomizer> (0x000000008e3cb400) thrown at [./src/hotspot/share/classfile/systemDictionary.cpp, line 231]
Event: 9.338 Thread 0x000001feaa606800 Exception <a 'java/lang/ClassNotFoundException'{0x000000008e2036a0}: org/gradle/api/internal/artifacts/configurations/DefaultConfigurationContainer_DecoratedCustomizer> (0x000000008e2036a0) thrown at [./src/hotspot/share/classfile/systemDictionary.cpp, line 231]
Event: 9.351 Thread 0x000001feaa606800 Exception <a 'java/lang/ClassNotFoundException'{0x000000008e067778}: org/gradle/api/internal/artifacts/configurations/DefaultConfiguration_DecoratedBeanInfo> (0x000000008e067778) thrown at [./src/hotspot/share/classfile/systemDictionary.cpp, line 231]
Event: 9.351 Thread 0x000001feaa606800 Exception <a 'java/lang/ClassNotFoundException'{0x000000008e089978}: org/gradle/api/internal/artifacts/configurations/DefaultConfigurationBeanInfo> (0x000000008e089978) thrown at [./src/hotspot/share/classfile/systemDictionary.cpp, line 231]
Event: 9.351 Thread 0x000001feaa606800 Exception <a 'java/lang/ClassNotFoundException'{0x000000008e09d548}: org/gradle/api/internal/file/AbstractFileCollectionBeanInfo> (0x000000008e09d548) thrown at [./src/hotspot/share/classfile/systemDictionary.cpp, line 231]
Event: 9.352 Thread 0x000001feaa606800 Exception <a 'java/lang/ClassNotFoundException'{0x000000008e0b10e8}: org/gradle/api/internal/file/AbstractFileCollectionCustomizer> (0x000000008e0b10e8) thrown at [./src/hotspot/share/classfile/systemDictionary.cpp, line 231]
Event: 9.353 Thread 0x000001feaa606800 Exception <a 'java/lang/ClassNotFoundException'{0x000000008e0e4de0}: org/gradle/api/internal/artifacts/configurations/DefaultConfigurationCustomizer> (0x000000008e0e4de0) thrown at [./src/hotspot/share/classfile/systemDictionary.cpp, line 231]
Event: 9.355 Thread 0x000001feaa606800 Exception <a 'java/lang/ClassNotFoundException'{0x000000008df538b8}: org/gradle/api/internal/artifacts/configurations/DefaultConfiguration_DecoratedCustomizer> (0x000000008df538b8) thrown at [./src/hotspot/share/classfile/systemDictionary.cpp, line 231]
Event: 9.378 Thread 0x000001feaa606800 Exception <a 'java/lang/ClassNotFoundException'{0x000000008de1e668}: org/codehaus/groovy/runtime/MethodClosureBeanInfo> (0x000000008de1e668) thrown at [./src/hotspot/share/classfile/systemDictionary.cpp, line 231]
Event: 9.380 Thread 0x000001feaa606800 Exception <a 'java/lang/ClassNotFoundException'{0x000000008de314e0}: org/codehaus/groovy/runtime/MethodClosureCustomizer> (0x000000008de314e0) thrown at [./src/hotspot/share/classfile/systemDictionary.cpp, line 231]
Event: 9.382 Thread 0x000001feaa606800 Exception <a 'java/lang/ClassNotFoundException'{0x000000008de8c180}: org/gradle/api/internal/artifacts/configurations/DefaultConfiguration$ConfigurationResolvableDependencies_DecoratedBeanInfo> (0x000000008de8c180) thrown at [./src/hotspot/share/classfile/systemDictionary.cpp, line 231]
Event: 9.383 Thread 0x000001feaa606800 Exception <a 'java/lang/ClassNotFoundException'{0x000000008deb4a80}: org/gradle/api/internal/artifacts/configurations/DefaultConfiguration$ConfigurationResolvableDependenciesBeanInfo> (0x000000008deb4a80) thrown at [./src/hotspot/share/classfile/systemDictionary.cpp, line 231]
Event: 9.384 Thread 0x000001feaa606800 Exception <a 'java/lang/ClassNotFoundException'{0x000000008dede7b0}: org/gradle/api/internal/artifacts/configurations/DefaultConfiguration$ConfigurationResolvableDependenciesCustomizer> (0x000000008dede7b0) thrown at [./src/hotspot/share/classfile/systemDictionary.cpp, line 231]
Event: 9.386 Thread 0x000001feaa606800 Exception <a 'java/lang/ClassNotFoundException'{0x000000008dd19840}: org/gradle/api/internal/artifacts/configurations/DefaultConfiguration$ConfigurationResolvableDependencies_DecoratedCustomizer> (0x000000008dd19840) thrown at [./src/hotspot/share/classfile/systemDictionary.cpp, line 231]
Event: 9.487 Thread 0x000001feaa606800 Exception <a 'java/lang/ClassNotFoundException'{0x000000008d73f8a8}: org/jetbrains/plugins/gradle/model/web/WebConfigurationBeanInfo> (0x000000008d73f8a8) thrown at [./src/hotspot/share/classfile/systemDictionary.cpp, line 231]
Event: 9.487 Thread 0x000001feaa606800 Exception <a 'java/lang/ClassNotFoundException'{0x000000008d74e4e8}: org/jetbrains/plugins/gradle/model/web/WebConfigurationCustomizer> (0x000000008d74e4e8) thrown at [./src/hotspot/share/classfile/systemDictionary.cpp, line 231]
Event: 9.489 Thread 0x000001feaa606800 Exception <a 'java/lang/ClassNotFoundException'{0x000000008d77e9f0}: org/jetbrains/plugins/gradle/model/scala/ScalaModelBeanInfo> (0x000000008d77e9f0) thrown at [./src/hotspot/share/classfile/systemDictionary.cpp, line 231]
Event: 9.489 Thread 0x000001feaa606800 Exception <a 'java/lang/ClassNotFoundException'{0x000000008d78d868}: org/jetbrains/plugins/gradle/model/scala/ScalaModelCustomizer> (0x000000008d78d868) thrown at [./src/hotspot/share/classfile/systemDictionary.cpp, line 231]
Event: 9.576 Thread 0x000001feaa606800 Exception <a 'java/lang/NoSuchMethodError'{0x000000008cd3ee08}: 'java.lang.Object java.lang.invoke.Invokers$Holder.linkToTargetMethod(java.lang.Object, java.lang.Object, java.lang.Object, java.lang.Object, java.lang.Object, java.lang.Object, java.lang.Object)'> (0x000000008cd3ee08) thrown at [./src/hotspot/share/interpreter/linkResolver.cpp, line 773]

Events (20 events):
Event: 9.578 loading class com/google/common/collect/MultimapBuilder$1 done
Event: 9.578 loading class com/google/common/collect/MultimapBuilder$2
Event: 9.578 loading class com/google/common/collect/MultimapBuilder$2 done
Event: 9.579 loading class com/google/common/collect/MultimapBuilder$3
Event: 9.579 loading class com/google/common/collect/MultimapBuilder$3 done
Event: 9.579 loading class com/google/common/collect/MultimapBuilder$SetMultimapBuilder
Event: 9.579 loading class com/google/common/collect/MultimapBuilder$SetMultimapBuilder done
Event: 9.579 loading class com/google/common/collect/MultimapBuilder$MultimapBuilderWithKeys$6
Event: 9.579 loading class com/google/common/collect/MultimapBuilder$MultimapBuilderWithKeys$6 done
Event: 9.579 loading class com/google/common/collect/MultimapBuilder$ListMultimapBuilder
Event: 9.579 loading class com/google/common/collect/MultimapBuilder$ListMultimapBuilder done
Event: 9.579 loading class com/google/common/collect/MultimapBuilder$MultimapBuilderWithKeys$2
Event: 9.579 loading class com/google/common/collect/MultimapBuilder$MultimapBuilderWithKeys$2 done
Event: 9.579 loading class com/google/common/collect/MultimapBuilder$MultimapBuilderWithKeys$1
Event: 9.579 loading class com/google/common/collect/MultimapBuilder$MultimapBuilderWithKeys$1 done
Event: 9.580 loading class com/google/common/collect/MultimapBuilder$MultimapBuilderWithKeys$3
Event: 9.580 loading class com/google/common/collect/MultimapBuilder$MultimapBuilderWithKeys$3 done
Event: 9.580 loading class com/google/common/collect/MultimapBuilder$SortedSetMultimapBuilder
Event: 9.580 loading class com/google/common/collect/MultimapBuilder$SortedSetMultimapBuilder done
Event: 9.580 Executing VM operation: CollectForMetadataAllocation


Dynamic libraries:
0x00007ff7c69a0000 - 0x00007ff7c69aa000 	C:\Program Files\Android\Android Studio\jre\bin\java.exe
0x00007fffd29f0000 - 0x00007fffd2be5000 	C:\Windows\SYSTEM32\ntdll.dll
0x00007fffd1a10000 - 0x00007fffd1ace000 	C:\Windows\System32\KERNEL32.DLL
0x00007fffd0400000 - 0x00007fffd06c8000 	C:\Windows\System32\KERNELBASE.dll
0x00007fffd0790000 - 0x00007fffd0890000 	C:\Windows\System32\ucrtbase.dll
0x00007fffb0910000 - 0x00007fffb0929000 	C:\Program Files\Android\Android Studio\jre\bin\jli.dll
0x00007fffcbbc0000 - 0x00007fffcbbd7000 	C:\Program Files\Android\Android Studio\jre\bin\VCRUNTIME140.dll
0x00007fffd0a10000 - 0x00007fffd0bb1000 	C:\Windows\System32\USER32.dll
0x00007fffc2d70000 - 0x00007fffc300a000 	C:\Windows\WinSxS\amd64_microsoft.windows.common-controls_6595b64144ccf1df_6.0.19041.1110_none_60b5254171f9507e\COMCTL32.dll
0x00007fffd0890000 - 0x00007fffd08b2000 	C:\Windows\System32\win32u.dll
0x00007fffd0bc0000 - 0x00007fffd0c5e000 	C:\Windows\System32\msvcrt.dll
0x00007fffd17a0000 - 0x00007fffd17cb000 	C:\Windows\System32\GDI32.dll
0x00007fffd00e0000 - 0x00007fffd01eb000 	C:\Windows\System32\gdi32full.dll
0x00007fffd0970000 - 0x00007fffd0a0d000 	C:\Windows\System32\msvcp_win.dll
0x00007fffd2390000 - 0x00007fffd23c0000 	C:\Windows\System32\IMM32.DLL
0x00007fff9f190000 - 0x00007fff9f22d000 	C:\Program Files\Android\Android Studio\jre\bin\msvcp140.dll
0x00007fff8be00000 - 0x00007fff8c8cf000 	C:\Program Files\Android\Android Studio\jre\bin\server\jvm.dll
0x00007fffd2280000 - 0x00007fffd232c000 	C:\Windows\System32\ADVAPI32.dll
0x00007fffd0c60000 - 0x00007fffd0cfb000 	C:\Windows\System32\sechost.dll
0x00007fffd14c0000 - 0x00007fffd15ea000 	C:\Windows\System32\RPCRT4.dll
0x00007fffd17d0000 - 0x00007fffd17d8000 	C:\Windows\System32\PSAPI.DLL
0x00007fffcbb80000 - 0x00007fffcbb89000 	C:\Windows\SYSTEM32\WSOCK32.dll
0x00007fffca210000 - 0x00007fffca21a000 	C:\Windows\SYSTEM32\VERSION.dll
0x00007fffca190000 - 0x00007fffca1b7000 	C:\Windows\SYSTEM32\WINMM.dll
0x00007fffd1ad0000 - 0x00007fffd1b3b000 	C:\Windows\System32\WS2_32.dll
0x00007fffcdf20000 - 0x00007fffcdf32000 	C:\Windows\SYSTEM32\kernel.appcore.dll
0x00007fffc47f0000 - 0x00007fffc4801000 	C:\Program Files\Android\Android Studio\jre\bin\verify.dll
0x00007fffbf6b0000 - 0x00007fffbf894000 	C:\Windows\SYSTEM32\DBGHELP.DLL
0x00007fffbf420000 - 0x00007fffbf44c000 	C:\Windows\SYSTEM32\dbgcore.DLL
0x00007fffd0700000 - 0x00007fffd0783000 	C:\Windows\System32\bcryptPrimitives.dll
0x00007fffc4490000 - 0x00007fffc44b9000 	C:\Program Files\Android\Android Studio\jre\bin\java.dll
0x00007fffcbb50000 - 0x00007fffcbb5b000 	C:\Program Files\Android\Android Studio\jre\bin\jimage.dll
0x00007fffb8560000 - 0x00007fffb8578000 	C:\Program Files\Android\Android Studio\jre\bin\zip.dll
0x00007fffd1b40000 - 0x00007fffd227f000 	C:\Windows\System32\SHELL32.dll
0x00007fffce200000 - 0x00007fffce990000 	C:\Windows\SYSTEM32\windows.storage.dll
0x00007fffd2570000 - 0x00007fffd28c5000 	C:\Windows\System32\combase.dll
0x00007fffcfa60000 - 0x00007fffcfa8e000 	C:\Windows\SYSTEM32\Wldp.dll
0x00007fffd28d0000 - 0x00007fffd297d000 	C:\Windows\System32\SHCORE.dll
0x00007fffd19b0000 - 0x00007fffd1a05000 	C:\Windows\System32\shlwapi.dll
0x00007fffd0020000 - 0x00007fffd003f000 	C:\Windows\SYSTEM32\profapi.dll
0x00007fffb4f40000 - 0x00007fffb4f5a000 	C:\Program Files\Android\Android Studio\jre\bin\net.dll
0x00007fffc9a90000 - 0x00007fffc9b9c000 	C:\Windows\SYSTEM32\WINHTTP.dll
0x00007fffcf7c0000 - 0x00007fffcf82a000 	C:\Windows\system32\mswsock.dll
0x00007fffb4f20000 - 0x00007fffb4f34000 	C:\Program Files\Android\Android Studio\jre\bin\nio.dll
0x00007fffb0930000 - 0x00007fffb0957000 	C:\Users\CQ\.gradle\native\fdc75f09e3144964f2cf3f50f0aa648679c211496f362492102eb8c894070792\windows-amd64\native-platform.dll
0x00007fff84ca0000 - 0x00007fff84e36000 	C:\Users\CQ\.gradle\native\12488b8bf47d2d4c9fbf2f6322a914ad602e24e48041cd04a747c6da556b65c4\windows-amd64\native-platform-file-events.dll
0x00007fffc47e0000 - 0x00007fffc47ea000 	C:\Program Files\Android\Android Studio\jre\bin\management.dll
0x00007fffc1f80000 - 0x00007fffc1f8c000 	C:\Program Files\Android\Android Studio\jre\bin\management_ext.dll
0x00007fffcf9c0000 - 0x00007fffcf9d8000 	C:\Windows\SYSTEM32\CRYPTSP.dll
0x00007fffcf140000 - 0x00007fffcf174000 	C:\Windows\system32\rsaenh.dll
0x00007fffd06d0000 - 0x00007fffd06f7000 	C:\Windows\System32\bcrypt.dll
0x00007fffcffe0000 - 0x00007fffd000e000 	C:\Windows\SYSTEM32\USERENV.dll
0x00007fffcf9b0000 - 0x00007fffcf9bc000 	C:\Windows\SYSTEM32\CRYPTBASE.dll
0x00007fffcf4b0000 - 0x00007fffcf4eb000 	C:\Windows\SYSTEM32\IPHLPAPI.DLL
0x00007fffd0de0000 - 0x00007fffd0de8000 	C:\Windows\System32\NSI.dll
0x00007fffca970000 - 0x00007fffca987000 	C:\Windows\SYSTEM32\dhcpcsvc6.DLL
0x00007fffca950000 - 0x00007fffca96d000 	C:\Windows\SYSTEM32\dhcpcsvc.DLL
0x00007fffcf4f0000 - 0x00007fffcf5bb000 	C:\Windows\SYSTEM32\DNSAPI.dll
0x00007fffcabc0000 - 0x00007fffcabcb000 	C:\Windows\SYSTEM32\WINNSI.DLL

dbghelp: loaded successfully - version: 4.0.5 - missing functions: none
symbol engine: initialized successfully - sym options: 0x614 - pdb path: .;C:\Program Files\Android\Android Studio\jre\bin;C:\Windows\SYSTEM32;C:\Windows\WinSxS\amd64_microsoft.windows.common-controls_6595b64144ccf1df_6.0.19041.1110_none_60b5254171f9507e;C:\Program Files\Android\Android Studio\jre\bin\server;C:\Users\CQ\.gradle\native\fdc75f09e3144964f2cf3f50f0aa648679c211496f362492102eb8c894070792\windows-amd64;C:\Users\CQ\.gradle\native\12488b8bf47d2d4c9fbf2f6322a914ad602e24e48041cd04a747c6da556b65c4\windows-amd64

VM Arguments:
jvm_args: --add-opens=java.base/java.util=ALL-UNNAMED --add-opens=java.base/java.lang=ALL-UNNAMED --add-opens=java.base/java.lang.invoke=ALL-UNNAMED --add-opens=java.prefs/java.util.prefs=ALL-UNNAMED -Xmx2048m -Dfile.encoding=UTF-8 -Duser.country=CO -Duser.language=es -Duser.variant 
java_command: org.gradle.launcher.daemon.bootstrap.GradleDaemon 6.7.1
java_class_path (initial): C:\Users\CQ\.gradle\wrapper\dists\gradle-6.7.1-bin\bwlcbys1h7rz3272sye1xwiv6\gradle-6.7.1\lib\gradle-launcher-6.7.1.jar
Launcher Type: SUN_STANDARD

[Global flags]
     intx CICompilerCount                          = 3                                         {product} {ergonomic}
     uint ConcGCThreads                            = 1                                         {product} {ergonomic}
     uint G1ConcRefinementThreads                  = 4                                         {product} {ergonomic}
   size_t G1HeapRegionSize                         = 1048576                                   {product} {ergonomic}
    uintx GCDrainStackTargetSize                   = 64                                        {product} {ergonomic}
   size_t InitialHeapSize                          = 201326592                                 {product} {ergonomic}
   size_t MarkStackSize                            = 4194304                                   {product} {ergonomic}
   size_t MaxHeapSize                              = 2147483648                                {product} {command line}
   size_t MaxNewSize                               = 1287651328                                {product} {ergonomic}
   size_t MinHeapDeltaBytes                        = 1048576                                   {product} {ergonomic}
    uintx NonNMethodCodeHeapSize                   = 5830732                                {pd product} {ergonomic}
    uintx NonProfiledCodeHeapSize                  = 122913754                              {pd product} {ergonomic}
    uintx ProfiledCodeHeapSize                     = 122913754                              {pd product} {ergonomic}
    uintx ReservedCodeCacheSize                    = 251658240                              {pd product} {ergonomic}
     bool SegmentedCodeCache                       = true                                      {product} {ergonomic}
     bool UseCompressedClassPointers               = true                                 {lp64_product} {ergonomic}
     bool UseCompressedOops                        = true                                 {lp64_product} {ergonomic}
     bool UseG1GC                                  = true                                      {product} {ergonomic}
     bool UseLargePagesIndividualAllocation        = false                                  {pd product} {ergonomic}

Logging:
Log output configuration:
 #0: stdout all=warning uptime,level,tags
 #1: stderr all=off uptime,level,tags

Environment Variables:
PATH=C:\Program Files (x86)\NVIDIA Corporation\PhysX\Common;c:\program files\microsoft mpi\bin\;c:\program files\common files\oracle\java\javapath;c:\program files (x86)\common files\oracle\java\javapath;c:\windows\system32;c:\windows;c:\windows\system32\wbem;c:\windows\system32\windowspowershell\v1.0\;c:\windows\system32\openssh\;c:\program files\dotnet\;c:\program files (x86)\microsoft sql server\150\tools\binn\;c:\program files\microsoft sql server\150\tools\binn\;c:\program files (x86)\microsoft sql server\150\dts\binn\;c:\program files\microsoft sql server\150\dts\binn\;c:\program files\microsoft sql server\client sdk\odbc\170\tools\binn\;c:\program files\azure data studio\bin;c:\program files\git\cmd;c:\program files\nvidia corporation\nvidia nvdlisr;C:\Users\CQ\AppData\Local\Microsoft\WindowsApps;C:\Users\CQ\AppData\Local\Programs\Microsoft VS Code\bin;C:\Users\CQ\.dotnet\tools;C:\Program Files\Azure Data Studio\bin;C:\Users\CQ\AppData\Local\GitHubDesktop\bin
USERNAME=CQ
OS=Windows_NT
PROCESSOR_IDENTIFIER=Intel64 Family 6 Model 58 Stepping 9, GenuineIntel



---------------  S Y S T E M  ---------------

OS: Windows 10 , 64 bit Build 19041 (10.0.19041.1348)
OS uptime: 0 days 7:08 hours

CPU:total 4 (initial active 4) (4 cores per cpu, 1 threads per core) family 6 model 58 stepping 9 microcode 0x21, cmov, cx8, fxsr, mmx, sse, sse2, sse3, ssse3, sse4.1, sse4.2, popcnt, avx, aes, clmul, erms, tsc, tscinvbit, tscinv

Memory: 4k page, system-wide physical 12162M (1905M free)
TotalPageFile size 24450M (AvailPageFile size 11107M)
current process WorkingSet (physical memory assigned to process): 431M, peak: 436M
current process commit charge ("private bytes"): 485M, peak: 494M

vm_info: OpenJDK 64-Bit Server VM (11.0.10+0-b96-7249189) for windows-amd64 JRE (11.0.10+0-b96-7249189), built on Mar 31 2021 21:44:00 by "builder" with MS VC++ 14.0 (VS2015)

END.
